2025-06-06 17:05:10 [ERROR] ❌ Error en read_fast_data: 'HighSpeedOBDDashboard' object has no attribute '_mode'
2025-06-06 17:05:10 [ERROR] ❌ Error en read_fast_data: 'HighSpeedOBDDashboard' object has no attribute '_mode'
2025-06-06 17:05:10 [ERROR] ❌ Error en read_fast_data: 'HighSpeedOBDDashboard' object has no attribute '_mode'
2025-06-06 17:05:10 [ERROR] ❌ Error en read_fast_data: 'HighSpeedOBDDashboard' object has no attribute '_mode'
2025-06-06 17:05:10 [ERROR] ❌ Error en read_fast_data: 'HighSpeedOBDDashboard' object has no attribute '_mode'
2025-06-06 17:05:11 [ERROR] ❌ Error en read_fast_data: 'HighSpeedOBDDashboard' object has no attribute '_mode'
2025-06-06 17:05:11 [ERROR] ❌ Error en read_fast_data: 'HighSpeedOBDDashboard' object has no attribute '_mode'
2025-06-06 17:05:11 [ERROR] ❌ Error en read_fast_data: 'HighSpeedOBDDashboard' object has no attribute '_mode'
2025-06-06 17:05:11 [ERROR] ❌ Error en read_fast_data: 'HighSpeedOBDDashboard' object has no attribute '_mode'
2025-06-06 17:05:11 [ERROR] ❌ Error en read_slow_data: 'HighSpeedOBDDashboard' object has no attribute '_mode'
2025-06-06 17:05:11 [ERROR] ❌ Error en read_fast_data: 'HighSpeedOBDDashboard' object has no attribute '_mode'
2025-06-06 17:05:12 [ERROR] ❌ Error en read_fast_data: 'HighSpeedOBDDashboard' object has no attribute '_mode'
2025-06-06 17:05:12 [ERROR] ❌ Error en read_fast_data: 'HighSpeedOBDDashboard' object has no attribute '_mode'
2025-06-06 17:05:12 [ERROR] ❌ Error en read_fast_data: 'HighSpeedOBDDashboard' object has no attribute '_mode'
2025-06-06 17:05:12 [ERROR] ❌ Error en read_fast_data: 'HighSpeedOBDDashboard' object has no attribute '_mode'
2025-06-06 17:05:13 [ERROR] ❌ Error en read_fast_data: 'HighSpeedOBDDashboard' object has no attribute '_mode'
2025-06-06 17:05:13 [ERROR] ❌ Error en read_fast_data: 'HighSpeedOBDDashboard' object has no attribute '_mode'
2025-06-06 17:05:13 [ERROR] ❌ Error en read_fast_data: 'HighSpeedOBDDashboard' object has no attribute '_mode'
2025-06-06 17:05:13 [ERROR] ❌ Error en read_fast_data: 'HighSpeedOBDDashboard' object has no attribute '_mode'
2025-06-06 17:05:13 [ERROR] ❌ Error en read_fast_data: 'HighSpeedOBDDashboard' object has no attribute '_mode'
2025-06-06 17:05:13 [ERROR] ❌ Error en read_slow_data: 'HighSpeedOBDDashboard' object has no attribute '_mode'
2025-06-06 17:05:14 [ERROR] ❌ Error en read_fast_data: 'HighSpeedOBDDashboard' object has no attribute '_mode'
2025-06-06 17:05:14 [ERROR] ❌ Error en read_fast_data: 'HighSpeedOBDDashboard' object has no attribute '_mode'
2025-06-06 17:05:14 [ERROR] ❌ Error en read_fast_data: 'HighSpeedOBDDashboard' object has no attribute '_mode'
2025-06-06 17:05:14 [ERROR] ❌ Error en read_fast_data: 'HighSpeedOBDDashboard' object has no attribute '_mode'
2025-06-06 17:05:14 [ERROR] ❌ Error en read_fast_data: 'HighSpeedOBDDashboard' object has no attribute '_mode'
2025-06-06 17:05:15 [ERROR] ❌ Error en read_fast_data: 'HighSpeedOBDDashboard' object has no attribute '_mode'
2025-06-06 17:05:15 [ERROR] ❌ Error en read_fast_data: 'HighSpeedOBDDashboard' object has no attribute '_mode'
2025-06-06 17:05:15 [ERROR] ❌ Error en read_fast_data: 'HighSpeedOBDDashboard' object has no attribute '_mode'
2025-06-06 17:05:15 [ERROR] ❌ Error en read_fast_data: 'HighSpeedOBDDashboard' object has no attribute '_mode'
2025-06-06 17:05:15 [ERROR] ❌ Error en read_fast_data: 'HighSpeedOBDDashboard' object has no attribute '_mode'
2025-06-06 17:05:15 [ERROR] ❌ Error en read_slow_data: 'HighSpeedOBDDashboard' object has no attribute '_mode'
2025-06-06 17:05:16 [ERROR] ❌ Error en read_fast_data: 'HighSpeedOBDDashboard' object has no attribute '_mode'
2025-06-06 17:05:16 [ERROR] ❌ Error en read_fast_data: 'HighSpeedOBDDashboard' object has no attribute '_mode'
2025-06-06 17:05:16 [ERROR] ❌ Error en read_fast_data: 'HighSpeedOBDDashboard' object has no attribute '_mode'
2025-06-06 17:05:16 [ERROR] ❌ Error en read_fast_data: 'HighSpeedOBDDashboard' object has no attribute '_mode'
2025-06-06 17:05:16 [ERROR] ❌ Error en read_fast_data: 'HighSpeedOBDDashboard' object has no attribute '_mode'
2025-06-06 17:05:17 [ERROR] ❌ Error en read_fast_data: 'HighSpeedOBDDashboard' object has no attribute '_mode'
2025-06-06 17:05:17 [ERROR] ❌ Error en read_fast_data: 'HighSpeedOBDDashboard' object has no attribute '_mode'
2025-06-06 17:05:17 [ERROR] ❌ Error en read_fast_data: 'HighSpeedOBDDashboard' object has no attribute '_mode'
2025-06-06 17:05:17 [ERROR] ❌ Error en read_fast_data: 'HighSpeedOBDDashboard' object has no attribute '_mode'
2025-06-06 17:05:17 [ERROR] ❌ Error en read_fast_data: 'HighSpeedOBDDashboard' object has no attribute '_mode'
2025-06-06 17:05:17 [ERROR] ❌ Error en read_slow_data: 'HighSpeedOBDDashboard' object has no attribute '_mode'
2025-06-06 17:05:18 [ERROR] ❌ Error en read_fast_data: 'HighSpeedOBDDashboard' object has no attribute '_mode'
2025-06-06 17:05:18 [ERROR] ❌ Error en read_fast_data: 'HighSpeedOBDDashboard' object has no attribute '_mode'
2025-06-06 17:05:18 [ERROR] ❌ Error en read_fast_data: 'HighSpeedOBDDashboard' object has no attribute '_mode'
2025-06-06 17:05:18 [ERROR] ❌ Error en read_fast_data: 'HighSpeedOBDDashboard' object has no attribute '_mode'
2025-06-06 17:05:18 [ERROR] ❌ Error en read_fast_data: 'HighSpeedOBDDashboard' object has no attribute '_mode'
2025-06-06 17:05:19 [ERROR] ❌ Error en read_fast_data: 'HighSpeedOBDDashboard' object has no attribute '_mode'
2025-06-06 17:05:19 [ERROR] ❌ Error en read_fast_data: 'HighSpeedOBDDashboard' object has no attribute '_mode'
2025-06-06 17:05:19 [ERROR] ❌ Error en read_fast_data: 'HighSpeedOBDDashboard' object has no attribute '_mode'
2025-06-06 17:05:19 [ERROR] ❌ Error en read_fast_data: 'HighSpeedOBDDashboard' object has no attribute '_mode'
2025-06-06 17:05:21 [ERROR] ❌ Error en read_fast_data: 'HighSpeedOBDDashboard' object has no attribute '_mode'
2025-06-06 17:05:22 [ERROR] ❌ Error en read_fast_data: 'HighSpeedOBDDashboard' object has no attribute '_mode'
2025-06-06 17:05:22 [ERROR] ❌ Error en read_fast_data: 'HighSpeedOBDDashboard' object has no attribute '_mode'
2025-06-06 17:05:23 [ERROR] ❌ Error en read_slow_data: 'HighSpeedOBDDashboard' object has no attribute '_mode'
2025-06-06 17:05:23 [ERROR] ❌ Error en read_fast_data: 'HighSpeedOBDDashboard' object has no attribute '_mode'
2025-06-06 17:05:23 [ERROR] ❌ Error en read_fast_data: 'HighSpeedOBDDashboard' object has no attribute '_mode'
2025-06-06 17:05:24 [ERROR] ❌ Error en read_fast_data: 'HighSpeedOBDDashboard' object has no attribute '_mode'
2025-06-06 17:05:24 [ERROR] ❌ Error en read_fast_data: 'HighSpeedOBDDashboard' object has no attribute '_mode'
2025-06-06 17:05:25 [ERROR] ❌ Error en read_slow_data: 'HighSpeedOBDDashboard' object has no attribute '_mode'
2025-06-06 17:05:25 [ERROR] ❌ Error en read_fast_data: 'HighSpeedOBDDashboard' object has no attribute '_mode'
2025-06-06 17:05:25 [ERROR] ❌ Error en read_fast_data: 'HighSpeedOBDDashboard' object has no attribute '_mode'
2025-06-06 17:05:26 [ERROR] ❌ Error en read_fast_data: 'HighSpeedOBDDashboard' object has no attribute '_mode'
2025-06-06 17:05:26 [ERROR] ❌ Error en read_fast_data: 'HighSpeedOBDDashboard' object has no attribute '_mode'
2025-06-06 17:05:27 [ERROR] ❌ Error en read_slow_data: 'HighSpeedOBDDashboard' object has no attribute '_mode'
2025-06-06 17:05:27 [ERROR] ❌ Error en read_fast_data: 'HighSpeedOBDDashboard' object has no attribute '_mode'
2025-06-06 17:05:36 [ERROR] ❌ Error en read_fast_data: 'HighSpeedOBDDashboard' object has no attribute '_mode'
2025-06-06 17:05:36 [ERROR] ❌ Error en read_fast_data: 'HighSpeedOBDDashboard' object has no attribute '_mode'
2025-06-06 17:05:36 [ERROR] ❌ Error en read_fast_data: 'HighSpeedOBDDashboard' object has no attribute '_mode'
2025-06-06 17:05:36 [ERROR] ❌ Error en read_fast_data: 'HighSpeedOBDDashboard' object has no attribute '_mode'
2025-06-06 17:05:36 [ERROR] ❌ Error en read_fast_data: 'HighSpeedOBDDashboard' object has no attribute '_mode'
2025-06-06 17:05:37 [ERROR] ❌ Error en read_fast_data: 'HighSpeedOBDDashboard' object has no attribute '_mode'
2025-06-06 17:05:37 [ERROR] ❌ Error en read_fast_data: 'HighSpeedOBDDashboard' object has no attribute '_mode'
2025-06-06 17:05:37 [ERROR] ❌ Error en read_fast_data: 'HighSpeedOBDDashboard' object has no attribute '_mode'
2025-06-06 17:05:37 [ERROR] ❌ Error en read_fast_data: 'HighSpeedOBDDashboard' object has no attribute '_mode'
2025-06-06 17:05:37 [ERROR] ❌ Error en read_slow_data: 'HighSpeedOBDDashboard' object has no attribute '_mode'
2025-06-06 17:05:37 [ERROR] ❌ Error en read_fast_data: 'HighSpeedOBDDashboard' object has no attribute '_mode'
2025-06-06 17:05:38 [ERROR] ❌ Error en read_fast_data: 'HighSpeedOBDDashboard' object has no attribute '_mode'
2025-06-06 17:05:38 [ERROR] ❌ Error en read_fast_data: 'HighSpeedOBDDashboard' object has no attribute '_mode'
2025-06-06 17:05:38 [ERROR] ❌ Error en read_fast_data: 'HighSpeedOBDDashboard' object has no attribute '_mode'
2025-06-06 17:05:38 [ERROR] ❌ Error en read_fast_data: 'HighSpeedOBDDashboard' object has no attribute '_mode'
2025-06-06 17:05:38 [ERROR] ❌ Error en read_fast_data: 'HighSpeedOBDDashboard' object has no attribute '_mode'
2025-06-06 17:05:39 [ERROR] ❌ Error en read_fast_data: 'HighSpeedOBDDashboard' object has no attribute '_mode'
2025-06-06 17:05:39 [ERROR] ❌ Error en read_fast_data: 'HighSpeedOBDDashboard' object has no attribute '_mode'
2025-06-06 17:05:39 [ERROR] ❌ Error en read_fast_data: 'HighSpeedOBDDashboard' object has no attribute '_mode'
2025-06-06 17:05:39 [ERROR] ❌ Error en read_fast_data: 'HighSpeedOBDDashboard' object has no attribute '_mode'
2025-06-06 17:05:39 [ERROR] ❌ Error en read_slow_data: 'HighSpeedOBDDashboard' object has no attribute '_mode'
2025-06-06 17:05:39 [ERROR] ❌ Error en read_fast_data: 'HighSpeedOBDDashboard' object has no attribute '_mode'
2025-06-06 17:05:40 [ERROR] ❌ Error en read_fast_data: 'HighSpeedOBDDashboard' object has no attribute '_mode'
2025-06-06 17:05:40 [ERROR] ❌ Error en read_fast_data: 'HighSpeedOBDDashboard' object has no attribute '_mode'
2025-06-06 17:05:40 [ERROR] ❌ Error en read_fast_data: 'HighSpeedOBDDashboard' object has no attribute '_mode'
2025-06-06 17:05:40 [ERROR] ❌ Error en read_fast_data: 'HighSpeedOBDDashboard' object has no attribute '_mode'
2025-06-06 17:05:40 [ERROR] ❌ Error en read_fast_data: 'HighSpeedOBDDashboard' object has no attribute '_mode'
2025-06-06 17:05:41 [ERROR] ❌ Error en read_fast_data: 'HighSpeedOBDDashboard' object has no attribute '_mode'
2025-06-06 17:05:41 [ERROR] ❌ Error en read_fast_data: 'HighSpeedOBDDashboard' object has no attribute '_mode'
2025-06-06 17:05:41 [ERROR] ❌ Error en read_fast_data: 'HighSpeedOBDDashboard' object has no attribute '_mode'
2025-06-06 17:05:41 [ERROR] ❌ Error en read_fast_data: 'HighSpeedOBDDashboard' object has no attribute '_mode'
2025-06-06 17:05:41 [ERROR] ❌ Error en read_slow_data: 'HighSpeedOBDDashboard' object has no attribute '_mode'
2025-06-06 17:05:42 [ERROR] ❌ Error en read_fast_data: 'HighSpeedOBDDashboard' object has no attribute '_mode'
2025-06-06 17:05:42 [ERROR] ❌ Error en read_fast_data: 'HighSpeedOBDDashboard' object has no attribute '_mode'
2025-06-06 17:05:42 [ERROR] ❌ Error en read_fast_data: 'HighSpeedOBDDashboard' object has no attribute '_mode'
2025-06-06 17:05:42 [ERROR] ❌ Error en read_fast_data: 'HighSpeedOBDDashboard' object has no attribute '_mode'
2025-06-06 17:05:42 [ERROR] ❌ Error en read_fast_data: 'HighSpeedOBDDashboard' object has no attribute '_mode'
2025-06-06 17:05:43 [ERROR] ❌ Error en read_fast_data: 'HighSpeedOBDDashboard' object has no attribute '_mode'
2025-06-06 17:05:43 [ERROR] ❌ Error en read_fast_data: 'HighSpeedOBDDashboard' object has no attribute '_mode'
2025-06-06 17:05:43 [ERROR] ❌ Error en read_fast_data: 'HighSpeedOBDDashboard' object has no attribute '_mode'
2025-06-06 17:05:43 [ERROR] ❌ Error en read_fast_data: 'HighSpeedOBDDashboard' object has no attribute '_mode'
2025-06-06 17:05:43 [ERROR] ❌ Error en read_fast_data: 'HighSpeedOBDDashboard' object has no attribute '_mode'
2025-06-06 17:05:43 [ERROR] ❌ Error en read_slow_data: 'HighSpeedOBDDashboard' object has no attribute '_mode'
2025-06-06 17:05:44 [ERROR] ❌ Error en read_fast_data: 'HighSpeedOBDDashboard' object has no attribute '_mode'
2025-06-06 17:05:44 [ERROR] ❌ Error en read_fast_data: 'HighSpeedOBDDashboard' object has no attribute '_mode'
2025-06-06 17:05:44 [ERROR] ❌ Error en read_fast_data: 'HighSpeedOBDDashboard' object has no attribute '_mode'
2025-06-06 17:05:44 [ERROR] ❌ Error en read_fast_data: 'HighSpeedOBDDashboard' object has no attribute '_mode'
2025-06-06 17:05:44 [ERROR] ❌ Error en read_fast_data: 'HighSpeedOBDDashboard' object has no attribute '_mode'
2025-06-06 17:05:45 [ERROR] ❌ Error en read_fast_data: 'HighSpeedOBDDashboard' object has no attribute '_mode'
2025-06-06 17:05:45 [ERROR] ❌ Error en read_fast_data: 'HighSpeedOBDDashboard' object has no attribute '_mode'
2025-06-06 17:05:45 [ERROR] ❌ Error en read_fast_data: 'HighSpeedOBDDashboard' object has no attribute '_mode'
2025-06-06 17:05:45 [ERROR] ❌ Error en read_fast_data: 'HighSpeedOBDDashboard' object has no attribute '_mode'
2025-06-06 17:05:45 [ERROR] ❌ Error en read_fast_data: 'HighSpeedOBDDashboard' object has no attribute '_mode'
2025-06-06 17:05:45 [ERROR] ❌ Error en read_slow_data: 'HighSpeedOBDDashboard' object has no attribute '_mode'
2025-06-06 17:05:46 [ERROR] ❌ Error en read_fast_data: 'HighSpeedOBDDashboard' object has no attribute '_mode'
2025-06-06 17:05:46 [ERROR] ❌ Error en read_fast_data: 'HighSpeedOBDDashboard' object has no attribute '_mode'
2025-06-06 17:05:46 [ERROR] ❌ Error en read_fast_data: 'HighSpeedOBDDashboard' object has no attribute '_mode'
2025-06-06 17:05:46 [ERROR] ❌ Error en read_fast_data: 'HighSpeedOBDDashboard' object has no attribute '_mode'
2025-06-06 17:05:46 [ERROR] ❌ Error en read_fast_data: 'HighSpeedOBDDashboard' object has no attribute '_mode'
2025-06-06 17:05:47 [ERROR] ❌ Error en read_fast_data: 'HighSpeedOBDDashboard' object has no attribute '_mode'
2025-06-06 17:05:47 [ERROR] ❌ Error en read_fast_data: 'HighSpeedOBDDashboard' object has no attribute '_mode'
2025-06-06 17:05:47 [ERROR] ❌ Error en read_fast_data: 'HighSpeedOBDDashboard' object has no attribute '_mode'
2025-06-06 17:05:47 [ERROR] ❌ Error en read_fast_data: 'HighSpeedOBDDashboard' object has no attribute '_mode'
2025-06-06 17:05:47 [ERROR] ❌ Error en read_fast_data: 'HighSpeedOBDDashboard' object has no attribute '_mode'
2025-06-06 17:05:47 [ERROR] ❌ Error en read_slow_data: 'HighSpeedOBDDashboard' object has no attribute '_mode'
2025-06-06 17:05:48 [ERROR] ❌ Error en read_fast_data: 'HighSpeedOBDDashboard' object has no attribute '_mode'
2025-06-06 17:05:48 [ERROR] ❌ Error en read_fast_data: 'HighSpeedOBDDashboard' object has no attribute '_mode'
2025-06-06 17:05:48 [ERROR] ❌ Error en read_fast_data: 'HighSpeedOBDDashboard' object has no attribute '_mode'
2025-06-06 17:05:48 [ERROR] ❌ Error en read_fast_data: 'HighSpeedOBDDashboard' object has no attribute '_mode'
2025-06-06 17:05:48 [ERROR] ❌ Error en read_fast_data: 'HighSpeedOBDDashboard' object has no attribute '_mode'
2025-06-06 17:05:49 [ERROR] ❌ Error en read_fast_data: 'HighSpeedOBDDashboard' object has no attribute '_mode'
2025-06-06 17:05:49 [ERROR] ❌ Error en read_fast_data: 'HighSpeedOBDDashboard' object has no attribute '_mode'
2025-06-06 17:05:49 [ERROR] ❌ Error en read_fast_data: 'HighSpeedOBDDashboard' object has no attribute '_mode'
2025-06-06 17:05:49 [ERROR] ❌ Error en read_fast_data: 'HighSpeedOBDDashboard' object has no attribute '_mode'
2025-06-06 17:05:49 [ERROR] ❌ Error en read_slow_data: 'HighSpeedOBDDashboard' object has no attribute '_mode'
2025-06-06 17:05:49 [ERROR] ❌ Error en read_fast_data: 'HighSpeedOBDDashboard' object has no attribute '_mode'
2025-06-06 17:05:50 [ERROR] ❌ Error en read_fast_data: 'HighSpeedOBDDashboard' object has no attribute '_mode'
2025-06-06 17:05:50 [ERROR] ❌ Error en read_fast_data: 'HighSpeedOBDDashboard' object has no attribute '_mode'
2025-06-06 17:05:50 [ERROR] ❌ Error en read_fast_data: 'HighSpeedOBDDashboard' object has no attribute '_mode'
2025-06-06 17:05:50 [ERROR] ❌ Error en read_fast_data: 'HighSpeedOBDDashboard' object has no attribute '_mode'
2025-06-06 17:05:50 [ERROR] ❌ Error en read_fast_data: 'HighSpeedOBDDashboard' object has no attribute '_mode'
2025-06-06 17:05:51 [ERROR] ❌ Error en read_fast_data: 'HighSpeedOBDDashboard' object has no attribute '_mode'
2025-06-06 17:05:51 [ERROR] ❌ Error en read_fast_data: 'HighSpeedOBDDashboard' object has no attribute '_mode'
2025-06-06 17:05:51 [ERROR] ❌ Error en read_fast_data: 'HighSpeedOBDDashboard' object has no attribute '_mode'
2025-06-06 17:05:51 [ERROR] ❌ Error en read_fast_data: 'HighSpeedOBDDashboard' object has no attribute '_mode'
2025-06-06 17:05:51 [ERROR] ❌ Error en read_slow_data: 'HighSpeedOBDDashboard' object has no attribute '_mode'
2025-06-06 17:05:51 [ERROR] ❌ Error en read_fast_data: 'HighSpeedOBDDashboard' object has no attribute '_mode'
2025-06-06 17:05:52 [ERROR] ❌ Error en read_fast_data: 'HighSpeedOBDDashboard' object has no attribute '_mode'
2025-06-06 17:05:52 [ERROR] ❌ Error en read_fast_data: 'HighSpeedOBDDashboard' object has no attribute '_mode'
2025-06-06 17:05:52 [ERROR] ❌ Error en read_fast_data: 'HighSpeedOBDDashboard' object has no attribute '_mode'
2025-06-06 17:05:52 [ERROR] ❌ Error en read_fast_data: 'HighSpeedOBDDashboard' object has no attribute '_mode'
2025-06-06 17:05:52 [ERROR] ❌ Error en read_fast_data: 'HighSpeedOBDDashboard' object has no attribute '_mode'
2025-06-06 17:05:53 [ERROR] ❌ Error en read_fast_data: 'HighSpeedOBDDashboard' object has no attribute '_mode'
2025-06-06 17:05:53 [ERROR] ❌ Error en read_fast_data: 'HighSpeedOBDDashboard' object has no attribute '_mode'
2025-06-06 17:05:53 [ERROR] ❌ Error en read_fast_data: 'HighSpeedOBDDashboard' object has no attribute '_mode'
2025-06-06 17:05:53 [ERROR] ❌ Error en read_fast_data: 'HighSpeedOBDDashboard' object has no attribute '_mode'
2025-06-06 17:05:53 [ERROR] ❌ Error en read_slow_data: 'HighSpeedOBDDashboard' object has no attribute '_mode'
2025-06-06 17:05:53 [ERROR] ❌ Error en read_fast_data: 'HighSpeedOBDDashboard' object has no attribute '_mode'
2025-06-06 17:05:54 [ERROR] ❌ Error en read_fast_data: 'HighSpeedOBDDashboard' object has no attribute '_mode'
2025-06-06 17:05:54 [ERROR] ❌ Error en read_fast_data: 'HighSpeedOBDDashboard' object has no attribute '_mode'
2025-06-06 17:05:54 [ERROR] ❌ Error en read_fast_data: 'HighSpeedOBDDashboard' object has no attribute '_mode'
2025-06-06 17:05:54 [ERROR] ❌ Error en read_fast_data: 'HighSpeedOBDDashboard' object has no attribute '_mode'
2025-06-06 17:05:55 [ERROR] ❌ Error en read_fast_data: 'HighSpeedOBDDashboard' object has no attribute '_mode'
2025-06-06 17:05:55 [ERROR] ❌ Error en read_fast_data: 'HighSpeedOBDDashboard' object has no attribute '_mode'
2025-06-06 17:05:59 [ERROR] ❌ Error en read_fast_data: 'HighSpeedOBDDashboard' object has no attribute '_mode'
2025-06-06 17:05:59 [ERROR] ❌ Error en read_fast_data: 'HighSpeedOBDDashboard' object has no attribute '_mode'
2025-06-06 17:05:59 [ERROR] ❌ Error en read_fast_data: 'HighSpeedOBDDashboard' object has no attribute '_mode'
2025-06-06 17:05:59 [ERROR] ❌ Error en read_fast_data: 'HighSpeedOBDDashboard' object has no attribute '_mode'
2025-06-06 17:05:59 [ERROR] ❌ Error en read_fast_data: 'HighSpeedOBDDashboard' object has no attribute '_mode'
2025-06-06 17:06:00 [ERROR] ❌ Error en read_fast_data: 'HighSpeedOBDDashboard' object has no attribute '_mode'
2025-06-06 17:06:00 [ERROR] ❌ Error en read_fast_data: 'HighSpeedOBDDashboard' object has no attribute '_mode'
2025-06-06 17:06:00 [ERROR] ❌ Error en read_fast_data: 'HighSpeedOBDDashboard' object has no attribute '_mode'
2025-06-06 17:06:00 [ERROR] ❌ Error en read_fast_data: 'HighSpeedOBDDashboard' object has no attribute '_mode'
2025-06-06 17:06:00 [ERROR] ❌ Error en read_slow_data: 'HighSpeedOBDDashboard' object has no attribute '_mode'
2025-06-06 17:06:01 [ERROR] ❌ Error en read_fast_data: 'HighSpeedOBDDashboard' object has no attribute '_mode'
2025-06-06 17:06:01 [ERROR] ❌ Error en read_fast_data: 'HighSpeedOBDDashboard' object has no attribute '_mode'
2025-06-06 17:06:01 [ERROR] ❌ Error en read_fast_data: 'HighSpeedOBDDashboard' object has no attribute '_mode'
2025-06-06 17:06:01 [ERROR] ❌ Error en read_fast_data: 'HighSpeedOBDDashboard' object has no attribute '_mode'
2025-06-06 17:06:01 [ERROR] ❌ Error en read_fast_data: 'HighSpeedOBDDashboard' object has no attribute '_mode'
2025-06-06 17:06:02 [ERROR] ❌ Error en read_fast_data: 'HighSpeedOBDDashboard' object has no attribute '_mode'
2025-06-06 17:06:02 [ERROR] ❌ Error en read_fast_data: 'HighSpeedOBDDashboard' object has no attribute '_mode'
2025-06-06 17:06:02 [ERROR] ❌ Error en read_fast_data: 'HighSpeedOBDDashboard' object has no attribute '_mode'
2025-06-06 17:06:02 [ERROR] ❌ Error en read_fast_data: 'HighSpeedOBDDashboard' object has no attribute '_mode'
2025-06-06 17:06:02 [ERROR] ❌ Error en read_fast_data: 'HighSpeedOBDDashboard' object has no attribute '_mode'
2025-06-06 17:06:02 [ERROR] ❌ Error en read_slow_data: 'HighSpeedOBDDashboard' object has no attribute '_mode'
2025-06-06 17:06:03 [ERROR] ❌ Error en read_fast_data: 'HighSpeedOBDDashboard' object has no attribute '_mode'
2025-06-06 17:06:03 [ERROR] ❌ Error en read_fast_data: 'HighSpeedOBDDashboard' object has no attribute '_mode'
2025-06-06 17:06:03 [ERROR] ❌ Error en read_fast_data: 'HighSpeedOBDDashboard' object has no attribute '_mode'
2025-06-06 17:06:03 [ERROR] ❌ Error en read_fast_data: 'HighSpeedOBDDashboard' object has no attribute '_mode'
2025-06-06 17:06:03 [ERROR] ❌ Error en read_fast_data: 'HighSpeedOBDDashboard' object has no attribute '_mode'
2025-06-06 17:06:04 [ERROR] ❌ Error en read_fast_data: 'HighSpeedOBDDashboard' object has no attribute '_mode'
2025-06-06 17:06:04 [ERROR] ❌ Error en read_fast_data: 'HighSpeedOBDDashboard' object has no attribute '_mode'
2025-06-06 17:06:04 [ERROR] ❌ Error en read_fast_data: 'HighSpeedOBDDashboard' object has no attribute '_mode'
2025-06-06 17:06:04 [ERROR] ❌ Error en read_fast_data: 'HighSpeedOBDDashboard' object has no attribute '_mode'
2025-06-06 17:06:04 [ERROR] ❌ Error en read_fast_data: 'HighSpeedOBDDashboard' object has no attribute '_mode'
2025-06-06 17:06:04 [ERROR] ❌ Error en read_slow_data: 'HighSpeedOBDDashboard' object has no attribute '_mode'
2025-06-06 17:06:05 [ERROR] ❌ Error en read_fast_data: 'HighSpeedOBDDashboard' object has no attribute '_mode'
2025-06-06 17:06:05 [ERROR] ❌ Error en read_fast_data: 'HighSpeedOBDDashboard' object has no attribute '_mode'
2025-06-06 17:06:05 [ERROR] ❌ Error en read_fast_data: 'HighSpeedOBDDashboard' object has no attribute '_mode'
2025-06-06 17:06:05 [ERROR] ❌ Error en read_fast_data: 'HighSpeedOBDDashboard' object has no attribute '_mode'
2025-06-06 17:06:05 [ERROR] ❌ Error en read_fast_data: 'HighSpeedOBDDashboard' object has no attribute '_mode'
2025-06-06 17:06:06 [ERROR] ❌ Error en read_fast_data: 'HighSpeedOBDDashboard' object has no attribute '_mode'
2025-06-06 17:06:06 [ERROR] ❌ Error en read_fast_data: 'HighSpeedOBDDashboard' object has no attribute '_mode'
2025-06-06 17:06:06 [ERROR] ❌ Error en read_fast_data: 'HighSpeedOBDDashboard' object has no attribute '_mode'
2025-06-06 17:06:06 [ERROR] ❌ Error en read_fast_data: 'HighSpeedOBDDashboard' object has no attribute '_mode'
2025-06-06 17:06:06 [ERROR] ❌ Error en read_fast_data: 'HighSpeedOBDDashboard' object has no attribute '_mode'
2025-06-06 17:06:06 [ERROR] ❌ Error en read_slow_data: 'HighSpeedOBDDashboard' object has no attribute '_mode'
2025-06-06 17:06:07 [ERROR] ❌ Error en read_fast_data: 'HighSpeedOBDDashboard' object has no attribute '_mode'
2025-06-06 17:06:07 [ERROR] ❌ Error en read_fast_data: 'HighSpeedOBDDashboard' object has no attribute '_mode'
2025-06-06 17:06:07 [ERROR] ❌ Error en read_fast_data: 'HighSpeedOBDDashboard' object has no attribute '_mode'
2025-06-06 17:06:07 [ERROR] ❌ Error en read_fast_data: 'HighSpeedOBDDashboard' object has no attribute '_mode'
2025-06-06 17:06:07 [ERROR] ❌ Error en read_fast_data: 'HighSpeedOBDDashboard' object has no attribute '_mode'
2025-06-06 17:06:08 [ERROR] ❌ Error en read_fast_data: 'HighSpeedOBDDashboard' object has no attribute '_mode'
2025-06-06 17:06:08 [ERROR] ❌ Error en read_fast_data: 'HighSpeedOBDDashboard' object has no attribute '_mode'
2025-06-06 17:06:08 [ERROR] ❌ Error en read_fast_data: 'HighSpeedOBDDashboard' object has no attribute '_mode'
2025-06-06 17:06:08 [ERROR] ❌ Error en read_fast_data: 'HighSpeedOBDDashboard' object has no attribute '_mode'
2025-06-06 17:06:08 [ERROR] ❌ Error en read_fast_data: 'HighSpeedOBDDashboard' object has no attribute '_mode'
2025-06-06 17:06:09 [ERROR] ❌ Error en read_slow_data: 'HighSpeedOBDDashboard' object has no attribute '_mode'
2025-06-06 17:06:09 [ERROR] ❌ Error en read_fast_data: 'HighSpeedOBDDashboard' object has no attribute '_mode'
2025-06-06 17:06:09 [ERROR] ❌ Error en read_fast_data: 'HighSpeedOBDDashboard' object has no attribute '_mode'
2025-06-06 17:06:09 [ERROR] ❌ Error en read_fast_data: 'HighSpeedOBDDashboard' object has no attribute '_mode'
2025-06-06 17:06:09 [ERROR] ❌ Error en read_fast_data: 'HighSpeedOBDDashboard' object has no attribute '_mode'
2025-06-06 17:06:09 [ERROR] ❌ Error en read_fast_data: 'HighSpeedOBDDashboard' object has no attribute '_mode'
2025-06-06 17:06:10 [ERROR] ❌ Error en read_fast_data: 'HighSpeedOBDDashboard' object has no attribute '_mode'
2025-06-06 17:06:10 [ERROR] ❌ Error en read_fast_data: 'HighSpeedOBDDashboard' object has no attribute '_mode'
2025-06-06 17:06:10 [ERROR] ❌ Error en read_fast_data: 'HighSpeedOBDDashboard' object has no attribute '_mode'
2025-06-06 17:06:10 [ERROR] ❌ Error en read_fast_data: 'HighSpeedOBDDashboard' object has no attribute '_mode'
2025-06-06 17:06:10 [ERROR] ❌ Error en read_fast_data: 'HighSpeedOBDDashboard' object has no attribute '_mode'
2025-06-06 17:06:11 [ERROR] ❌ Error en read_slow_data: 'HighSpeedOBDDashboard' object has no attribute '_mode'
2025-06-06 17:06:13 [ERROR] ❌ Error en read_fast_data: 'HighSpeedOBDDashboard' object has no attribute '_mode'
2025-06-06 17:06:13 [ERROR] ❌ Error en read_fast_data: 'HighSpeedOBDDashboard' object has no attribute '_mode'
2025-06-06 17:06:14 [ERROR] ❌ Error en read_fast_data: 'HighSpeedOBDDashboard' object has no attribute '_mode'
2025-06-06 17:06:14 [ERROR] ❌ Error en read_slow_data: 'HighSpeedOBDDashboard' object has no attribute '_mode'
2025-06-06 17:06:14 [ERROR] ❌ Error en read_fast_data: 'HighSpeedOBDDashboard' object has no attribute '_mode'
2025-06-06 17:06:15 [ERROR] ❌ Error en read_fast_data: 'HighSpeedOBDDashboard' object has no attribute '_mode'
2025-06-06 17:06:15 [ERROR] ❌ Error en read_fast_data: 'HighSpeedOBDDashboard' object has no attribute '_mode'
2025-06-06 17:06:16 [ERROR] ❌ Error en read_fast_data: 'HighSpeedOBDDashboard' object has no attribute '_mode'
2025-06-06 17:06:16 [ERROR] ❌ Error en read_slow_data: 'HighSpeedOBDDashboard' object has no attribute '_mode'
2025-06-06 17:06:16 [ERROR] ❌ Error en read_fast_data: 'HighSpeedOBDDashboard' object has no attribute '_mode'
2025-06-06 17:06:17 [ERROR] ❌ Error en read_fast_data: 'HighSpeedOBDDashboard' object has no attribute '_mode'
2025-06-06 17:06:17 [ERROR] ❌ Error en read_fast_data: 'HighSpeedOBDDashboard' object has no attribute '_mode'
2025-06-06 17:06:18 [ERROR] ❌ Error en read_fast_data: 'HighSpeedOBDDashboard' object has no attribute '_mode'
2025-06-06 17:06:18 [ERROR] ❌ Error en read_slow_data: 'HighSpeedOBDDashboard' object has no attribute '_mode'
2025-06-06 17:06:18 [ERROR] ❌ Error en read_fast_data: 'HighSpeedOBDDashboard' object has no attribute '_mode'
2025-06-06 17:06:19 [ERROR] ❌ Error en read_fast_data: 'HighSpeedOBDDashboard' object has no attribute '_mode'
2025-06-06 17:06:19 [ERROR] ❌ Error en read_fast_data: 'HighSpeedOBDDashboard' object has no attribute '_mode'
2025-06-06 17:06:20 [ERROR] ❌ Error en read_fast_data: 'HighSpeedOBDDashboard' object has no attribute '_mode'
2025-06-06 17:06:20 [ERROR] ❌ Error en read_slow_data: 'HighSpeedOBDDashboard' object has no attribute '_mode'
2025-06-06 17:06:20 [ERROR] ❌ Error en read_fast_data: 'HighSpeedOBDDashboard' object has no attribute '_mode'
2025-06-06 17:09:43 [ERROR] ❌ Error en read_fast_data: 'HighSpeedOBDDashboard' object has no attribute '_mode'
2025-06-06 17:09:43 [ERROR] ❌ Error en read_fast_data: 'HighSpeedOBDDashboard' object has no attribute '_mode'
2025-06-06 17:09:44 [ERROR] ❌ Error en read_fast_data: 'HighSpeedOBDDashboard' object has no attribute '_mode'
2025-06-06 17:09:44 [ERROR] ❌ Error en read_fast_data: 'HighSpeedOBDDashboard' object has no attribute '_mode'
2025-06-06 17:09:44 [ERROR] ❌ Error en read_fast_data: 'HighSpeedOBDDashboard' object has no attribute '_mode'
2025-06-06 17:09:44 [ERROR] ❌ Error en read_fast_data: 'HighSpeedOBDDashboard' object has no attribute '_mode'
2025-06-06 17:09:44 [ERROR] ❌ Error en read_fast_data: 'HighSpeedOBDDashboard' object has no attribute '_mode'
2025-06-06 17:09:45 [ERROR] ❌ Error en read_fast_data: 'HighSpeedOBDDashboard' object has no attribute '_mode'
2025-06-06 17:09:45 [ERROR] ❌ Error en read_fast_data: 'HighSpeedOBDDashboard' object has no attribute '_mode'
2025-06-06 17:09:45 [ERROR] ❌ Error en read_slow_data: 'HighSpeedOBDDashboard' object has no attribute '_mode'
2025-06-06 17:09:45 [ERROR] ❌ Error en read_fast_data: 'HighSpeedOBDDashboard' object has no attribute '_mode'
2025-06-06 17:09:45 [ERROR] ❌ Error en read_fast_data: 'HighSpeedOBDDashboard' object has no attribute '_mode'
2025-06-06 17:09:45 [ERROR] ❌ Error en read_fast_data: 'HighSpeedOBDDashboard' object has no attribute '_mode'
2025-06-06 17:09:46 [ERROR] ❌ Error en read_fast_data: 'HighSpeedOBDDashboard' object has no attribute '_mode'
2025-06-06 17:09:46 [ERROR] ❌ Error en read_fast_data: 'HighSpeedOBDDashboard' object has no attribute '_mode'
2025-06-06 17:09:46 [ERROR] ❌ Error en read_fast_data: 'HighSpeedOBDDashboard' object has no attribute '_mode'
2025-06-06 17:09:46 [ERROR] ❌ Error en read_fast_data: 'HighSpeedOBDDashboard' object has no attribute '_mode'
2025-06-06 17:09:46 [ERROR] ❌ Error en read_fast_data: 'HighSpeedOBDDashboard' object has no attribute '_mode'
2025-06-06 17:09:47 [ERROR] ❌ Error en read_fast_data: 'HighSpeedOBDDashboard' object has no attribute '_mode'
2025-06-06 17:09:48 [ERROR] ❌ Error en read_fast_data: 'HighSpeedOBDDashboard' object has no attribute '_mode'
2025-06-06 17:09:49 [ERROR] ❌ Error en read_fast_data: 'HighSpeedOBDDashboard' object has no attribute '_mode'
2025-06-06 17:09:49 [ERROR] ❌ Error en read_fast_data: 'HighSpeedOBDDashboard' object has no attribute '_mode'
2025-06-06 17:09:50 [ERROR] ❌ Error en read_slow_data: 'HighSpeedOBDDashboard' object has no attribute '_mode'
2025-06-06 17:09:50 [ERROR] ❌ Error en read_fast_data: 'HighSpeedOBDDashboard' object has no attribute '_mode'
2025-06-06 17:09:50 [ERROR] ❌ Error en read_fast_data: 'HighSpeedOBDDashboard' object has no attribute '_mode'
2025-06-06 17:09:51 [ERROR] ❌ Error en read_fast_data: 'HighSpeedOBDDashboard' object has no attribute '_mode'
2025-06-06 17:09:51 [ERROR] ❌ Error en read_fast_data: 'HighSpeedOBDDashboard' object has no attribute '_mode'
2025-06-06 17:09:52 [ERROR] ❌ Error en read_slow_data: 'HighSpeedOBDDashboard' object has no attribute '_mode'
2025-06-06 17:09:52 [ERROR] ❌ Error en read_fast_data: 'HighSpeedOBDDashboard' object has no attribute '_mode'
2025-06-06 17:09:52 [ERROR] ❌ Error en read_fast_data: 'HighSpeedOBDDashboard' object has no attribute '_mode'
2025-06-06 17:09:54 [ERROR] ❌ Error en read_fast_data: 'HighSpeedOBDDashboard' object has no attribute '_mode'
2025-06-06 17:09:54 [ERROR] ❌ Error en read_fast_data: 'HighSpeedOBDDashboard' object has no attribute '_mode'
2025-06-06 17:09:54 [ERROR] ❌ Error en read_fast_data: 'HighSpeedOBDDashboard' object has no attribute '_mode'
2025-06-06 17:09:54 [ERROR] ❌ Error en read_fast_data: 'HighSpeedOBDDashboard' object has no attribute '_mode'
2025-06-06 17:09:54 [ERROR] ❌ Error en read_fast_data: 'HighSpeedOBDDashboard' object has no attribute '_mode'
2025-06-06 17:09:55 [ERROR] ❌ Error en read_fast_data: 'HighSpeedOBDDashboard' object has no attribute '_mode'
2025-06-06 17:09:55 [ERROR] ❌ Error en read_fast_data: 'HighSpeedOBDDashboard' object has no attribute '_mode'
2025-06-06 17:09:55 [ERROR] ❌ Error en read_fast_data: 'HighSpeedOBDDashboard' object has no attribute '_mode'
2025-06-06 17:09:55 [ERROR] ❌ Error en read_fast_data: 'HighSpeedOBDDashboard' object has no attribute '_mode'
2025-06-06 17:09:56 [ERROR] ❌ Error en read_fast_data: 'HighSpeedOBDDashboard' object has no attribute '_mode'
2025-06-06 17:09:57 [ERROR] ❌ Error en read_fast_data: 'HighSpeedOBDDashboard' object has no attribute '_mode'
2025-06-06 19:09:19 [ERROR] ❌ Error en query_pid 010C: 'HighSpeedOBDDashboard' object has no attribute 'socket'
2025-06-06 19:09:19 [WARNING] ⚠️ Datos inválidos para PID 010C: None
2025-06-06 19:09:19 [ERROR] ❌ Error en query_pid 010D: 'HighSpeedOBDDashboard' object has no attribute 'socket'
2025-06-06 19:09:19 [WARNING] ⚠️ Datos inválidos para PID 010D: None
2025-06-06 19:09:19 [ERROR] ❌ Error en query_pid 0105: 'HighSpeedOBDDashboard' object has no attribute 'socket'
2025-06-06 19:09:19 [WARNING] ⚠️ Datos inválidos para PID 0105: None
2025-06-06 19:09:19 [ERROR] ❌ Error en query_pid 0104: 'HighSpeedOBDDashboard' object has no attribute 'socket'
2025-06-06 19:09:19 [WARNING] ⚠️ Datos inválidos para PID 0104: None
2025-06-06 19:09:19 [ERROR] ❌ Error en query_pid 0111: 'HighSpeedOBDDashboard' object has no attribute 'socket'
2025-06-06 19:09:19 [WARNING] ⚠️ Datos inválidos para PID 0111: None
2025-06-06 19:09:20 [ERROR] ❌ Error en query_pid 010C: 'HighSpeedOBDDashboard' object has no attribute 'socket'
2025-06-06 19:09:20 [WARNING] ⚠️ Datos inválidos para PID 010C: None
2025-06-06 19:09:20 [ERROR] ❌ Error en query_pid 010D: 'HighSpeedOBDDashboard' object has no attribute 'socket'
2025-06-06 19:09:20 [WARNING] ⚠️ Datos inválidos para PID 010D: None
2025-06-06 19:09:20 [ERROR] ❌ Error en query_pid 0105: 'HighSpeedOBDDashboard' object has no attribute 'socket'
2025-06-06 19:09:20 [WARNING] ⚠️ Datos inválidos para PID 0105: None
2025-06-06 19:09:20 [ERROR] ❌ Error en query_pid 0104: 'HighSpeedOBDDashboard' object has no attribute 'socket'
2025-06-06 19:09:20 [WARNING] ⚠️ Datos inválidos para PID 0104: None
2025-06-06 19:09:20 [ERROR] ❌ Error en query_pid 0111: 'HighSpeedOBDDashboard' object has no attribute 'socket'
2025-06-06 19:09:20 [WARNING] ⚠️ Datos inválidos para PID 0111: None
2025-06-06 19:09:20 [ERROR] ❌ Error en query_pid 010C: 'HighSpeedOBDDashboard' object has no attribute 'socket'
2025-06-06 19:09:20 [WARNING] ⚠️ Datos inválidos para PID 010C: None
2025-06-06 19:09:20 [ERROR] ❌ Error en query_pid 010D: 'HighSpeedOBDDashboard' object has no attribute 'socket'
2025-06-06 19:09:20 [WARNING] ⚠️ Datos inválidos para PID 010D: None
2025-06-06 19:09:20 [ERROR] ❌ Error en query_pid 0105: 'HighSpeedOBDDashboard' object has no attribute 'socket'
2025-06-06 19:09:20 [WARNING] ⚠️ Datos inválidos para PID 0105: None
2025-06-06 19:09:20 [ERROR] ❌ Error en query_pid 0104: 'HighSpeedOBDDashboard' object has no attribute 'socket'
2025-06-06 19:09:20 [WARNING] ⚠️ Datos inválidos para PID 0104: None
2025-06-06 19:09:20 [ERROR] ❌ Error en query_pid 0111: 'HighSpeedOBDDashboard' object has no attribute 'socket'
2025-06-06 19:09:20 [WARNING] ⚠️ Datos inválidos para PID 0111: None
2025-06-06 19:09:21 [ERROR] ❌ Error en query_pid 010F: 'HighSpeedOBDDashboard' object has no attribute 'socket'
2025-06-06 19:09:21 [WARNING] ⚠️ Datos inválidos para PID 010F: None
2025-06-06 19:09:21 [ERROR] ❌ Error en query_pid 012F: 'HighSpeedOBDDashboard' object has no attribute 'socket'
2025-06-06 19:09:21 [WARNING] ⚠️ Datos inválidos para PID 012F: None
2025-06-06 19:09:21 [ERROR] ❌ Error en query_pid 0142: 'HighSpeedOBDDashboard' object has no attribute 'socket'
2025-06-06 19:09:21 [WARNING] ⚠️ Datos inválidos para PID 0142: None
2025-06-06 19:09:21 [ERROR] ❌ Error en query_pid 010B: 'HighSpeedOBDDashboard' object has no attribute 'socket'
2025-06-06 19:09:21 [WARNING] ⚠️ Datos inválidos para PID 010B: None
2025-06-06 19:09:21 [ERROR] ❌ Error en query_pid 010C: 'HighSpeedOBDDashboard' object has no attribute 'socket'
2025-06-06 19:09:21 [WARNING] ⚠️ Datos inválidos para PID 010C: None
2025-06-06 19:09:21 [ERROR] ❌ Error en query_pid 010D: 'HighSpeedOBDDashboard' object has no attribute 'socket'
2025-06-06 19:09:21 [WARNING] ⚠️ Datos inválidos para PID 010D: None
2025-06-06 19:09:21 [ERROR] ❌ Error en query_pid 0105: 'HighSpeedOBDDashboard' object has no attribute 'socket'
2025-06-06 19:09:21 [WARNING] ⚠️ Datos inválidos para PID 0105: None
2025-06-06 19:09:21 [ERROR] ❌ Error en query_pid 0104: 'HighSpeedOBDDashboard' object has no attribute 'socket'
2025-06-06 19:09:21 [WARNING] ⚠️ Datos inválidos para PID 0104: None
2025-06-06 19:09:21 [ERROR] ❌ Error en query_pid 0111: 'HighSpeedOBDDashboard' object has no attribute 'socket'
2025-06-06 19:09:21 [WARNING] ⚠️ Datos inválidos para PID 0111: None
2025-06-06 19:09:21 [ERROR] ❌ Error en query_pid 010C: 'HighSpeedOBDDashboard' object has no attribute 'socket'
2025-06-06 19:09:21 [WARNING] ⚠️ Datos inválidos para PID 010C: None
2025-06-06 19:09:21 [ERROR] ❌ Error en query_pid 010D: 'HighSpeedOBDDashboard' object has no attribute 'socket'
2025-06-06 19:09:21 [WARNING] ⚠️ Datos inválidos para PID 010D: None
2025-06-06 19:09:21 [ERROR] ❌ Error en query_pid 0105: 'HighSpeedOBDDashboard' object has no attribute 'socket'
2025-06-06 19:09:21 [WARNING] ⚠️ Datos inválidos para PID 0105: None
2025-06-06 19:09:21 [ERROR] ❌ Error en query_pid 0104: 'HighSpeedOBDDashboard' object has no attribute 'socket'
2025-06-06 19:09:21 [WARNING] ⚠️ Datos inválidos para PID 0104: None
2025-06-06 19:09:21 [ERROR] ❌ Error en query_pid 0111: 'HighSpeedOBDDashboard' object has no attribute 'socket'
2025-06-06 19:09:21 [WARNING] ⚠️ Datos inválidos para PID 0111: None
2025-06-06 19:09:22 [ERROR] ❌ Error en query_pid 010C: 'HighSpeedOBDDashboard' object has no attribute 'socket'
2025-06-06 19:09:22 [WARNING] ⚠️ Datos inválidos para PID 010C: None
2025-06-06 19:09:22 [ERROR] ❌ Error en query_pid 010D: 'HighSpeedOBDDashboard' object has no attribute 'socket'
2025-06-06 19:09:22 [WARNING] ⚠️ Datos inválidos para PID 010D: None
2025-06-06 19:09:22 [ERROR] ❌ Error en query_pid 0105: 'HighSpeedOBDDashboard' object has no attribute 'socket'
2025-06-06 19:09:22 [WARNING] ⚠️ Datos inválidos para PID 0105: None
2025-06-06 19:09:22 [ERROR] ❌ Error en query_pid 0104: 'HighSpeedOBDDashboard' object has no attribute 'socket'
2025-06-06 19:09:22 [WARNING] ⚠️ Datos inválidos para PID 0104: None
2025-06-06 19:09:22 [ERROR] ❌ Error en query_pid 0111: 'HighSpeedOBDDashboard' object has no attribute 'socket'
2025-06-06 19:09:22 [WARNING] ⚠️ Datos inválidos para PID 0111: None
2025-06-06 19:09:22 [ERROR] ❌ Error en query_pid 010C: 'HighSpeedOBDDashboard' object has no attribute 'socket'
2025-06-06 19:09:22 [WARNING] ⚠️ Datos inválidos para PID 010C: None
2025-06-06 19:09:22 [ERROR] ❌ Error en query_pid 010D: 'HighSpeedOBDDashboard' object has no attribute 'socket'
2025-06-06 19:09:22 [WARNING] ⚠️ Datos inválidos para PID 010D: None
2025-06-06 19:09:22 [ERROR] ❌ Error en query_pid 0105: 'HighSpeedOBDDashboard' object has no attribute 'socket'
2025-06-06 19:09:22 [WARNING] ⚠️ Datos inválidos para PID 0105: None
2025-06-06 19:09:22 [ERROR] ❌ Error en query_pid 0104: 'HighSpeedOBDDashboard' object has no attribute 'socket'
2025-06-06 19:09:22 [WARNING] ⚠️ Datos inválidos para PID 0104: None
2025-06-06 19:09:22 [ERROR] ❌ Error en query_pid 0111: 'HighSpeedOBDDashboard' object has no attribute 'socket'
2025-06-06 19:09:22 [WARNING] ⚠️ Datos inválidos para PID 0111: None
2025-06-06 19:09:23 [ERROR] ❌ Error en query_pid 010F: 'HighSpeedOBDDashboard' object has no attribute 'socket'
2025-06-06 19:09:23 [WARNING] ⚠️ Datos inválidos para PID 010F: None
2025-06-06 19:09:23 [ERROR] ❌ Error en query_pid 012F: 'HighSpeedOBDDashboard' object has no attribute 'socket'
2025-06-06 19:09:23 [WARNING] ⚠️ Datos inválidos para PID 012F: None
2025-06-06 19:09:23 [ERROR] ❌ Error en query_pid 0142: 'HighSpeedOBDDashboard' object has no attribute 'socket'
2025-06-06 19:09:23 [WARNING] ⚠️ Datos inválidos para PID 0142: None
2025-06-06 19:09:23 [ERROR] ❌ Error en query_pid 010B: 'HighSpeedOBDDashboard' object has no attribute 'socket'
2025-06-06 19:09:23 [WARNING] ⚠️ Datos inválidos para PID 010B: None
2025-06-06 19:09:23 [ERROR] ❌ Error en query_pid 010C: 'HighSpeedOBDDashboard' object has no attribute 'socket'
2025-06-06 19:09:23 [WARNING] ⚠️ Datos inválidos para PID 010C: None
2025-06-06 19:09:23 [ERROR] ❌ Error en query_pid 010D: 'HighSpeedOBDDashboard' object has no attribute 'socket'
2025-06-06 19:09:23 [WARNING] ⚠️ Datos inválidos para PID 010D: None
2025-06-06 19:09:23 [ERROR] ❌ Error en query_pid 0105: 'HighSpeedOBDDashboard' object has no attribute 'socket'
2025-06-06 19:09:23 [WARNING] ⚠️ Datos inválidos para PID 0105: None
2025-06-06 19:09:23 [ERROR] ❌ Error en query_pid 0104: 'HighSpeedOBDDashboard' object has no attribute 'socket'
2025-06-06 19:09:23 [WARNING] ⚠️ Datos inválidos para PID 0104: None
2025-06-06 19:09:23 [ERROR] ❌ Error en query_pid 0111: 'HighSpeedOBDDashboard' object has no attribute 'socket'
2025-06-06 19:09:23 [WARNING] ⚠️ Datos inválidos para PID 0111: None
2025-06-06 19:09:23 [ERROR] ❌ Error en query_pid 010C: 'HighSpeedOBDDashboard' object has no attribute 'socket'
2025-06-06 19:09:23 [WARNING] ⚠️ Datos inválidos para PID 010C: None
2025-06-06 19:09:23 [ERROR] ❌ Error en query_pid 010D: 'HighSpeedOBDDashboard' object has no attribute 'socket'
2025-06-06 19:09:23 [WARNING] ⚠️ Datos inválidos para PID 010D: None
2025-06-06 19:09:23 [ERROR] ❌ Error en query_pid 0105: 'HighSpeedOBDDashboard' object has no attribute 'socket'
2025-06-06 19:09:23 [WARNING] ⚠️ Datos inválidos para PID 0105: None
2025-06-06 19:09:23 [ERROR] ❌ Error en query_pid 0104: 'HighSpeedOBDDashboard' object has no attribute 'socket'
2025-06-06 19:09:23 [WARNING] ⚠️ Datos inválidos para PID 0104: None
2025-06-06 19:09:23 [ERROR] ❌ Error en query_pid 0111: 'HighSpeedOBDDashboard' object has no attribute 'socket'
2025-06-06 19:09:23 [WARNING] ⚠️ Datos inválidos para PID 0111: None
2025-06-06 19:09:24 [ERROR] ❌ Error en query_pid 010C: 'HighSpeedOBDDashboard' object has no attribute 'socket'
2025-06-06 19:09:24 [WARNING] ⚠️ Datos inválidos para PID 010C: None
2025-06-06 19:09:24 [ERROR] ❌ Error en query_pid 010D: 'HighSpeedOBDDashboard' object has no attribute 'socket'
2025-06-06 19:09:24 [WARNING] ⚠️ Datos inválidos para PID 010D: None
2025-06-06 19:09:24 [ERROR] ❌ Error en query_pid 0105: 'HighSpeedOBDDashboard' object has no attribute 'socket'
2025-06-06 19:09:24 [WARNING] ⚠️ Datos inválidos para PID 0105: None
2025-06-06 19:09:24 [ERROR] ❌ Error en query_pid 0104: 'HighSpeedOBDDashboard' object has no attribute 'socket'
2025-06-06 19:09:24 [WARNING] ⚠️ Datos inválidos para PID 0104: None
2025-06-06 19:09:24 [ERROR] ❌ Error en query_pid 0111: 'HighSpeedOBDDashboard' object has no attribute 'socket'
2025-06-06 19:09:24 [WARNING] ⚠️ Datos inválidos para PID 0111: None
2025-06-06 19:09:24 [ERROR] ❌ Error en query_pid 010C: 'HighSpeedOBDDashboard' object has no attribute 'socket'
2025-06-06 19:09:24 [WARNING] ⚠️ Datos inválidos para PID 010C: None
2025-06-06 19:09:24 [ERROR] ❌ Error en query_pid 010D: 'HighSpeedOBDDashboard' object has no attribute 'socket'
2025-06-06 19:09:24 [WARNING] ⚠️ Datos inválidos para PID 010D: None
2025-06-06 19:09:24 [ERROR] ❌ Error en query_pid 0105: 'HighSpeedOBDDashboard' object has no attribute 'socket'
2025-06-06 19:09:24 [WARNING] ⚠️ Datos inválidos para PID 0105: None
2025-06-06 19:09:24 [ERROR] ❌ Error en query_pid 0104: 'HighSpeedOBDDashboard' object has no attribute 'socket'
2025-06-06 19:09:24 [WARNING] ⚠️ Datos inválidos para PID 0104: None
2025-06-06 19:09:24 [ERROR] ❌ Error en query_pid 0111: 'HighSpeedOBDDashboard' object has no attribute 'socket'
2025-06-06 19:09:24 [WARNING] ⚠️ Datos inválidos para PID 0111: None
2025-06-06 19:09:25 [ERROR] ❌ Error en query_pid 010F: 'HighSpeedOBDDashboard' object has no attribute 'socket'
2025-06-06 19:09:25 [WARNING] ⚠️ Datos inválidos para PID 010F: None
2025-06-06 19:09:25 [ERROR] ❌ Error en query_pid 012F: 'HighSpeedOBDDashboard' object has no attribute 'socket'
2025-06-06 19:09:25 [WARNING] ⚠️ Datos inválidos para PID 012F: None
2025-06-06 19:09:25 [ERROR] ❌ Error en query_pid 0142: 'HighSpeedOBDDashboard' object has no attribute 'socket'
2025-06-06 19:09:25 [WARNING] ⚠️ Datos inválidos para PID 0142: None
2025-06-06 19:09:25 [ERROR] ❌ Error en query_pid 010B: 'HighSpeedOBDDashboard' object has no attribute 'socket'
2025-06-06 19:09:25 [WARNING] ⚠️ Datos inválidos para PID 010B: None
2025-06-06 19:09:25 [ERROR] ❌ Error en query_pid 010C: 'HighSpeedOBDDashboard' object has no attribute 'socket'
2025-06-06 19:09:25 [WARNING] ⚠️ Datos inválidos para PID 010C: None
2025-06-06 19:09:25 [ERROR] ❌ Error en query_pid 010D: 'HighSpeedOBDDashboard' object has no attribute 'socket'
2025-06-06 19:09:25 [WARNING] ⚠️ Datos inválidos para PID 010D: None
2025-06-06 19:09:25 [ERROR] ❌ Error en query_pid 0105: 'HighSpeedOBDDashboard' object has no attribute 'socket'
2025-06-06 19:09:25 [WARNING] ⚠️ Datos inválidos para PID 0105: None
2025-06-06 19:09:25 [ERROR] ❌ Error en query_pid 0104: 'HighSpeedOBDDashboard' object has no attribute 'socket'
2025-06-06 19:09:25 [WARNING] ⚠️ Datos inválidos para PID 0104: None
2025-06-06 19:09:25 [ERROR] ❌ Error en query_pid 0111: 'HighSpeedOBDDashboard' object has no attribute 'socket'
2025-06-06 19:09:25 [WARNING] ⚠️ Datos inválidos para PID 0111: None
2025-06-06 19:09:25 [ERROR] ❌ Error en query_pid 010C: 'HighSpeedOBDDashboard' object has no attribute 'socket'
2025-06-06 19:09:25 [WARNING] ⚠️ Datos inválidos para PID 010C: None
2025-06-06 19:09:25 [ERROR] ❌ Error en query_pid 010D: 'HighSpeedOBDDashboard' object has no attribute 'socket'
2025-06-06 19:09:25 [WARNING] ⚠️ Datos inválidos para PID 010D: None
2025-06-06 19:09:25 [ERROR] ❌ Error en query_pid 0105: 'HighSpeedOBDDashboard' object has no attribute 'socket'
2025-06-06 19:09:25 [WARNING] ⚠️ Datos inválidos para PID 0105: None
2025-06-06 19:09:25 [ERROR] ❌ Error en query_pid 0104: 'HighSpeedOBDDashboard' object has no attribute 'socket'
2025-06-06 19:09:25 [WARNING] ⚠️ Datos inválidos para PID 0104: None
2025-06-06 19:09:25 [ERROR] ❌ Error en query_pid 0111: 'HighSpeedOBDDashboard' object has no attribute 'socket'
2025-06-06 19:09:25 [WARNING] ⚠️ Datos inválidos para PID 0111: None
2025-06-06 19:09:26 [ERROR] ❌ Error en query_pid 010C: 'HighSpeedOBDDashboard' object has no attribute 'socket'
2025-06-06 19:09:26 [WARNING] ⚠️ Datos inválidos para PID 010C: None
2025-06-06 19:09:26 [ERROR] ❌ Error en query_pid 010D: 'HighSpeedOBDDashboard' object has no attribute 'socket'
2025-06-06 19:09:26 [WARNING] ⚠️ Datos inválidos para PID 010D: None
2025-06-06 19:09:26 [ERROR] ❌ Error en query_pid 0105: 'HighSpeedOBDDashboard' object has no attribute 'socket'
2025-06-06 19:09:26 [WARNING] ⚠️ Datos inválidos para PID 0105: None
2025-06-06 19:09:26 [ERROR] ❌ Error en query_pid 0104: 'HighSpeedOBDDashboard' object has no attribute 'socket'
2025-06-06 19:09:26 [WARNING] ⚠️ Datos inválidos para PID 0104: None
2025-06-06 19:09:26 [ERROR] ❌ Error en query_pid 0111: 'HighSpeedOBDDashboard' object has no attribute 'socket'
2025-06-06 19:09:26 [WARNING] ⚠️ Datos inválidos para PID 0111: None
2025-06-06 19:09:26 [ERROR] ❌ Error en query_pid 010C: 'HighSpeedOBDDashboard' object has no attribute 'socket'
2025-06-06 19:09:26 [WARNING] ⚠️ Datos inválidos para PID 010C: None
2025-06-06 19:09:26 [ERROR] ❌ Error en query_pid 010D: 'HighSpeedOBDDashboard' object has no attribute 'socket'
2025-06-06 19:09:26 [WARNING] ⚠️ Datos inválidos para PID 010D: None
2025-06-06 19:09:26 [ERROR] ❌ Error en query_pid 0105: 'HighSpeedOBDDashboard' object has no attribute 'socket'
2025-06-06 19:09:26 [WARNING] ⚠️ Datos inválidos para PID 0105: None
2025-06-06 19:09:26 [ERROR] ❌ Error en query_pid 0104: 'HighSpeedOBDDashboard' object has no attribute 'socket'
2025-06-06 19:09:26 [WARNING] ⚠️ Datos inválidos para PID 0104: None
2025-06-06 19:09:26 [ERROR] ❌ Error en query_pid 0111: 'HighSpeedOBDDashboard' object has no attribute 'socket'
2025-06-06 19:09:26 [WARNING] ⚠️ Datos inválidos para PID 0111: None
2025-06-06 19:09:27 [ERROR] ❌ Error en query_pid 010F: 'HighSpeedOBDDashboard' object has no attribute 'socket'
2025-06-06 19:09:27 [WARNING] ⚠️ Datos inválidos para PID 010F: None
2025-06-06 19:09:27 [ERROR] ❌ Error en query_pid 012F: 'HighSpeedOBDDashboard' object has no attribute 'socket'
2025-06-06 19:09:27 [WARNING] ⚠️ Datos inválidos para PID 012F: None
2025-06-06 19:09:27 [ERROR] ❌ Error en query_pid 0142: 'HighSpeedOBDDashboard' object has no attribute 'socket'
2025-06-06 19:09:27 [WARNING] ⚠️ Datos inválidos para PID 0142: None
2025-06-06 19:09:27 [ERROR] ❌ Error en query_pid 010B: 'HighSpeedOBDDashboard' object has no attribute 'socket'
2025-06-06 19:09:27 [WARNING] ⚠️ Datos inválidos para PID 010B: None
2025-06-06 19:09:27 [ERROR] ❌ Error en query_pid 010C: 'HighSpeedOBDDashboard' object has no attribute 'socket'
2025-06-06 19:09:27 [WARNING] ⚠️ Datos inválidos para PID 010C: None
2025-06-06 19:09:27 [ERROR] ❌ Error en query_pid 010D: 'HighSpeedOBDDashboard' object has no attribute 'socket'
2025-06-06 19:09:27 [WARNING] ⚠️ Datos inválidos para PID 010D: None
2025-06-06 19:09:27 [ERROR] ❌ Error en query_pid 0105: 'HighSpeedOBDDashboard' object has no attribute 'socket'
2025-06-06 19:09:27 [WARNING] ⚠️ Datos inválidos para PID 0105: None
2025-06-06 19:09:27 [ERROR] ❌ Error en query_pid 0104: 'HighSpeedOBDDashboard' object has no attribute 'socket'
2025-06-06 19:09:27 [WARNING] ⚠️ Datos inválidos para PID 0104: None
2025-06-06 19:09:27 [ERROR] ❌ Error en query_pid 0111: 'HighSpeedOBDDashboard' object has no attribute 'socket'
2025-06-06 19:09:27 [WARNING] ⚠️ Datos inválidos para PID 0111: None
2025-06-06 19:09:27 [ERROR] ❌ Error en query_pid 010C: 'HighSpeedOBDDashboard' object has no attribute 'socket'
2025-06-06 19:09:27 [WARNING] ⚠️ Datos inválidos para PID 010C: None
2025-06-06 19:09:27 [ERROR] ❌ Error en query_pid 010D: 'HighSpeedOBDDashboard' object has no attribute 'socket'
2025-06-06 19:09:27 [WARNING] ⚠️ Datos inválidos para PID 010D: None
2025-06-06 19:09:27 [ERROR] ❌ Error en query_pid 0105: 'HighSpeedOBDDashboard' object has no attribute 'socket'
2025-06-06 19:09:27 [WARNING] ⚠️ Datos inválidos para PID 0105: None
2025-06-06 19:09:27 [ERROR] ❌ Error en query_pid 0104: 'HighSpeedOBDDashboard' object has no attribute 'socket'
2025-06-06 19:09:27 [WARNING] ⚠️ Datos inválidos para PID 0104: None
2025-06-06 19:09:27 [ERROR] ❌ Error en query_pid 0111: 'HighSpeedOBDDashboard' object has no attribute 'socket'
2025-06-06 19:09:27 [WARNING] ⚠️ Datos inválidos para PID 0111: None
2025-06-06 19:09:28 [ERROR] ❌ Error en query_pid 010C: 'HighSpeedOBDDashboard' object has no attribute 'socket'
2025-06-06 19:09:28 [WARNING] ⚠️ Datos inválidos para PID 010C: None
2025-06-06 19:09:28 [ERROR] ❌ Error en query_pid 010D: 'HighSpeedOBDDashboard' object has no attribute 'socket'
2025-06-06 19:09:28 [WARNING] ⚠️ Datos inválidos para PID 010D: None
2025-06-06 19:09:28 [ERROR] ❌ Error en query_pid 0105: 'HighSpeedOBDDashboard' object has no attribute 'socket'
2025-06-06 19:09:28 [WARNING] ⚠️ Datos inválidos para PID 0105: None
2025-06-06 19:09:28 [ERROR] ❌ Error en query_pid 0104: 'HighSpeedOBDDashboard' object has no attribute 'socket'
2025-06-06 19:09:28 [WARNING] ⚠️ Datos inválidos para PID 0104: None
2025-06-06 19:09:28 [ERROR] ❌ Error en query_pid 0111: 'HighSpeedOBDDashboard' object has no attribute 'socket'
2025-06-06 19:09:28 [WARNING] ⚠️ Datos inválidos para PID 0111: None
2025-06-06 19:09:28 [ERROR] ❌ Error en query_pid 010C: 'HighSpeedOBDDashboard' object has no attribute 'socket'
2025-06-06 19:09:28 [WARNING] ⚠️ Datos inválidos para PID 010C: None
2025-06-06 19:09:28 [ERROR] ❌ Error en query_pid 010D: 'HighSpeedOBDDashboard' object has no attribute 'socket'
2025-06-06 19:09:28 [WARNING] ⚠️ Datos inválidos para PID 010D: None
2025-06-06 19:09:28 [ERROR] ❌ Error en query_pid 0105: 'HighSpeedOBDDashboard' object has no attribute 'socket'
2025-06-06 19:09:28 [WARNING] ⚠️ Datos inválidos para PID 0105: None
2025-06-06 19:09:28 [ERROR] ❌ Error en query_pid 0104: 'HighSpeedOBDDashboard' object has no attribute 'socket'
2025-06-06 19:09:28 [WARNING] ⚠️ Datos inválidos para PID 0104: None
2025-06-06 19:09:28 [ERROR] ❌ Error en query_pid 0111: 'HighSpeedOBDDashboard' object has no attribute 'socket'
2025-06-06 19:09:28 [WARNING] ⚠️ Datos inválidos para PID 0111: None
2025-06-06 19:09:29 [ERROR] ❌ Error en query_pid 010F: 'HighSpeedOBDDashboard' object has no attribute 'socket'
2025-06-06 19:09:29 [WARNING] ⚠️ Datos inválidos para PID 010F: None
2025-06-06 19:09:29 [ERROR] ❌ Error en query_pid 012F: 'HighSpeedOBDDashboard' object has no attribute 'socket'
2025-06-06 19:09:29 [WARNING] ⚠️ Datos inválidos para PID 012F: None
2025-06-06 19:09:29 [ERROR] ❌ Error en query_pid 0142: 'HighSpeedOBDDashboard' object has no attribute 'socket'
2025-06-06 19:09:29 [WARNING] ⚠️ Datos inválidos para PID 0142: None
2025-06-06 19:09:29 [ERROR] ❌ Error en query_pid 010B: 'HighSpeedOBDDashboard' object has no attribute 'socket'
2025-06-06 19:09:29 [WARNING] ⚠️ Datos inválidos para PID 010B: None
2025-06-06 19:09:29 [ERROR] ❌ Error en query_pid 010C: 'HighSpeedOBDDashboard' object has no attribute 'socket'
2025-06-06 19:09:29 [WARNING] ⚠️ Datos inválidos para PID 010C: None
2025-06-06 19:09:29 [ERROR] ❌ Error en query_pid 010D: 'HighSpeedOBDDashboard' object has no attribute 'socket'
2025-06-06 19:09:29 [WARNING] ⚠️ Datos inválidos para PID 010D: None
2025-06-06 19:09:29 [ERROR] ❌ Error en query_pid 0105: 'HighSpeedOBDDashboard' object has no attribute 'socket'
2025-06-06 19:09:29 [WARNING] ⚠️ Datos inválidos para PID 0105: None
2025-06-06 19:09:29 [ERROR] ❌ Error en query_pid 0104: 'HighSpeedOBDDashboard' object has no attribute 'socket'
2025-06-06 19:09:29 [WARNING] ⚠️ Datos inválidos para PID 0104: None
2025-06-06 19:09:29 [ERROR] ❌ Error en query_pid 0111: 'HighSpeedOBDDashboard' object has no attribute 'socket'
2025-06-06 19:09:29 [WARNING] ⚠️ Datos inválidos para PID 0111: None
2025-06-06 19:09:29 [ERROR] ❌ Error en query_pid 010C: 'HighSpeedOBDDashboard' object has no attribute 'socket'
2025-06-06 19:09:29 [WARNING] ⚠️ Datos inválidos para PID 010C: None
2025-06-06 19:09:29 [ERROR] ❌ Error en query_pid 010D: 'HighSpeedOBDDashboard' object has no attribute 'socket'
2025-06-06 19:09:29 [WARNING] ⚠️ Datos inválidos para PID 010D: None
2025-06-06 19:09:29 [ERROR] ❌ Error en query_pid 0105: 'HighSpeedOBDDashboard' object has no attribute 'socket'
2025-06-06 19:09:29 [WARNING] ⚠️ Datos inválidos para PID 0105: None
2025-06-06 19:09:29 [ERROR] ❌ Error en query_pid 0104: 'HighSpeedOBDDashboard' object has no attribute 'socket'
2025-06-06 19:09:29 [WARNING] ⚠️ Datos inválidos para PID 0104: None
2025-06-06 19:09:29 [ERROR] ❌ Error en query_pid 0111: 'HighSpeedOBDDashboard' object has no attribute 'socket'
2025-06-06 19:09:29 [WARNING] ⚠️ Datos inválidos para PID 0111: None
2025-06-06 19:09:30 [ERROR] ❌ Error en query_pid 010C: 'HighSpeedOBDDashboard' object has no attribute 'socket'
2025-06-06 19:09:30 [WARNING] ⚠️ Datos inválidos para PID 010C: None
2025-06-06 19:09:30 [ERROR] ❌ Error en query_pid 010D: 'HighSpeedOBDDashboard' object has no attribute 'socket'
2025-06-06 19:09:30 [WARNING] ⚠️ Datos inválidos para PID 010D: None
2025-06-06 19:09:30 [ERROR] ❌ Error en query_pid 0105: 'HighSpeedOBDDashboard' object has no attribute 'socket'
2025-06-06 19:09:30 [WARNING] ⚠️ Datos inválidos para PID 0105: None
2025-06-06 19:09:30 [ERROR] ❌ Error en query_pid 0104: 'HighSpeedOBDDashboard' object has no attribute 'socket'
2025-06-06 19:09:30 [WARNING] ⚠️ Datos inválidos para PID 0104: None
2025-06-06 19:09:30 [ERROR] ❌ Error en query_pid 0111: 'HighSpeedOBDDashboard' object has no attribute 'socket'
2025-06-06 19:09:30 [WARNING] ⚠️ Datos inválidos para PID 0111: None
2025-06-06 19:09:30 [ERROR] ❌ Error en query_pid 010C: 'HighSpeedOBDDashboard' object has no attribute 'socket'
2025-06-06 19:09:30 [WARNING] ⚠️ Datos inválidos para PID 010C: None
2025-06-06 19:09:30 [ERROR] ❌ Error en query_pid 010D: 'HighSpeedOBDDashboard' object has no attribute 'socket'
2025-06-06 19:09:30 [WARNING] ⚠️ Datos inválidos para PID 010D: None
2025-06-06 19:09:30 [ERROR] ❌ Error en query_pid 0105: 'HighSpeedOBDDashboard' object has no attribute 'socket'
2025-06-06 19:09:30 [WARNING] ⚠️ Datos inválidos para PID 0105: None
2025-06-06 19:09:30 [ERROR] ❌ Error en query_pid 0104: 'HighSpeedOBDDashboard' object has no attribute 'socket'
2025-06-06 19:09:30 [WARNING] ⚠️ Datos inválidos para PID 0104: None
2025-06-06 19:09:30 [ERROR] ❌ Error en query_pid 0111: 'HighSpeedOBDDashboard' object has no attribute 'socket'
2025-06-06 19:09:30 [WARNING] ⚠️ Datos inválidos para PID 0111: None
2025-06-06 19:09:31 [ERROR] ❌ Error en query_pid 010F: 'HighSpeedOBDDashboard' object has no attribute 'socket'
2025-06-06 19:09:31 [WARNING] ⚠️ Datos inválidos para PID 010F: None
2025-06-06 19:09:31 [ERROR] ❌ Error en query_pid 012F: 'HighSpeedOBDDashboard' object has no attribute 'socket'
2025-06-06 19:09:31 [WARNING] ⚠️ Datos inválidos para PID 012F: None
2025-06-06 19:09:31 [ERROR] ❌ Error en query_pid 0142: 'HighSpeedOBDDashboard' object has no attribute 'socket'
2025-06-06 19:09:31 [WARNING] ⚠️ Datos inválidos para PID 0142: None
2025-06-06 19:09:31 [ERROR] ❌ Error en query_pid 010B: 'HighSpeedOBDDashboard' object has no attribute 'socket'
2025-06-06 19:09:31 [WARNING] ⚠️ Datos inválidos para PID 010B: None
2025-06-06 19:09:31 [ERROR] ❌ Error en query_pid 010C: 'HighSpeedOBDDashboard' object has no attribute 'socket'
2025-06-06 19:09:31 [WARNING] ⚠️ Datos inválidos para PID 010C: None
2025-06-06 19:09:31 [ERROR] ❌ Error en query_pid 010D: 'HighSpeedOBDDashboard' object has no attribute 'socket'
2025-06-06 19:09:31 [WARNING] ⚠️ Datos inválidos para PID 010D: None
2025-06-06 19:09:31 [ERROR] ❌ Error en query_pid 0105: 'HighSpeedOBDDashboard' object has no attribute 'socket'
2025-06-06 19:09:31 [WARNING] ⚠️ Datos inválidos para PID 0105: None
2025-06-06 19:09:31 [ERROR] ❌ Error en query_pid 0104: 'HighSpeedOBDDashboard' object has no attribute 'socket'
2025-06-06 19:09:31 [WARNING] ⚠️ Datos inválidos para PID 0104: None
2025-06-06 19:09:31 [ERROR] ❌ Error en query_pid 0111: 'HighSpeedOBDDashboard' object has no attribute 'socket'
2025-06-06 19:09:31 [WARNING] ⚠️ Datos inválidos para PID 0111: None
2025-06-06 19:09:31 [ERROR] ❌ Error en query_pid 010C: 'HighSpeedOBDDashboard' object has no attribute 'socket'
2025-06-06 19:09:31 [WARNING] ⚠️ Datos inválidos para PID 010C: None
2025-06-06 19:09:31 [ERROR] ❌ Error en query_pid 010D: 'HighSpeedOBDDashboard' object has no attribute 'socket'
2025-06-06 19:09:31 [WARNING] ⚠️ Datos inválidos para PID 010D: None
2025-06-06 19:09:31 [ERROR] ❌ Error en query_pid 0105: 'HighSpeedOBDDashboard' object has no attribute 'socket'
2025-06-06 19:09:31 [WARNING] ⚠️ Datos inválidos para PID 0105: None
2025-06-06 19:09:31 [ERROR] ❌ Error en query_pid 0104: 'HighSpeedOBDDashboard' object has no attribute 'socket'
2025-06-06 19:09:31 [WARNING] ⚠️ Datos inválidos para PID 0104: None
2025-06-06 19:09:31 [ERROR] ❌ Error en query_pid 0111: 'HighSpeedOBDDashboard' object has no attribute 'socket'
2025-06-06 19:09:31 [WARNING] ⚠️ Datos inválidos para PID 0111: None
2025-06-06 19:09:32 [ERROR] ❌ Error en query_pid 010C: 'HighSpeedOBDDashboard' object has no attribute 'socket'
2025-06-06 19:09:32 [WARNING] ⚠️ Datos inválidos para PID 010C: None
2025-06-06 19:09:32 [ERROR] ❌ Error en query_pid 010D: 'HighSpeedOBDDashboard' object has no attribute 'socket'
2025-06-06 19:09:32 [WARNING] ⚠️ Datos inválidos para PID 010D: None
2025-06-06 19:09:32 [ERROR] ❌ Error en query_pid 0105: 'HighSpeedOBDDashboard' object has no attribute 'socket'
2025-06-06 19:09:32 [WARNING] ⚠️ Datos inválidos para PID 0105: None
2025-06-06 19:09:32 [ERROR] ❌ Error en query_pid 0104: 'HighSpeedOBDDashboard' object has no attribute 'socket'
2025-06-06 19:09:32 [WARNING] ⚠️ Datos inválidos para PID 0104: None
2025-06-06 19:09:32 [ERROR] ❌ Error en query_pid 0111: 'HighSpeedOBDDashboard' object has no attribute 'socket'
2025-06-06 19:09:32 [WARNING] ⚠️ Datos inválidos para PID 0111: None
2025-06-06 19:09:32 [ERROR] ❌ Error en query_pid 010C: 'HighSpeedOBDDashboard' object has no attribute 'socket'
2025-06-06 19:09:32 [WARNING] ⚠️ Datos inválidos para PID 010C: None
2025-06-06 19:09:32 [ERROR] ❌ Error en query_pid 010D: 'HighSpeedOBDDashboard' object has no attribute 'socket'
2025-06-06 19:09:32 [WARNING] ⚠️ Datos inválidos para PID 010D: None
2025-06-06 19:09:32 [ERROR] ❌ Error en query_pid 0105: 'HighSpeedOBDDashboard' object has no attribute 'socket'
2025-06-06 19:09:32 [WARNING] ⚠️ Datos inválidos para PID 0105: None
2025-06-06 19:09:32 [ERROR] ❌ Error en query_pid 0104: 'HighSpeedOBDDashboard' object has no attribute 'socket'
2025-06-06 19:09:32 [WARNING] ⚠️ Datos inválidos para PID 0104: None
2025-06-06 19:09:32 [ERROR] ❌ Error en query_pid 0111: 'HighSpeedOBDDashboard' object has no attribute 'socket'
2025-06-06 19:09:32 [WARNING] ⚠️ Datos inválidos para PID 0111: None
2025-06-06 19:09:33 [ERROR] ❌ Error en query_pid 010F: 'HighSpeedOBDDashboard' object has no attribute 'socket'
2025-06-06 19:09:33 [WARNING] ⚠️ Datos inválidos para PID 010F: None
2025-06-06 19:09:33 [ERROR] ❌ Error en query_pid 012F: 'HighSpeedOBDDashboard' object has no attribute 'socket'
2025-06-06 19:09:33 [WARNING] ⚠️ Datos inválidos para PID 012F: None
2025-06-06 19:09:33 [ERROR] ❌ Error en query_pid 0142: 'HighSpeedOBDDashboard' object has no attribute 'socket'
2025-06-06 19:09:33 [WARNING] ⚠️ Datos inválidos para PID 0142: None
2025-06-06 19:09:33 [ERROR] ❌ Error en query_pid 010B: 'HighSpeedOBDDashboard' object has no attribute 'socket'
2025-06-06 19:09:33 [WARNING] ⚠️ Datos inválidos para PID 010B: None
2025-06-06 19:09:33 [ERROR] ❌ Error en query_pid 010C: 'HighSpeedOBDDashboard' object has no attribute 'socket'
2025-06-06 19:09:33 [WARNING] ⚠️ Datos inválidos para PID 010C: None
2025-06-06 19:09:33 [ERROR] ❌ Error en query_pid 010D: 'HighSpeedOBDDashboard' object has no attribute 'socket'
2025-06-06 19:09:33 [WARNING] ⚠️ Datos inválidos para PID 010D: None
2025-06-06 19:09:33 [ERROR] ❌ Error en query_pid 0105: 'HighSpeedOBDDashboard' object has no attribute 'socket'
2025-06-06 19:09:33 [WARNING] ⚠️ Datos inválidos para PID 0105: None
2025-06-06 19:09:33 [ERROR] ❌ Error en query_pid 0104: 'HighSpeedOBDDashboard' object has no attribute 'socket'
2025-06-06 19:09:33 [WARNING] ⚠️ Datos inválidos para PID 0104: None
2025-06-06 19:09:33 [ERROR] ❌ Error en query_pid 0111: 'HighSpeedOBDDashboard' object has no attribute 'socket'
2025-06-06 19:09:33 [WARNING] ⚠️ Datos inválidos para PID 0111: None
2025-06-06 19:09:33 [ERROR] ❌ Error en query_pid 010C: 'HighSpeedOBDDashboard' object has no attribute 'socket'
2025-06-06 19:09:33 [WARNING] ⚠️ Datos inválidos para PID 010C: None
2025-06-06 19:09:33 [ERROR] ❌ Error en query_pid 010D: 'HighSpeedOBDDashboard' object has no attribute 'socket'
2025-06-06 19:09:33 [WARNING] ⚠️ Datos inválidos para PID 010D: None
2025-06-06 19:09:33 [ERROR] ❌ Error en query_pid 0105: 'HighSpeedOBDDashboard' object has no attribute 'socket'
2025-06-06 19:09:33 [WARNING] ⚠️ Datos inválidos para PID 0105: None
2025-06-06 19:09:33 [ERROR] ❌ Error en query_pid 0104: 'HighSpeedOBDDashboard' object has no attribute 'socket'
2025-06-06 19:09:33 [WARNING] ⚠️ Datos inválidos para PID 0104: None
2025-06-06 19:09:33 [ERROR] ❌ Error en query_pid 0111: 'HighSpeedOBDDashboard' object has no attribute 'socket'
2025-06-06 19:09:33 [WARNING] ⚠️ Datos inválidos para PID 0111: None
2025-06-06 19:09:34 [ERROR] ❌ Error en query_pid 010C: 'HighSpeedOBDDashboard' object has no attribute 'socket'
2025-06-06 19:09:34 [WARNING] ⚠️ Datos inválidos para PID 010C: None
2025-06-06 19:09:34 [ERROR] ❌ Error en query_pid 010D: 'HighSpeedOBDDashboard' object has no attribute 'socket'
2025-06-06 19:09:34 [WARNING] ⚠️ Datos inválidos para PID 010D: None
2025-06-06 19:09:34 [ERROR] ❌ Error en query_pid 0105: 'HighSpeedOBDDashboard' object has no attribute 'socket'
2025-06-06 19:09:34 [WARNING] ⚠️ Datos inválidos para PID 0105: None
2025-06-06 19:09:34 [ERROR] ❌ Error en query_pid 0104: 'HighSpeedOBDDashboard' object has no attribute 'socket'
2025-06-06 19:09:34 [WARNING] ⚠️ Datos inválidos para PID 0104: None
2025-06-06 19:09:34 [ERROR] ❌ Error en query_pid 0111: 'HighSpeedOBDDashboard' object has no attribute 'socket'
2025-06-06 19:09:34 [WARNING] ⚠️ Datos inválidos para PID 0111: None
2025-06-06 19:09:34 [ERROR] ❌ Error en query_pid 010C: 'HighSpeedOBDDashboard' object has no attribute 'socket'
2025-06-06 19:09:34 [WARNING] ⚠️ Datos inválidos para PID 010C: None
2025-06-06 19:09:34 [ERROR] ❌ Error en query_pid 010D: 'HighSpeedOBDDashboard' object has no attribute 'socket'
2025-06-06 19:09:34 [WARNING] ⚠️ Datos inválidos para PID 010D: None
2025-06-06 19:09:34 [ERROR] ❌ Error en query_pid 0105: 'HighSpeedOBDDashboard' object has no attribute 'socket'
2025-06-06 19:09:34 [WARNING] ⚠️ Datos inválidos para PID 0105: None
2025-06-06 19:09:34 [ERROR] ❌ Error en query_pid 0104: 'HighSpeedOBDDashboard' object has no attribute 'socket'
2025-06-06 19:09:34 [WARNING] ⚠️ Datos inválidos para PID 0104: None
2025-06-06 19:09:34 [ERROR] ❌ Error en query_pid 0111: 'HighSpeedOBDDashboard' object has no attribute 'socket'
2025-06-06 19:09:34 [WARNING] ⚠️ Datos inválidos para PID 0111: None
2025-06-06 19:09:35 [ERROR] ❌ Error en query_pid 010F: 'HighSpeedOBDDashboard' object has no attribute 'socket'
2025-06-06 19:09:35 [WARNING] ⚠️ Datos inválidos para PID 010F: None
2025-06-06 19:09:35 [ERROR] ❌ Error en query_pid 012F: 'HighSpeedOBDDashboard' object has no attribute 'socket'
2025-06-06 19:09:35 [WARNING] ⚠️ Datos inválidos para PID 012F: None
2025-06-06 19:09:35 [ERROR] ❌ Error en query_pid 0142: 'HighSpeedOBDDashboard' object has no attribute 'socket'
2025-06-06 19:09:35 [WARNING] ⚠️ Datos inválidos para PID 0142: None
2025-06-06 19:09:35 [ERROR] ❌ Error en query_pid 010B: 'HighSpeedOBDDashboard' object has no attribute 'socket'
2025-06-06 19:09:35 [WARNING] ⚠️ Datos inválidos para PID 010B: None
2025-06-06 19:09:35 [ERROR] ❌ Error en query_pid 010C: 'HighSpeedOBDDashboard' object has no attribute 'socket'
2025-06-06 19:09:35 [WARNING] ⚠️ Datos inválidos para PID 010C: None
2025-06-06 19:09:35 [ERROR] ❌ Error en query_pid 010D: 'HighSpeedOBDDashboard' object has no attribute 'socket'
2025-06-06 19:09:35 [WARNING] ⚠️ Datos inválidos para PID 010D: None
2025-06-06 19:09:35 [ERROR] ❌ Error en query_pid 0105: 'HighSpeedOBDDashboard' object has no attribute 'socket'
2025-06-06 19:09:35 [WARNING] ⚠️ Datos inválidos para PID 0105: None
2025-06-06 19:09:35 [ERROR] ❌ Error en query_pid 0104: 'HighSpeedOBDDashboard' object has no attribute 'socket'
2025-06-06 19:09:35 [WARNING] ⚠️ Datos inválidos para PID 0104: None
2025-06-06 19:09:35 [ERROR] ❌ Error en query_pid 0111: 'HighSpeedOBDDashboard' object has no attribute 'socket'
2025-06-06 19:09:35 [WARNING] ⚠️ Datos inválidos para PID 0111: None
2025-06-06 19:09:35 [ERROR] ❌ Error en query_pid 010C: 'HighSpeedOBDDashboard' object has no attribute 'socket'
2025-06-06 19:09:35 [WARNING] ⚠️ Datos inválidos para PID 010C: None
2025-06-06 19:09:35 [ERROR] ❌ Error en query_pid 010D: 'HighSpeedOBDDashboard' object has no attribute 'socket'
2025-06-06 19:09:35 [WARNING] ⚠️ Datos inválidos para PID 010D: None
2025-06-06 19:09:35 [ERROR] ❌ Error en query_pid 0105: 'HighSpeedOBDDashboard' object has no attribute 'socket'
2025-06-06 19:09:35 [WARNING] ⚠️ Datos inválidos para PID 0105: None
2025-06-06 19:09:35 [ERROR] ❌ Error en query_pid 0104: 'HighSpeedOBDDashboard' object has no attribute 'socket'
2025-06-06 19:09:35 [WARNING] ⚠️ Datos inválidos para PID 0104: None
2025-06-06 19:09:35 [ERROR] ❌ Error en query_pid 0111: 'HighSpeedOBDDashboard' object has no attribute 'socket'
2025-06-06 19:09:35 [WARNING] ⚠️ Datos inválidos para PID 0111: None
2025-06-06 19:09:36 [ERROR] ❌ Error en query_pid 010C: 'HighSpeedOBDDashboard' object has no attribute 'socket'
2025-06-06 19:09:36 [WARNING] ⚠️ Datos inválidos para PID 010C: None
2025-06-06 19:09:36 [ERROR] ❌ Error en query_pid 010D: 'HighSpeedOBDDashboard' object has no attribute 'socket'
2025-06-06 19:09:36 [WARNING] ⚠️ Datos inválidos para PID 010D: None
2025-06-06 19:09:36 [ERROR] ❌ Error en query_pid 0105: 'HighSpeedOBDDashboard' object has no attribute 'socket'
2025-06-06 19:09:36 [WARNING] ⚠️ Datos inválidos para PID 0105: None
2025-06-06 19:09:36 [ERROR] ❌ Error en query_pid 0104: 'HighSpeedOBDDashboard' object has no attribute 'socket'
2025-06-06 19:09:36 [WARNING] ⚠️ Datos inválidos para PID 0104: None
2025-06-06 19:09:36 [ERROR] ❌ Error en query_pid 0111: 'HighSpeedOBDDashboard' object has no attribute 'socket'
2025-06-06 19:09:36 [WARNING] ⚠️ Datos inválidos para PID 0111: None
2025-06-06 19:09:36 [ERROR] ❌ Error en query_pid 010C: 'HighSpeedOBDDashboard' object has no attribute 'socket'
2025-06-06 19:09:36 [WARNING] ⚠️ Datos inválidos para PID 010C: None
2025-06-06 19:09:36 [ERROR] ❌ Error en query_pid 010D: 'HighSpeedOBDDashboard' object has no attribute 'socket'
2025-06-06 19:09:36 [WARNING] ⚠️ Datos inválidos para PID 010D: None
2025-06-06 19:09:36 [ERROR] ❌ Error en query_pid 0105: 'HighSpeedOBDDashboard' object has no attribute 'socket'
2025-06-06 19:09:36 [WARNING] ⚠️ Datos inválidos para PID 0105: None
2025-06-06 19:09:36 [ERROR] ❌ Error en query_pid 0104: 'HighSpeedOBDDashboard' object has no attribute 'socket'
2025-06-06 19:09:36 [WARNING] ⚠️ Datos inválidos para PID 0104: None
2025-06-06 19:09:36 [ERROR] ❌ Error en query_pid 0111: 'HighSpeedOBDDashboard' object has no attribute 'socket'
2025-06-06 19:09:36 [WARNING] ⚠️ Datos inválidos para PID 0111: None
2025-06-06 19:09:37 [ERROR] ❌ Error en query_pid 010F: 'HighSpeedOBDDashboard' object has no attribute 'socket'
2025-06-06 19:09:37 [WARNING] ⚠️ Datos inválidos para PID 010F: None
2025-06-06 19:09:37 [ERROR] ❌ Error en query_pid 012F: 'HighSpeedOBDDashboard' object has no attribute 'socket'
2025-06-06 19:09:37 [WARNING] ⚠️ Datos inválidos para PID 012F: None
2025-06-06 19:09:37 [ERROR] ❌ Error en query_pid 0142: 'HighSpeedOBDDashboard' object has no attribute 'socket'
2025-06-06 19:09:37 [WARNING] ⚠️ Datos inválidos para PID 0142: None
2025-06-06 19:09:37 [ERROR] ❌ Error en query_pid 010B: 'HighSpeedOBDDashboard' object has no attribute 'socket'
2025-06-06 19:09:37 [WARNING] ⚠️ Datos inválidos para PID 010B: None
2025-06-06 19:09:37 [ERROR] ❌ Error en query_pid 010C: 'HighSpeedOBDDashboard' object has no attribute 'socket'
2025-06-06 19:09:37 [WARNING] ⚠️ Datos inválidos para PID 010C: None
2025-06-06 19:09:37 [ERROR] ❌ Error en query_pid 010D: 'HighSpeedOBDDashboard' object has no attribute 'socket'
2025-06-06 19:09:37 [WARNING] ⚠️ Datos inválidos para PID 010D: None
2025-06-06 19:09:37 [ERROR] ❌ Error en query_pid 0105: 'HighSpeedOBDDashboard' object has no attribute 'socket'
2025-06-06 19:09:37 [WARNING] ⚠️ Datos inválidos para PID 0105: None
2025-06-06 19:09:37 [ERROR] ❌ Error en query_pid 0104: 'HighSpeedOBDDashboard' object has no attribute 'socket'
2025-06-06 19:09:37 [WARNING] ⚠️ Datos inválidos para PID 0104: None
2025-06-06 19:09:37 [ERROR] ❌ Error en query_pid 0111: 'HighSpeedOBDDashboard' object has no attribute 'socket'
2025-06-06 19:09:37 [WARNING] ⚠️ Datos inválidos para PID 0111: None
2025-06-06 19:09:37 [ERROR] ❌ Error en query_pid 010C: 'HighSpeedOBDDashboard' object has no attribute 'socket'
2025-06-06 19:09:37 [WARNING] ⚠️ Datos inválidos para PID 010C: None
2025-06-06 19:09:37 [ERROR] ❌ Error en query_pid 010D: 'HighSpeedOBDDashboard' object has no attribute 'socket'
2025-06-06 19:09:37 [WARNING] ⚠️ Datos inválidos para PID 010D: None
2025-06-06 19:09:37 [ERROR] ❌ Error en query_pid 0105: 'HighSpeedOBDDashboard' object has no attribute 'socket'
2025-06-06 19:09:37 [WARNING] ⚠️ Datos inválidos para PID 0105: None
2025-06-06 19:09:37 [ERROR] ❌ Error en query_pid 0104: 'HighSpeedOBDDashboard' object has no attribute 'socket'
2025-06-06 19:09:37 [WARNING] ⚠️ Datos inválidos para PID 0104: None
2025-06-06 19:09:37 [ERROR] ❌ Error en query_pid 0111: 'HighSpeedOBDDashboard' object has no attribute 'socket'
2025-06-06 19:09:37 [WARNING] ⚠️ Datos inválidos para PID 0111: None
2025-06-06 19:09:38 [ERROR] ❌ Error en query_pid 010C: 'HighSpeedOBDDashboard' object has no attribute 'socket'
2025-06-06 19:09:38 [WARNING] ⚠️ Datos inválidos para PID 010C: None
2025-06-06 19:09:38 [ERROR] ❌ Error en query_pid 010D: 'HighSpeedOBDDashboard' object has no attribute 'socket'
2025-06-06 19:09:38 [WARNING] ⚠️ Datos inválidos para PID 010D: None
2025-06-06 19:09:38 [ERROR] ❌ Error en query_pid 0105: 'HighSpeedOBDDashboard' object has no attribute 'socket'
2025-06-06 19:09:38 [WARNING] ⚠️ Datos inválidos para PID 0105: None
2025-06-06 19:09:38 [ERROR] ❌ Error en query_pid 0104: 'HighSpeedOBDDashboard' object has no attribute 'socket'
2025-06-06 19:09:38 [WARNING] ⚠️ Datos inválidos para PID 0104: None
2025-06-06 19:09:38 [ERROR] ❌ Error en query_pid 0111: 'HighSpeedOBDDashboard' object has no attribute 'socket'
2025-06-06 19:09:38 [WARNING] ⚠️ Datos inválidos para PID 0111: None
2025-06-06 19:09:38 [ERROR] ❌ Error en query_pid 010C: 'HighSpeedOBDDashboard' object has no attribute 'socket'
2025-06-06 19:09:38 [WARNING] ⚠️ Datos inválidos para PID 010C: None
2025-06-06 19:09:38 [ERROR] ❌ Error en query_pid 010D: 'HighSpeedOBDDashboard' object has no attribute 'socket'
2025-06-06 19:09:38 [WARNING] ⚠️ Datos inválidos para PID 010D: None
2025-06-06 19:09:38 [ERROR] ❌ Error en query_pid 0105: 'HighSpeedOBDDashboard' object has no attribute 'socket'
2025-06-06 19:09:38 [WARNING] ⚠️ Datos inválidos para PID 0105: None
2025-06-06 19:09:38 [ERROR] ❌ Error en query_pid 0104: 'HighSpeedOBDDashboard' object has no attribute 'socket'
2025-06-06 19:09:38 [WARNING] ⚠️ Datos inválidos para PID 0104: None
2025-06-06 19:09:38 [ERROR] ❌ Error en query_pid 0111: 'HighSpeedOBDDashboard' object has no attribute 'socket'
2025-06-06 19:09:38 [WARNING] ⚠️ Datos inválidos para PID 0111: None
2025-06-06 19:09:39 [ERROR] ❌ Error en query_pid 010F: 'HighSpeedOBDDashboard' object has no attribute 'socket'
2025-06-06 19:09:39 [WARNING] ⚠️ Datos inválidos para PID 010F: None
2025-06-06 19:09:39 [ERROR] ❌ Error en query_pid 012F: 'HighSpeedOBDDashboard' object has no attribute 'socket'
2025-06-06 19:09:39 [WARNING] ⚠️ Datos inválidos para PID 012F: None
2025-06-06 19:09:39 [ERROR] ❌ Error en query_pid 0142: 'HighSpeedOBDDashboard' object has no attribute 'socket'
2025-06-06 19:09:39 [WARNING] ⚠️ Datos inválidos para PID 0142: None
2025-06-06 19:09:39 [ERROR] ❌ Error en query_pid 010B: 'HighSpeedOBDDashboard' object has no attribute 'socket'
2025-06-06 19:09:39 [WARNING] ⚠️ Datos inválidos para PID 010B: None
2025-06-06 19:09:39 [ERROR] ❌ Error en query_pid 010C: 'HighSpeedOBDDashboard' object has no attribute 'socket'
2025-06-06 19:09:39 [WARNING] ⚠️ Datos inválidos para PID 010C: None
2025-06-06 19:09:39 [ERROR] ❌ Error en query_pid 010D: 'HighSpeedOBDDashboard' object has no attribute 'socket'
2025-06-06 19:09:39 [WARNING] ⚠️ Datos inválidos para PID 010D: None
2025-06-06 19:09:39 [ERROR] ❌ Error en query_pid 0105: 'HighSpeedOBDDashboard' object has no attribute 'socket'
2025-06-06 19:09:39 [WARNING] ⚠️ Datos inválidos para PID 0105: None
2025-06-06 19:09:39 [ERROR] ❌ Error en query_pid 0104: 'HighSpeedOBDDashboard' object has no attribute 'socket'
2025-06-06 19:09:39 [WARNING] ⚠️ Datos inválidos para PID 0104: None
2025-06-06 19:09:39 [ERROR] ❌ Error en query_pid 0111: 'HighSpeedOBDDashboard' object has no attribute 'socket'
2025-06-06 19:09:39 [WARNING] ⚠️ Datos inválidos para PID 0111: None
2025-06-06 19:09:39 [ERROR] ❌ Error en query_pid 010C: 'HighSpeedOBDDashboard' object has no attribute 'socket'
2025-06-06 19:09:39 [WARNING] ⚠️ Datos inválidos para PID 010C: None
2025-06-06 19:09:39 [ERROR] ❌ Error en query_pid 010D: 'HighSpeedOBDDashboard' object has no attribute 'socket'
2025-06-06 19:09:39 [WARNING] ⚠️ Datos inválidos para PID 010D: None
2025-06-06 19:09:39 [ERROR] ❌ Error en query_pid 0105: 'HighSpeedOBDDashboard' object has no attribute 'socket'
2025-06-06 19:09:39 [WARNING] ⚠️ Datos inválidos para PID 0105: None
2025-06-06 19:09:39 [ERROR] ❌ Error en query_pid 0104: 'HighSpeedOBDDashboard' object has no attribute 'socket'
2025-06-06 19:09:39 [WARNING] ⚠️ Datos inválidos para PID 0104: None
2025-06-06 19:09:39 [ERROR] ❌ Error en query_pid 0111: 'HighSpeedOBDDashboard' object has no attribute 'socket'
2025-06-06 19:09:39 [WARNING] ⚠️ Datos inválidos para PID 0111: None
2025-06-06 19:09:40 [ERROR] ❌ Error en query_pid 010C: 'HighSpeedOBDDashboard' object has no attribute 'socket'
2025-06-06 19:09:40 [WARNING] ⚠️ Datos inválidos para PID 010C: None
2025-06-06 19:09:40 [ERROR] ❌ Error en query_pid 010D: 'HighSpeedOBDDashboard' object has no attribute 'socket'
2025-06-06 19:09:40 [WARNING] ⚠️ Datos inválidos para PID 010D: None
2025-06-06 19:09:40 [ERROR] ❌ Error en query_pid 0105: 'HighSpeedOBDDashboard' object has no attribute 'socket'
2025-06-06 19:09:40 [WARNING] ⚠️ Datos inválidos para PID 0105: None
2025-06-06 19:09:40 [ERROR] ❌ Error en query_pid 0104: 'HighSpeedOBDDashboard' object has no attribute 'socket'
2025-06-06 19:09:40 [WARNING] ⚠️ Datos inválidos para PID 0104: None
2025-06-06 19:09:40 [ERROR] ❌ Error en query_pid 0111: 'HighSpeedOBDDashboard' object has no attribute 'socket'
2025-06-06 19:09:40 [WARNING] ⚠️ Datos inválidos para PID 0111: None
2025-06-06 19:09:40 [ERROR] ❌ Error en query_pid 010C: 'HighSpeedOBDDashboard' object has no attribute 'socket'
2025-06-06 19:09:40 [WARNING] ⚠️ Datos inválidos para PID 010C: None
2025-06-06 19:09:40 [ERROR] ❌ Error en query_pid 010D: 'HighSpeedOBDDashboard' object has no attribute 'socket'
2025-06-06 19:09:40 [WARNING] ⚠️ Datos inválidos para PID 010D: None
2025-06-06 19:09:40 [ERROR] ❌ Error en query_pid 0105: 'HighSpeedOBDDashboard' object has no attribute 'socket'
2025-06-06 19:09:40 [WARNING] ⚠️ Datos inválidos para PID 0105: None
2025-06-06 19:09:40 [ERROR] ❌ Error en query_pid 0104: 'HighSpeedOBDDashboard' object has no attribute 'socket'
2025-06-06 19:09:40 [WARNING] ⚠️ Datos inválidos para PID 0104: None
2025-06-06 19:09:40 [ERROR] ❌ Error en query_pid 0111: 'HighSpeedOBDDashboard' object has no attribute 'socket'
2025-06-06 19:09:40 [WARNING] ⚠️ Datos inválidos para PID 0111: None
2025-06-06 19:09:41 [ERROR] ❌ Error en query_pid 010F: 'HighSpeedOBDDashboard' object has no attribute 'socket'
2025-06-06 19:09:41 [WARNING] ⚠️ Datos inválidos para PID 010F: None
2025-06-06 19:09:41 [ERROR] ❌ Error en query_pid 012F: 'HighSpeedOBDDashboard' object has no attribute 'socket'
2025-06-06 19:09:41 [WARNING] ⚠️ Datos inválidos para PID 012F: None
2025-06-06 19:09:41 [ERROR] ❌ Error en query_pid 0142: 'HighSpeedOBDDashboard' object has no attribute 'socket'
2025-06-06 19:09:41 [WARNING] ⚠️ Datos inválidos para PID 0142: None
2025-06-06 19:09:41 [ERROR] ❌ Error en query_pid 010B: 'HighSpeedOBDDashboard' object has no attribute 'socket'
2025-06-06 19:09:41 [WARNING] ⚠️ Datos inválidos para PID 010B: None
2025-06-06 19:09:41 [ERROR] ❌ Error en query_pid 010C: 'HighSpeedOBDDashboard' object has no attribute 'socket'
2025-06-06 19:09:41 [WARNING] ⚠️ Datos inválidos para PID 010C: None
2025-06-06 19:09:41 [ERROR] ❌ Error en query_pid 010D: 'HighSpeedOBDDashboard' object has no attribute 'socket'
2025-06-06 19:09:41 [WARNING] ⚠️ Datos inválidos para PID 010D: None
2025-06-06 19:09:41 [ERROR] ❌ Error en query_pid 0105: 'HighSpeedOBDDashboard' object has no attribute 'socket'
2025-06-06 19:09:41 [WARNING] ⚠️ Datos inválidos para PID 0105: None
2025-06-06 19:09:41 [ERROR] ❌ Error en query_pid 0104: 'HighSpeedOBDDashboard' object has no attribute 'socket'
2025-06-06 19:09:41 [WARNING] ⚠️ Datos inválidos para PID 0104: None
2025-06-06 19:09:41 [ERROR] ❌ Error en query_pid 0111: 'HighSpeedOBDDashboard' object has no attribute 'socket'
2025-06-06 19:09:41 [WARNING] ⚠️ Datos inválidos para PID 0111: None
