=== REPORTE DEL DÍA 2025-06-06 ===
[2025-06-06 10:25:35] ADVERTENCIA: ADVERTENCIA: Intento de adquisición de datos OBD-II en modo real sin conexión activa o ELM327 no inicializado. self.connected=False, self.elm=None | Contexto: read_data
[2025-06-06 10:25:35] ADVERTENCIA: ADVERTENCIA: Intento de adquisición de datos OBD-II en modo real sin conexión activa o ELM327 no inicializado. self.connected=False, self.elm=None | Contexto: read_data
[2025-06-06 10:25:35] ADVERTENCIA: ADVERTENCIA: Intento de adquisición de datos OBD-II en modo real sin conexión activa o ELM327 no inicializado. self.connected=False, self.elm=None | Contexto: read_data
[2025-06-06 10:25:35] ADVERTENCIA: ADVERTENCIA: Intento de adquisición de datos OBD-II en modo real sin conexión activa o ELM327 no inicializado. self.connected=False, self.elm=None | Contexto: read_data
[2025-06-06 10:25:35] ADVERTENCIA: ADVERTENCIA: Intento de adquisición de datos OBD-II en modo real sin conexión activa o ELM327 no inicializado. self.connected=False, self.elm=None | Contexto: read_data
[2025-06-06 10:25:35] ADVERTENCIA: ADVERTENCIA: Intento de adquisición de datos OBD-II en modo real sin conexión activa o ELM327 no inicializado. self.connected=False, self.elm=None | Contexto: read_data
[2025-06-06 10:25:36] ADVERTENCIA: ADVERTENCIA: Intento de adquisición de datos OBD-II en modo real sin conexión activa o ELM327 no inicializado. self.connected=False, self.elm=None | Contexto: read_data
[2025-06-06 10:25:36] ADVERTENCIA: ADVERTENCIA: Intento de adquisición de datos OBD-II en modo real sin conexión activa o ELM327 no inicializado. self.connected=False, self.elm=None | Contexto: read_data
[2025-06-06 10:25:36] ADVERTENCIA: ADVERTENCIA: Intento de adquisición de datos OBD-II en modo real sin conexión activa o ELM327 no inicializado. self.connected=False, self.elm=None | Contexto: read_data
[2025-06-06 10:25:36] ADVERTENCIA: ADVERTENCIA: Intento de adquisición de datos OBD-II en modo real sin conexión activa o ELM327 no inicializado. self.connected=False, self.elm=None | Contexto: read_data
[2025-06-06 10:25:36] ADVERTENCIA: ADVERTENCIA: Intento de adquisición de datos OBD-II en modo real sin conexión activa o ELM327 no inicializado. self.connected=False, self.elm=None | Contexto: read_data
[2025-06-06 10:25:36] ADVERTENCIA: ADVERTENCIA: Intento de adquisición de datos OBD-II en modo real sin conexión activa o ELM327 no inicializado. self.connected=False, self.elm=None | Contexto: read_data
[2025-06-06 10:25:36] ADVERTENCIA: ADVERTENCIA: Intento de adquisición de datos OBD-II en modo real sin conexión activa o ELM327 no inicializado. self.connected=False, self.elm=None | Contexto: read_data
[2025-06-06 10:25:36] ADVERTENCIA: ADVERTENCIA: Intento de adquisición de datos OBD-II en modo real sin conexión activa o ELM327 no inicializado. self.connected=False, self.elm=None | Contexto: read_data
[2025-06-06 10:25:36] ADVERTENCIA: ADVERTENCIA: Intento de adquisición de datos OBD-II en modo real sin conexión activa o ELM327 no inicializado. self.connected=False, self.elm=None | Contexto: read_data
[2025-06-06 10:25:37] ADVERTENCIA: ADVERTENCIA: Intento de adquisición de datos OBD-II en modo real sin conexión activa o ELM327 no inicializado. self.connected=False, self.elm=None | Contexto: read_data
[2025-06-06 10:25:37] ADVERTENCIA: ADVERTENCIA: Intento de adquisición de datos OBD-II en modo real sin conexión activa o ELM327 no inicializado. self.connected=False, self.elm=None | Contexto: read_data
[2025-06-06 10:25:37] ADVERTENCIA: ADVERTENCIA: Intento de adquisición de datos OBD-II en modo real sin conexión activa o ELM327 no inicializado. self.connected=False, self.elm=None | Contexto: read_data
[2025-06-06 10:25:37] ADVERTENCIA: ADVERTENCIA: Intento de adquisición de datos OBD-II en modo real sin conexión activa o ELM327 no inicializado. self.connected=False, self.elm=None | Contexto: read_data
[2025-06-06 10:25:37] ADVERTENCIA: ADVERTENCIA: Intento de adquisición de datos OBD-II en modo real sin conexión activa o ELM327 no inicializado. self.connected=False, self.elm=None | Contexto: read_data
[2025-06-06 10:25:37] ADVERTENCIA: ADVERTENCIA: Intento de adquisición de datos OBD-II en modo real sin conexión activa o ELM327 no inicializado. self.connected=False, self.elm=None | Contexto: read_data
[2025-06-06 10:25:37] ADVERTENCIA: ADVERTENCIA: Intento de adquisición de datos OBD-II en modo real sin conexión activa o ELM327 no inicializado. self.connected=False, self.elm=None | Contexto: read_data
[2025-06-06 10:25:37] ADVERTENCIA: ADVERTENCIA: Intento de adquisición de datos OBD-II en modo real sin conexión activa o ELM327 no inicializado. self.connected=False, self.elm=None | Contexto: read_data
[2025-06-06 10:25:37] ADVERTENCIA: ADVERTENCIA: Intento de adquisición de datos OBD-II en modo real sin conexión activa o ELM327 no inicializado. self.connected=False, self.elm=None | Contexto: read_data
[2025-06-06 10:25:37] ADVERTENCIA: ADVERTENCIA: Intento de adquisición de datos OBD-II en modo real sin conexión activa o ELM327 no inicializado. self.connected=False, self.elm=None | Contexto: read_data
[2025-06-06 10:25:38] ADVERTENCIA: ADVERTENCIA: Intento de adquisición de datos OBD-II en modo real sin conexión activa o ELM327 no inicializado. self.connected=False, self.elm=None | Contexto: read_data
[2025-06-06 10:25:38] ADVERTENCIA: ADVERTENCIA: Intento de adquisición de datos OBD-II en modo real sin conexión activa o ELM327 no inicializado. self.connected=False, self.elm=None | Contexto: read_data
[2025-06-06 10:25:38] ADVERTENCIA: ADVERTENCIA: Intento de adquisición de datos OBD-II en modo real sin conexión activa o ELM327 no inicializado. self.connected=False, self.elm=None | Contexto: read_data
[2025-06-06 10:25:38] ADVERTENCIA: ADVERTENCIA: Intento de adquisición de datos OBD-II en modo real sin conexión activa o ELM327 no inicializado. self.connected=False, self.elm=None | Contexto: read_data
[2025-06-06 10:25:38] ADVERTENCIA: ADVERTENCIA: Intento de adquisición de datos OBD-II en modo real sin conexión activa o ELM327 no inicializado. self.connected=False, self.elm=None | Contexto: read_data
[2025-06-06 10:25:38] ADVERTENCIA: ADVERTENCIA: Intento de adquisición de datos OBD-II en modo real sin conexión activa o ELM327 no inicializado. self.connected=False, self.elm=None | Contexto: read_data
[2025-06-06 10:25:38] ADVERTENCIA: ADVERTENCIA: Intento de adquisición de datos OBD-II en modo real sin conexión activa o ELM327 no inicializado. self.connected=False, self.elm=None | Contexto: read_data
[2025-06-06 10:25:38] ADVERTENCIA: ADVERTENCIA: Intento de adquisición de datos OBD-II en modo real sin conexión activa o ELM327 no inicializado. self.connected=False, self.elm=None | Contexto: read_data
[2025-06-06 10:25:38] ADVERTENCIA: ADVERTENCIA: Intento de adquisición de datos OBD-II en modo real sin conexión activa o ELM327 no inicializado. self.connected=False, self.elm=None | Contexto: read_data
[2025-06-06 10:25:39] ADVERTENCIA: ADVERTENCIA: Intento de adquisición de datos OBD-II en modo real sin conexión activa o ELM327 no inicializado. self.connected=False, self.elm=None | Contexto: read_data
[2025-06-06 10:25:39] ADVERTENCIA: ADVERTENCIA: Intento de adquisición de datos OBD-II en modo real sin conexión activa o ELM327 no inicializado. self.connected=False, self.elm=None | Contexto: read_data
[2025-06-06 10:25:39] ADVERTENCIA: ADVERTENCIA: Intento de adquisición de datos OBD-II en modo real sin conexión activa o ELM327 no inicializado. self.connected=False, self.elm=None | Contexto: read_data
[2025-06-06 10:25:39] ADVERTENCIA: ADVERTENCIA: Intento de adquisición de datos OBD-II en modo real sin conexión activa o ELM327 no inicializado. self.connected=False, self.elm=None | Contexto: read_data
[2025-06-06 10:25:39] ADVERTENCIA: ADVERTENCIA: Intento de adquisición de datos OBD-II en modo real sin conexión activa o ELM327 no inicializado. self.connected=False, self.elm=None | Contexto: read_data
[2025-06-06 10:25:39] ADVERTENCIA: ADVERTENCIA: Intento de adquisición de datos OBD-II en modo real sin conexión activa o ELM327 no inicializado. self.connected=False, self.elm=None | Contexto: read_data
[2025-06-06 10:25:39] ADVERTENCIA: ADVERTENCIA: Intento de adquisición de datos OBD-II en modo real sin conexión activa o ELM327 no inicializado. self.connected=False, self.elm=None | Contexto: read_data
[2025-06-06 10:25:39] ADVERTENCIA: ADVERTENCIA: Intento de adquisición de datos OBD-II en modo real sin conexión activa o ELM327 no inicializado. self.connected=False, self.elm=None | Contexto: read_data
[2025-06-06 10:25:39] ADVERTENCIA: ADVERTENCIA: Intento de adquisición de datos OBD-II en modo real sin conexión activa o ELM327 no inicializado. self.connected=False, self.elm=None | Contexto: read_data
[2025-06-06 10:25:40] ADVERTENCIA: ADVERTENCIA: Intento de adquisición de datos OBD-II en modo real sin conexión activa o ELM327 no inicializado. self.connected=False, self.elm=None | Contexto: read_data
[2025-06-06 10:25:40] ADVERTENCIA: ADVERTENCIA: Intento de adquisición de datos OBD-II en modo real sin conexión activa o ELM327 no inicializado. self.connected=False, self.elm=None | Contexto: read_data
[2025-06-06 10:25:40] ADVERTENCIA: ADVERTENCIA: Intento de adquisición de datos OBD-II en modo real sin conexión activa o ELM327 no inicializado. self.connected=False, self.elm=None | Contexto: read_data
[2025-06-06 10:25:40] ADVERTENCIA: ADVERTENCIA: Intento de adquisición de datos OBD-II en modo real sin conexión activa o ELM327 no inicializado. self.connected=False, self.elm=None | Contexto: read_data
[2025-06-06 10:25:40] ADVERTENCIA: ADVERTENCIA: Intento de adquisición de datos OBD-II en modo real sin conexión activa o ELM327 no inicializado. self.connected=False, self.elm=None | Contexto: read_data
[2025-06-06 10:25:40] ADVERTENCIA: ADVERTENCIA: Intento de adquisición de datos OBD-II en modo real sin conexión activa o ELM327 no inicializado. self.connected=False, self.elm=None | Contexto: read_data
[2025-06-06 10:25:40] ADVERTENCIA: ADVERTENCIA: Intento de adquisición de datos OBD-II en modo real sin conexión activa o ELM327 no inicializado. self.connected=False, self.elm=None | Contexto: read_data
[2025-06-06 10:25:40] ADVERTENCIA: ADVERTENCIA: Intento de adquisición de datos OBD-II en modo real sin conexión activa o ELM327 no inicializado. self.connected=False, self.elm=None | Contexto: read_data
[2025-06-06 10:25:40] ADVERTENCIA: ADVERTENCIA: Intento de adquisición de datos OBD-II en modo real sin conexión activa o ELM327 no inicializado. self.connected=False, self.elm=None | Contexto: read_data
[2025-06-06 10:25:41] ADVERTENCIA: ADVERTENCIA: Intento de adquisición de datos OBD-II en modo real sin conexión activa o ELM327 no inicializado. self.connected=False, self.elm=None | Contexto: read_data
[2025-06-06 10:25:41] ADVERTENCIA: ADVERTENCIA: Intento de adquisición de datos OBD-II en modo real sin conexión activa o ELM327 no inicializado. self.connected=False, self.elm=None | Contexto: read_data
[2025-06-06 10:25:41] ADVERTENCIA: ADVERTENCIA: Intento de adquisición de datos OBD-II en modo real sin conexión activa o ELM327 no inicializado. self.connected=False, self.elm=None | Contexto: read_data
[2025-06-06 10:25:41] ADVERTENCIA: ADVERTENCIA: Intento de adquisición de datos OBD-II en modo real sin conexión activa o ELM327 no inicializado. self.connected=False, self.elm=None | Contexto: read_data
[2025-06-06 10:25:41] ADVERTENCIA: ADVERTENCIA: Intento de adquisición de datos OBD-II en modo real sin conexión activa o ELM327 no inicializado. self.connected=False, self.elm=None | Contexto: read_data
[2025-06-06 10:25:41] ADVERTENCIA: ADVERTENCIA: Intento de adquisición de datos OBD-II en modo real sin conexión activa o ELM327 no inicializado. self.connected=False, self.elm=None | Contexto: read_data
[2025-06-06 10:25:41] ADVERTENCIA: ADVERTENCIA: Intento de adquisición de datos OBD-II en modo real sin conexión activa o ELM327 no inicializado. self.connected=False, self.elm=None | Contexto: read_data
[2025-06-06 10:25:41] ADVERTENCIA: ADVERTENCIA: Intento de adquisición de datos OBD-II en modo real sin conexión activa o ELM327 no inicializado. self.connected=False, self.elm=None | Contexto: read_data
[2025-06-06 10:25:41] ADVERTENCIA: ADVERTENCIA: Intento de adquisición de datos OBD-II en modo real sin conexión activa o ELM327 no inicializado. self.connected=False, self.elm=None | Contexto: read_data
[2025-06-06 10:25:42] ADVERTENCIA: ADVERTENCIA: Intento de adquisición de datos OBD-II en modo real sin conexión activa o ELM327 no inicializado. self.connected=False, self.elm=None | Contexto: read_data
[2025-06-06 10:25:42] ADVERTENCIA: ADVERTENCIA: Intento de adquisición de datos OBD-II en modo real sin conexión activa o ELM327 no inicializado. self.connected=False, self.elm=None | Contexto: read_data
[2025-06-06 10:25:42] ADVERTENCIA: ADVERTENCIA: Intento de adquisición de datos OBD-II en modo real sin conexión activa o ELM327 no inicializado. self.connected=False, self.elm=None | Contexto: read_data
[2025-06-06 10:25:42] ADVERTENCIA: ADVERTENCIA: Intento de adquisición de datos OBD-II en modo real sin conexión activa o ELM327 no inicializado. self.connected=False, self.elm=None | Contexto: read_data
[2025-06-06 10:25:42] ADVERTENCIA: ADVERTENCIA: Intento de adquisición de datos OBD-II en modo real sin conexión activa o ELM327 no inicializado. self.connected=False, self.elm=None | Contexto: read_data
[2025-06-06 10:25:42] ADVERTENCIA: ADVERTENCIA: Intento de adquisición de datos OBD-II en modo real sin conexión activa o ELM327 no inicializado. self.connected=False, self.elm=None | Contexto: read_data
[2025-06-06 10:25:42] ADVERTENCIA: ADVERTENCIA: Intento de adquisición de datos OBD-II en modo real sin conexión activa o ELM327 no inicializado. self.connected=False, self.elm=None | Contexto: read_data
[2025-06-06 10:25:42] ADVERTENCIA: ADVERTENCIA: Intento de adquisición de datos OBD-II en modo real sin conexión activa o ELM327 no inicializado. self.connected=False, self.elm=None | Contexto: read_data
[2025-06-06 10:25:42] ADVERTENCIA: ADVERTENCIA: Intento de adquisición de datos OBD-II en modo real sin conexión activa o ELM327 no inicializado. self.connected=False, self.elm=None | Contexto: read_data
[2025-06-06 10:25:43] ADVERTENCIA: ADVERTENCIA: Intento de adquisición de datos OBD-II en modo real sin conexión activa o ELM327 no inicializado. self.connected=False, self.elm=None | Contexto: read_data
[2025-06-06 10:25:43] ADVERTENCIA: ADVERTENCIA: Intento de adquisición de datos OBD-II en modo real sin conexión activa o ELM327 no inicializado. self.connected=False, self.elm=None | Contexto: read_data
[2025-06-06 10:25:43] ADVERTENCIA: ADVERTENCIA: Intento de adquisición de datos OBD-II en modo real sin conexión activa o ELM327 no inicializado. self.connected=False, self.elm=None | Contexto: read_data
[2025-06-06 10:25:43] ADVERTENCIA: ADVERTENCIA: Intento de adquisición de datos OBD-II en modo real sin conexión activa o ELM327 no inicializado. self.connected=False, self.elm=None | Contexto: read_data
[2025-06-06 10:25:43] ADVERTENCIA: ADVERTENCIA: Intento de adquisición de datos OBD-II en modo real sin conexión activa o ELM327 no inicializado. self.connected=False, self.elm=None | Contexto: read_data
[2025-06-06 10:25:45] INFO: Handshake OK con ELM327 | Contexto: connect
[2025-06-06 10:25:45] ADVERTENCIA: [read_data] Error al guardar en la base de datos: table lecturas has no column named escenario
[2025-06-06 10:25:45] ADVERTENCIA: [read_data] Error al guardar en la base de datos: table lecturas has no column named escenario
[2025-06-06 10:25:45] ADVERTENCIA: [read_data] Error al guardar en la base de datos: table lecturas has no column named escenario
[2025-06-06 10:25:45] ADVERTENCIA: [read_data] Error al guardar en la base de datos: table lecturas has no column named escenario
[2025-06-06 10:25:45] ADVERTENCIA: [read_data] Error al guardar en la base de datos: table lecturas has no column named escenario
[2025-06-06 10:25:45] ADVERTENCIA: [read_data] Error al guardar en la base de datos: table lecturas has no column named escenario
[2025-06-06 10:25:45] ADVERTENCIA: [read_data] Error al guardar en la base de datos: table lecturas has no column named escenario
[2025-06-06 10:25:45] ADVERTENCIA: [read_data] Error al guardar en la base de datos: table lecturas has no column named escenario
[2025-06-06 10:25:46] ADVERTENCIA: [read_data] Error al guardar en la base de datos: table lecturas has no column named escenario
[2025-06-06 10:25:46] ADVERTENCIA: [read_data] Error al guardar en la base de datos: table lecturas has no column named escenario
[2025-06-06 10:25:46] ADVERTENCIA: [read_data] Error al guardar en la base de datos: table lecturas has no column named escenario
[2025-06-06 10:25:46] ADVERTENCIA: [read_data] Error al guardar en la base de datos: table lecturas has no column named escenario
[2025-06-06 10:25:46] ADVERTENCIA: [read_data] Error al guardar en la base de datos: table lecturas has no column named escenario
[2025-06-06 10:25:46] ADVERTENCIA: [read_data] Error al guardar en la base de datos: table lecturas has no column named escenario
[2025-06-06 10:25:46] ADVERTENCIA: [read_data] Error al guardar en la base de datos: table lecturas has no column named escenario
[2025-06-06 10:25:46] ADVERTENCIA: [read_data] Error al guardar en la base de datos: table lecturas has no column named escenario
[2025-06-06 10:25:46] ADVERTENCIA: [read_data] Error al guardar en la base de datos: table lecturas has no column named escenario
[2025-06-06 10:25:46] ADVERTENCIA: [read_data] Error al guardar en la base de datos: table lecturas has no column named escenario
[2025-06-06 10:25:47] ADVERTENCIA: [read_data] Error al guardar en la base de datos: table lecturas has no column named escenario
[2025-06-06 10:25:47] ADVERTENCIA: [read_data] Error al guardar en la base de datos: table lecturas has no column named escenario
[2025-06-06 10:25:47] ADVERTENCIA: [read_data] Error al guardar en la base de datos: table lecturas has no column named escenario
[2025-06-06 10:25:47] ADVERTENCIA: [read_data] Error al guardar en la base de datos: table lecturas has no column named escenario
[2025-06-06 10:25:47] ADVERTENCIA: [read_data] Error al guardar en la base de datos: table lecturas has no column named escenario
[2025-06-06 10:25:47] ADVERTENCIA: [read_data] Error al guardar en la base de datos: table lecturas has no column named escenario
[2025-06-06 10:25:47] ADVERTENCIA: [read_data] Error al guardar en la base de datos: table lecturas has no column named escenario
[2025-06-06 10:25:47] ADVERTENCIA: [read_data] Error al guardar en la base de datos: table lecturas has no column named escenario
[2025-06-06 10:25:47] ADVERTENCIA: [read_data] Error al guardar en la base de datos: table lecturas has no column named escenario
[2025-06-06 10:25:48] ADVERTENCIA: [read_data] Error al guardar en la base de datos: table lecturas has no column named escenario
[2025-06-06 10:25:48] ADVERTENCIA: [read_data] Error al guardar en la base de datos: table lecturas has no column named escenario
[2025-06-06 10:25:48] ADVERTENCIA: [read_data] Error al guardar en la base de datos: table lecturas has no column named escenario
[2025-06-06 10:25:48] ADVERTENCIA: [read_data] Error al guardar en la base de datos: table lecturas has no column named escenario
[2025-06-06 10:25:48] ADVERTENCIA: [read_data] Error al guardar en la base de datos: table lecturas has no column named escenario
[2025-06-06 10:25:48] ADVERTENCIA: [read_data] Error al guardar en la base de datos: table lecturas has no column named escenario
[2025-06-06 10:25:48] ADVERTENCIA: [read_data] Error al guardar en la base de datos: table lecturas has no column named escenario
[2025-06-06 10:25:48] ADVERTENCIA: [read_data] Error al guardar en la base de datos: table lecturas has no column named escenario
[2025-06-06 10:25:48] ADVERTENCIA: [read_data] Error al guardar en la base de datos: table lecturas has no column named escenario
[2025-06-06 10:25:49] ADVERTENCIA: [read_data] Error al guardar en la base de datos: table lecturas has no column named escenario
[2025-06-06 10:25:49] ADVERTENCIA: [read_data] Error al guardar en la base de datos: table lecturas has no column named escenario
[2025-06-06 10:25:49] ADVERTENCIA: [read_data] Error al guardar en la base de datos: table lecturas has no column named escenario
[2025-06-06 10:25:49] ADVERTENCIA: [read_data] Error al guardar en la base de datos: table lecturas has no column named escenario
[2025-06-06 10:25:49] ADVERTENCIA: [read_data] Error al guardar en la base de datos: table lecturas has no column named escenario
[2025-06-06 10:25:49] ADVERTENCIA: [read_data] Error al guardar en la base de datos: table lecturas has no column named escenario
[2025-06-06 10:25:49] ADVERTENCIA: [read_data] Error al guardar en la base de datos: table lecturas has no column named escenario
[2025-06-06 10:25:49] ADVERTENCIA: [read_data] Error al guardar en la base de datos: table lecturas has no column named escenario
[2025-06-06 10:25:49] ADVERTENCIA: [read_data] Error al guardar en la base de datos: table lecturas has no column named escenario
[2025-06-06 10:25:50] ADVERTENCIA: [read_data] Error al guardar en la base de datos: table lecturas has no column named escenario
[2025-06-06 10:25:50] ADVERTENCIA: [read_data] Error al guardar en la base de datos: table lecturas has no column named escenario
[2025-06-06 10:25:50] ADVERTENCIA: [read_data] Error al guardar en la base de datos: table lecturas has no column named escenario
[2025-06-06 10:25:50] ADVERTENCIA: [read_data] Error al guardar en la base de datos: table lecturas has no column named escenario
[2025-06-06 10:25:50] ADVERTENCIA: [read_data] Error al guardar en la base de datos: table lecturas has no column named escenario
[2025-06-06 10:25:50] ADVERTENCIA: [read_data] Error al guardar en la base de datos: table lecturas has no column named escenario
[2025-06-06 10:25:50] ADVERTENCIA: [read_data] Error al guardar en la base de datos: table lecturas has no column named escenario
[2025-06-06 10:25:50] ADVERTENCIA: [read_data] Error al guardar en la base de datos: table lecturas has no column named escenario
[2025-06-06 10:25:50] ADVERTENCIA: [read_data] Error al guardar en la base de datos: table lecturas has no column named escenario
[2025-06-06 10:25:51] ADVERTENCIA: [read_data] Error al guardar en la base de datos: table lecturas has no column named escenario
[2025-06-06 10:25:51] INFO: PIDs activos tras selección: [] | Contexto: UI_tracking
[2025-06-06 10:25:51] ADVERTENCIA: [read_data] Error al guardar en la base de datos: table lecturas has no column named escenario
[2025-06-06 10:25:51] ADVERTENCIA: [read_data] Error al guardar en la base de datos: table lecturas has no column named escenario
[2025-06-06 10:25:51] ADVERTENCIA: [read_data] Error al guardar en la base de datos: table lecturas has no column named escenario
[2025-06-06 10:25:51] ADVERTENCIA: [read_data] Error al guardar en la base de datos: table lecturas has no column named escenario
[2025-06-06 10:25:51] ADVERTENCIA: [read_data] Error al guardar en la base de datos: table lecturas has no column named escenario
[2025-06-06 10:25:51] ADVERTENCIA: [read_data] Error al guardar en la base de datos: table lecturas has no column named escenario
[2025-06-06 10:25:51] ADVERTENCIA: [read_data] Error al guardar en la base de datos: table lecturas has no column named escenario
[2025-06-06 10:25:51] ADVERTENCIA: [read_data] Error al guardar en la base de datos: table lecturas has no column named escenario
[2025-06-06 10:25:52] ADVERTENCIA: [read_data] Error al guardar en la base de datos: table lecturas has no column named escenario
[2025-06-06 10:25:52] ADVERTENCIA: [read_data] Error al guardar en la base de datos: table lecturas has no column named escenario
[2025-06-06 10:25:52] ADVERTENCIA: [read_data] Error al guardar en la base de datos: table lecturas has no column named escenario
[2025-06-06 10:25:52] ADVERTENCIA: [read_data] Error al guardar en la base de datos: table lecturas has no column named escenario
[2025-06-06 10:25:52] ADVERTENCIA: [read_data] Error al guardar en la base de datos: table lecturas has no column named escenario
[2025-06-06 10:25:52] ADVERTENCIA: [read_data] Error al guardar en la base de datos: table lecturas has no column named escenario
[2025-06-06 10:25:52] ADVERTENCIA: [read_data] Error al guardar en la base de datos: table lecturas has no column named escenario
[2025-06-06 10:25:52] ADVERTENCIA: [read_data] Error al guardar en la base de datos: table lecturas has no column named escenario
[2025-06-06 10:25:52] ADVERTENCIA: [read_data] Error al guardar en la base de datos: table lecturas has no column named escenario
[2025-06-06 10:25:53] ADVERTENCIA: [read_data] Error al guardar en la base de datos: table lecturas has no column named escenario
[2025-06-06 10:25:53] ADVERTENCIA: [read_data] Error al guardar en la base de datos: table lecturas has no column named escenario
[2025-06-06 10:25:53] ADVERTENCIA: [read_data] Error al guardar en la base de datos: table lecturas has no column named escenario
[2025-06-06 10:25:53] ADVERTENCIA: [read_data] Error al guardar en la base de datos: table lecturas has no column named escenario
[2025-06-06 10:25:53] ADVERTENCIA: [read_data] Error al guardar en la base de datos: table lecturas has no column named escenario
[2025-06-06 10:25:53] ADVERTENCIA: [read_data] Error al guardar en la base de datos: table lecturas has no column named escenario
[2025-06-06 10:25:53] INFO: PIDs activos tras selección: [] | Contexto: UI_tracking
[2025-06-06 10:25:53] ADVERTENCIA: [read_data] Error al guardar en la base de datos: table lecturas has no column named escenario
[2025-06-06 10:25:53] ADVERTENCIA: [read_data] Error al guardar en la base de datos: table lecturas has no column named escenario
[2025-06-06 10:25:53] ADVERTENCIA: [read_data] Error al guardar en la base de datos: table lecturas has no column named escenario
[2025-06-06 10:25:54] ADVERTENCIA: [read_data] Error al guardar en la base de datos: table lecturas has no column named escenario
[2025-06-06 10:25:54] ADVERTENCIA: [read_data] Error al guardar en la base de datos: table lecturas has no column named escenario
[2025-06-06 10:25:54] ADVERTENCIA: [read_data] Error al guardar en la base de datos: table lecturas has no column named escenario
[2025-06-06 10:25:54] ADVERTENCIA: [read_data] Error al guardar en la base de datos: table lecturas has no column named escenario
[2025-06-06 10:25:54] ADVERTENCIA: [read_data] Error al guardar en la base de datos: table lecturas has no column named escenario
[2025-06-06 10:25:54] ADVERTENCIA: [read_data] Error al guardar en la base de datos: table lecturas has no column named escenario
[2025-06-06 10:25:54] ADVERTENCIA: [read_data] Error al guardar en la base de datos: table lecturas has no column named escenario
[2025-06-06 10:25:54] ADVERTENCIA: [read_data] Error al guardar en la base de datos: table lecturas has no column named escenario
[2025-06-06 10:25:54] ADVERTENCIA: [read_data] Error al guardar en la base de datos: table lecturas has no column named escenario
[2025-06-06 10:25:54] ADVERTENCIA: [read_data] Error al guardar en la base de datos: table lecturas has no column named escenario
[2025-06-06 10:25:55] ADVERTENCIA: [read_data] Error al guardar en la base de datos: table lecturas has no column named escenario
[2025-06-06 10:25:55] ADVERTENCIA: [read_data] Error al guardar en la base de datos: table lecturas has no column named escenario
[2025-06-06 10:25:55] ADVERTENCIA: [read_data] Error al guardar en la base de datos: table lecturas has no column named escenario
[2025-06-06 10:25:55] ADVERTENCIA: [read_data] Error al guardar en la base de datos: table lecturas has no column named escenario
[2025-06-06 10:25:55] ADVERTENCIA: [read_data] Error al guardar en la base de datos: table lecturas has no column named escenario
[2025-06-06 10:25:55] ADVERTENCIA: [read_data] Error al guardar en la base de datos: table lecturas has no column named escenario
[2025-06-06 10:25:55] ADVERTENCIA: [read_data] Error al guardar en la base de datos: table lecturas has no column named escenario
[2025-06-06 10:25:55] ADVERTENCIA: [read_data] Error al guardar en la base de datos: table lecturas has no column named escenario
[2025-06-06 10:25:55] ADVERTENCIA: [read_data] Error al guardar en la base de datos: table lecturas has no column named escenario
[2025-06-06 10:25:56] ADVERTENCIA: [read_data] Error al guardar en la base de datos: table lecturas has no column named escenario
[2025-06-06 10:25:56] ADVERTENCIA: [read_data] Error al guardar en la base de datos: table lecturas has no column named escenario
[2025-06-06 10:25:56] ADVERTENCIA: [read_data] Error al guardar en la base de datos: table lecturas has no column named escenario
[2025-06-06 10:25:56] ADVERTENCIA: [read_data] Error al guardar en la base de datos: table lecturas has no column named escenario
[2025-06-06 10:25:56] ADVERTENCIA: [read_data] Error al guardar en la base de datos: table lecturas has no column named escenario
[2025-06-06 10:25:56] ADVERTENCIA: [read_data] Error al guardar en la base de datos: table lecturas has no column named escenario
[2025-06-06 10:25:56] ADVERTENCIA: [read_data] Error al guardar en la base de datos: table lecturas has no column named escenario
[2025-06-06 10:25:56] ADVERTENCIA: [read_data] Error al guardar en la base de datos: table lecturas has no column named escenario
[2025-06-06 10:25:56] ADVERTENCIA: [read_data] Error al guardar en la base de datos: table lecturas has no column named escenario
[2025-06-06 10:25:57] ADVERTENCIA: [read_data] Error al guardar en la base de datos: table lecturas has no column named escenario
[2025-06-06 10:25:57] ADVERTENCIA: [read_data] Error al guardar en la base de datos: table lecturas has no column named escenario
[2025-06-06 10:25:57] ADVERTENCIA: [read_data] Error al guardar en la base de datos: table lecturas has no column named escenario
[2025-06-06 10:25:57] ADVERTENCIA: [read_data] Error al guardar en la base de datos: table lecturas has no column named escenario
[2025-06-06 10:25:57] ADVERTENCIA: [read_data] Error al guardar en la base de datos: table lecturas has no column named escenario
[2025-06-06 10:25:57] ADVERTENCIA: [read_data] Error al guardar en la base de datos: table lecturas has no column named escenario
[2025-06-06 10:25:57] INFO: PIDs activos tras selección: [] | Contexto: UI_tracking
[2025-06-06 10:25:57] ADVERTENCIA: [read_data] Error al guardar en la base de datos: table lecturas has no column named escenario
[2025-06-06 10:25:57] ADVERTENCIA: [read_data] Error al guardar en la base de datos: table lecturas has no column named escenario
[2025-06-06 10:25:57] ADVERTENCIA: [read_data] Error al guardar en la base de datos: table lecturas has no column named escenario
[2025-06-06 10:25:58] ADVERTENCIA: [read_data] Error al guardar en la base de datos: table lecturas has no column named escenario
[2025-06-06 10:25:58] ADVERTENCIA: [read_data] Error al guardar en la base de datos: table lecturas has no column named escenario
[2025-06-06 10:25:58] ADVERTENCIA: [read_data] Error al guardar en la base de datos: table lecturas has no column named escenario
[2025-06-06 10:25:58] ADVERTENCIA: [read_data] Error al guardar en la base de datos: table lecturas has no column named escenario
[2025-06-06 10:25:58] ADVERTENCIA: [read_data] Error al guardar en la base de datos: table lecturas has no column named escenario
[2025-06-06 10:25:58] ADVERTENCIA: [read_data] Error al guardar en la base de datos: table lecturas has no column named escenario
[2025-06-06 10:25:58] ADVERTENCIA: [read_data] Error al guardar en la base de datos: table lecturas has no column named escenario
[2025-06-06 10:25:58] ADVERTENCIA: [read_data] Error al guardar en la base de datos: table lecturas has no column named escenario
[2025-06-06 10:25:58] ADVERTENCIA: [read_data] Error al guardar en la base de datos: table lecturas has no column named escenario
[2025-06-06 10:25:59] ADVERTENCIA: [read_data] Error al guardar en la base de datos: table lecturas has no column named escenario
[2025-06-06 10:25:59] INFO: PIDs activos tras selección: [] | Contexto: UI_tracking
[2025-06-06 10:25:59] ADVERTENCIA: [read_data] Error al guardar en la base de datos: table lecturas has no column named escenario
[2025-06-06 10:25:59] ADVERTENCIA: [read_data] Error al guardar en la base de datos: table lecturas has no column named escenario
[2025-06-06 10:25:59] ADVERTENCIA: [read_data] Error al guardar en la base de datos: table lecturas has no column named escenario
[2025-06-06 10:25:59] ADVERTENCIA: [read_data] Error al guardar en la base de datos: table lecturas has no column named escenario
[2025-06-06 10:25:59] ADVERTENCIA: [read_data] Error al guardar en la base de datos: table lecturas has no column named escenario
[2025-06-06 10:25:59] ADVERTENCIA: [read_data] Error al guardar en la base de datos: table lecturas has no column named escenario
[2025-06-06 10:25:59] ADVERTENCIA: [read_data] Error al guardar en la base de datos: table lecturas has no column named escenario
[2025-06-06 10:25:59] ADVERTENCIA: [read_data] Error al guardar en la base de datos: table lecturas has no column named escenario
[2025-06-06 10:26:00] ADVERTENCIA: [read_data] Error al guardar en la base de datos: table lecturas has no column named escenario
[2025-06-06 10:26:00] ADVERTENCIA: [read_data] Error al guardar en la base de datos: table lecturas has no column named escenario
[2025-06-06 10:26:00] ADVERTENCIA: [read_data] Error al guardar en la base de datos: table lecturas has no column named escenario
[2025-06-06 10:26:00] ADVERTENCIA: [read_data] Error al guardar en la base de datos: table lecturas has no column named escenario
[2025-06-06 10:26:00] ADVERTENCIA: [read_data] Error al guardar en la base de datos: table lecturas has no column named escenario
[2025-06-06 10:26:00] ADVERTENCIA: [read_data] Error al guardar en la base de datos: table lecturas has no column named escenario
[2025-06-06 10:26:00] ADVERTENCIA: [read_data] Error al guardar en la base de datos: table lecturas has no column named escenario
[2025-06-06 10:26:00] ADVERTENCIA: [read_data] Error al guardar en la base de datos: table lecturas has no column named escenario
[2025-06-06 10:26:00] ADVERTENCIA: [read_data] Error al guardar en la base de datos: table lecturas has no column named escenario
[2025-06-06 10:26:01] ADVERTENCIA: [read_data] Error al guardar en la base de datos: table lecturas has no column named escenario
[2025-06-06 10:26:01] ADVERTENCIA: [read_data] Error al guardar en la base de datos: table lecturas has no column named escenario
[2025-06-06 10:26:01] ADVERTENCIA: [read_data] Error al guardar en la base de datos: table lecturas has no column named escenario
[2025-06-06 10:26:01] ADVERTENCIA: [read_data] Error al guardar en la base de datos: table lecturas has no column named escenario
[2025-06-06 10:26:01] ADVERTENCIA: [read_data] Error al guardar en la base de datos: table lecturas has no column named escenario
[2025-06-06 10:26:01] ADVERTENCIA: [read_data] Error al guardar en la base de datos: table lecturas has no column named escenario
[2025-06-06 10:26:01] ADVERTENCIA: [read_data] Error al guardar en la base de datos: table lecturas has no column named escenario
[2025-06-06 10:26:01] ADVERTENCIA: [read_data] Error al guardar en la base de datos: table lecturas has no column named escenario
[2025-06-06 10:26:01] ADVERTENCIA: [read_data] Error al guardar en la base de datos: table lecturas has no column named escenario
[2025-06-06 10:26:02] ADVERTENCIA: [read_data] Error al guardar en la base de datos: table lecturas has no column named escenario
[2025-06-06 10:26:02] ADVERTENCIA: [read_data] Error al guardar en la base de datos: table lecturas has no column named escenario
[2025-06-06 10:26:02] ADVERTENCIA: [read_data] Error al guardar en la base de datos: table lecturas has no column named escenario
[2025-06-06 10:26:02] ADVERTENCIA: [read_data] Error al guardar en la base de datos: table lecturas has no column named escenario
[2025-06-06 10:26:02] ADVERTENCIA: [read_data] Error al guardar en la base de datos: table lecturas has no column named escenario
[2025-06-06 10:26:02] ADVERTENCIA: [read_data] Error al guardar en la base de datos: table lecturas has no column named escenario
[2025-06-06 10:26:02] ADVERTENCIA: [read_data] Error al guardar en la base de datos: table lecturas has no column named escenario
[2025-06-06 10:26:02] ADVERTENCIA: [read_data] Error al guardar en la base de datos: table lecturas has no column named escenario
[2025-06-06 10:26:02] ADVERTENCIA: [read_data] Error al guardar en la base de datos: table lecturas has no column named escenario
[2025-06-06 10:26:03] ADVERTENCIA: [read_data] Error al guardar en la base de datos: table lecturas has no column named escenario
[2025-06-06 10:26:03] ADVERTENCIA: [read_data] Error al guardar en la base de datos: table lecturas has no column named escenario
[2025-06-06 10:26:03] ADVERTENCIA: [read_data] Error al guardar en la base de datos: table lecturas has no column named escenario
[2025-06-06 10:26:03] ADVERTENCIA: [read_data] Error al guardar en la base de datos: table lecturas has no column named escenario
[2025-06-06 10:26:03] ADVERTENCIA: [read_data] Error al guardar en la base de datos: table lecturas has no column named escenario
[2025-06-06 10:26:03] ADVERTENCIA: [read_data] Error al guardar en la base de datos: table lecturas has no column named escenario
[2025-06-06 10:26:03] ADVERTENCIA: [read_data] Error al guardar en la base de datos: table lecturas has no column named escenario
[2025-06-06 10:26:03] ADVERTENCIA: [read_data] Error al guardar en la base de datos: table lecturas has no column named escenario
[2025-06-06 10:26:03] ADVERTENCIA: [read_data] Error al guardar en la base de datos: table lecturas has no column named escenario
[2025-06-06 10:26:04] ADVERTENCIA: [read_data] Error al guardar en la base de datos: table lecturas has no column named escenario
[2025-06-06 10:26:04] ADVERTENCIA: [read_data] Error al guardar en la base de datos: table lecturas has no column named escenario
[2025-06-06 10:26:04] ADVERTENCIA: [read_data] Error al guardar en la base de datos: table lecturas has no column named escenario
[2025-06-06 10:26:04] ADVERTENCIA: [read_data] Error al guardar en la base de datos: table lecturas has no column named escenario
[2025-06-06 10:26:04] ADVERTENCIA: [read_data] Error al guardar en la base de datos: table lecturas has no column named escenario
[2025-06-06 10:26:04] ADVERTENCIA: [read_data] Error al guardar en la base de datos: table lecturas has no column named escenario
[2025-06-06 10:26:04] ADVERTENCIA: [read_data] Error al guardar en la base de datos: table lecturas has no column named escenario
[2025-06-06 10:26:04] ADVERTENCIA: [read_data] Error al guardar en la base de datos: table lecturas has no column named escenario
[2025-06-06 10:26:04] ADVERTENCIA: [read_data] Error al guardar en la base de datos: table lecturas has no column named escenario
[2025-06-06 10:26:04] ADVERTENCIA: [read_data] Error al guardar en la base de datos: table lecturas has no column named escenario
[2025-06-06 10:26:05] ADVERTENCIA: [read_data] Error al guardar en la base de datos: table lecturas has no column named escenario
[2025-06-06 10:26:05] ADVERTENCIA: [read_data] Error al guardar en la base de datos: table lecturas has no column named escenario
[2025-06-06 10:26:05] ADVERTENCIA: [read_data] Error al guardar en la base de datos: table lecturas has no column named escenario
[2025-06-06 10:26:05] ADVERTENCIA: [read_data] Error al guardar en la base de datos: table lecturas has no column named escenario
[2025-06-06 10:26:05] ADVERTENCIA: [read_data] Error al guardar en la base de datos: table lecturas has no column named escenario
[2025-06-06 10:26:05] ADVERTENCIA: [read_data] Error al guardar en la base de datos: table lecturas has no column named escenario
[2025-06-06 10:26:05] ADVERTENCIA: [read_data] Error al guardar en la base de datos: table lecturas has no column named escenario
[2025-06-06 10:26:05] ADVERTENCIA: [read_data] Error al guardar en la base de datos: table lecturas has no column named escenario
[2025-06-06 10:26:06] ADVERTENCIA: [read_data] Error al guardar en la base de datos: table lecturas has no column named escenario
