2025-06-14 14:55:21,188 [INFO] Iniciando aplicación OBD2 Scanner...
2025-06-14 14:55:21,521 [DEBUG] Using selector: _Selector
2025-06-14 14:55:21,835 [INFO] Ventana principal mostrada. Esperando eventos Qt+asyncio...
2025-06-14 17:59:42,910 [CRITICAL] Excepción no capturada:
Traceback (most recent call last):
  File "/Users/ignacioeltit/git/proyecto01junio/ob2_nuevo7junio/scanner-obd2/src/ui/data_visualizer.py", line 442, in decodificar_vin
    decoder = VinDecoder()
  File "/Users/ignacioeltit/git/proyecto01junio/ob2_nuevo7junio/scanner-obd2/src/vin_decoder.py", line 11, in __init__
    with open(os.path.join(base, 'wmi_codes.json'), encoding='utf-8') as f:
FileNotFoundError: [Errno 2] No such file or directory: '/Users/ignacioeltit/git/proyecto01junio/ob2_nuevo7junio/scanner-obd2/src/vin_data/wmi_codes.json'
2025-06-14 17:59:47,192 [CRITICAL] Excepción no capturada:
Traceback (most recent call last):
  File "/Users/ignacioeltit/git/proyecto01junio/ob2_nuevo7junio/scanner-obd2/src/ui/data_visualizer.py", line 442, in decodificar_vin
    decoder = VinDecoder()
  File "/Users/ignacioeltit/git/proyecto01junio/ob2_nuevo7junio/scanner-obd2/src/vin_decoder.py", line 11, in __init__
    with open(os.path.join(base, 'wmi_codes.json'), encoding='utf-8') as f:
FileNotFoundError: [Errno 2] No such file or directory: '/Users/ignacioeltit/git/proyecto01junio/ob2_nuevo7junio/scanner-obd2/src/vin_data/wmi_codes.json'
2025-06-14 17:59:48,559 [CRITICAL] Excepción no capturada:
Traceback (most recent call last):
  File "/Users/ignacioeltit/git/proyecto01junio/ob2_nuevo7junio/scanner-obd2/src/ui/data_visualizer.py", line 442, in decodificar_vin
    decoder = VinDecoder()
  File "/Users/ignacioeltit/git/proyecto01junio/ob2_nuevo7junio/scanner-obd2/src/vin_decoder.py", line 11, in __init__
    with open(os.path.join(base, 'wmi_codes.json'), encoding='utf-8') as f:
FileNotFoundError: [Errno 2] No such file or directory: '/Users/ignacioeltit/git/proyecto01junio/ob2_nuevo7junio/scanner-obd2/src/vin_data/wmi_codes.json'
2025-06-14 18:00:06,101 [INFO] Cerrando aplicación OBD2 Scanner...
2025-06-14 18:00:06,129 [DEBUG] Closing
