2025-06-14 19:16:19,754 [INFO] Iniciando aplicación OBD2 Scanner...
2025-06-14 19:16:19,970 [DEBUG] Using selector: _Selector
2025-06-14 19:16:20,242 [INFO] Ventana principal mostrada. Esperando eventos Qt+asyncio...
2025-06-14 19:16:28,023 [CRITICAL] Excepción no capturada:
Traceback (most recent call last):
  File "/Users/ignacioeltit/git/proyecto01junio/ob2_nuevo7junio/scanner-obd2/src/ui/data_visualizer.py", line 465, in decodificar_vin
    decoder = VinDecoder()
  File "/Users/ignacioeltit/git/proyecto01junio/ob2_nuevo7junio/scanner-obd2/src/vin_decoder.py", line 14, in __init__
    with open(os.path.join(base, 'year_codes.json'), encoding='utf-8') as f:
FileNotFoundError: [Errno 2] No such file or directory: '/Users/ignacioeltit/git/proyecto01junio/ob2_nuevo7junio/scanner-obd2/src/vin_data/year_codes.json'
2025-06-14 19:16:30,721 [CRITICAL] Excepción no capturada:
Traceback (most recent call last):
  File "/Users/ignacioeltit/git/proyecto01junio/ob2_nuevo7junio/scanner-obd2/src/ui/data_visualizer.py", line 465, in decodificar_vin
    decoder = VinDecoder()
  File "/Users/ignacioeltit/git/proyecto01junio/ob2_nuevo7junio/scanner-obd2/src/vin_decoder.py", line 14, in __init__
    with open(os.path.join(base, 'year_codes.json'), encoding='utf-8') as f:
FileNotFoundError: [Errno 2] No such file or directory: '/Users/ignacioeltit/git/proyecto01junio/ob2_nuevo7junio/scanner-obd2/src/vin_data/year_codes.json'
2025-06-14 19:16:35,352 [CRITICAL] Excepción no capturada:
Traceback (most recent call last):
  File "/Users/ignacioeltit/git/proyecto01junio/ob2_nuevo7junio/scanner-obd2/src/ui/data_visualizer.py", line 465, in decodificar_vin
    decoder = VinDecoder()
  File "/Users/ignacioeltit/git/proyecto01junio/ob2_nuevo7junio/scanner-obd2/src/vin_decoder.py", line 14, in __init__
    with open(os.path.join(base, 'year_codes.json'), encoding='utf-8') as f:
FileNotFoundError: [Errno 2] No such file or directory: '/Users/ignacioeltit/git/proyecto01junio/ob2_nuevo7junio/scanner-obd2/src/vin_data/year_codes.json'
2025-06-14 19:16:36,853 [INFO] Cerrando aplicación OBD2 Scanner...
2025-06-14 19:16:36,879 [DEBUG] Closing
