2025-06-11 17:17:09,003 [DEBUG] matplotlib data path: /Users/ignacioeltit/Library/Python/3.9/lib/python/site-packages/matplotlib/mpl-data
2025-06-11 17:17:09,012 [DEBUG] CONFIGDIR=/Users/ignacioeltit/.matplotlib
2025-06-11 17:17:09,014 [DEBUG] interactive is False
2025-06-11 17:17:09,014 [DEBUG] platform is darwin
2025-06-11 17:17:09,272 [INFO] Iniciando aplicación OBD2 Scanner...
2025-06-11 17:17:09,925 [INFO] Ventana principal mostrada. Esperando eventos Qt...
2025-06-11 17:24:58,135 [INFO] Acción: conectar/desconectar OBD
2025-06-11 17:25:05,338 [INFO] Intentando conectar a OBD en socket://192.168.0.10:35000
2025-06-11 17:25:05,348 [INFO] Estado de conexión OBD: Car Connected
2025-06-11 17:25:05,642 [INFO] Acción: leer VIN
2025-06-11 17:25:05,732 [INFO] VIN leído por OBD: bytearray(b'C4RJFDJ6EC56987')
2025-06-11 17:25:05,733 [WARNING] Error decodificando VIN: VIN number requires 17 chars (29 given)
2025-06-11 17:25:07,849 [INFO] VIN manual ingresado: bytearray(b'C4RJFDJ6EC56987'), ok=True
2025-06-11 17:25:07,849 [WARNING] VIN inválido. Activando fallback manual.
2025-06-11 17:25:14,232 [CRITICAL] Excepción no capturada:
Traceback (most recent call last):
  File "/Users/ignacioeltit/git/proyecto01junio/ob2_nuevo7junio/scanner-obd2/src/ui/data_visualizer.py", line 386, in update_model_list
    if make in catalog:
TypeError: argument of type 'NoneType' is not iterable
2025-06-11 17:25:14,377 [CRITICAL] Excepción no capturada:
Traceback (most recent call last):
  File "/Users/ignacioeltit/git/proyecto01junio/ob2_nuevo7junio/scanner-obd2/src/ui/data_visualizer.py", line 386, in update_model_list
    if make in catalog:
TypeError: argument of type 'NoneType' is not iterable
2025-06-11 17:25:14,659 [CRITICAL] Excepción no capturada:
Traceback (most recent call last):
  File "/Users/ignacioeltit/git/proyecto01junio/ob2_nuevo7junio/scanner-obd2/src/ui/data_visualizer.py", line 386, in update_model_list
    if make in catalog:
TypeError: argument of type 'NoneType' is not iterable
2025-06-11 17:25:14,815 [CRITICAL] Excepción no capturada:
Traceback (most recent call last):
  File "/Users/ignacioeltit/git/proyecto01junio/ob2_nuevo7junio/scanner-obd2/src/ui/data_visualizer.py", line 386, in update_model_list
    if make in catalog:
TypeError: argument of type 'NoneType' is not iterable
2025-06-11 17:25:15,114 [CRITICAL] Excepción no capturada:
Traceback (most recent call last):
  File "/Users/ignacioeltit/git/proyecto01junio/ob2_nuevo7junio/scanner-obd2/src/ui/data_visualizer.py", line 386, in update_model_list
    if make in catalog:
TypeError: argument of type 'NoneType' is not iterable
2025-06-11 17:25:24,725 [CRITICAL] Excepción no capturada:
Traceback (most recent call last):
  File "/Users/ignacioeltit/git/proyecto01junio/ob2_nuevo7junio/scanner-obd2/src/ui/data_visualizer.py", line 386, in update_model_list
    if make in catalog:
TypeError: argument of type 'NoneType' is not iterable
2025-06-11 17:25:24,872 [CRITICAL] Excepción no capturada:
Traceback (most recent call last):
  File "/Users/ignacioeltit/git/proyecto01junio/ob2_nuevo7junio/scanner-obd2/src/ui/data_visualizer.py", line 386, in update_model_list
    if make in catalog:
TypeError: argument of type 'NoneType' is not iterable
2025-06-11 17:25:24,980 [CRITICAL] Excepción no capturada:
Traceback (most recent call last):
  File "/Users/ignacioeltit/git/proyecto01junio/ob2_nuevo7junio/scanner-obd2/src/ui/data_visualizer.py", line 386, in update_model_list
    if make in catalog:
TypeError: argument of type 'NoneType' is not iterable
2025-06-11 17:25:25,279 [CRITICAL] Excepción no capturada:
Traceback (most recent call last):
  File "/Users/ignacioeltit/git/proyecto01junio/ob2_nuevo7junio/scanner-obd2/src/ui/data_visualizer.py", line 386, in update_model_list
    if make in catalog:
TypeError: argument of type 'NoneType' is not iterable
2025-06-11 17:25:36,194 [INFO] Acción: iniciar stream multipid
2025-06-11 17:25:36,195 [INFO] PIDs seleccionados para stream multipid: []
2025-06-11 17:25:38,338 [WARNING] No se seleccionaron PIDs para stream multipid
2025-06-11 17:25:52,146 [INFO] Acción: iniciar stream multipid
2025-06-11 17:25:52,149 [INFO] PIDs seleccionados para stream multipid: ['RPM', 'ENGINE_LOAD', 'COOLANT_TEMP', 'INTAKE_TEMP']
2025-06-11 17:25:57,809 [INFO] Stream multipid iniciado con PIDs: ['RPM', 'ENGINE_LOAD', 'COOLANT_TEMP', 'INTAKE_TEMP']
2025-06-11 17:25:57,916 [DEBUG] PID RPM valor recibido: 699.0 revolutions_per_minute
2025-06-11 17:25:57,922 [ERROR] Error convirtiendo valor de PID RPM: Cannot convert from 'revolutions_per_minute' to 'dimensionless'
2025-06-11 17:25:58,015 [DEBUG] PID ENGINE_LOAD valor recibido: 25.88235294117647 percent
2025-06-11 17:25:58,016 [INFO] PID ENGINE_LOAD actualizado en stream multipid: 0.25882352941176473
2025-06-11 17:25:58,107 [DEBUG] PID COOLANT_TEMP valor recibido: 67 degree_Celsius
2025-06-11 17:25:58,108 [ERROR] Error convirtiendo valor de PID COOLANT_TEMP: Cannot convert from 'degree_Celsius' to 'dimensionless'
2025-06-11 17:25:58,190 [DEBUG] PID INTAKE_TEMP valor recibido: 30 degree_Celsius
2025-06-11 17:25:58,190 [ERROR] Error convirtiendo valor de PID INTAKE_TEMP: Cannot convert from 'degree_Celsius' to 'dimensionless'
2025-06-11 17:25:58,549 [DEBUG] PID RPM valor recibido: 729.0 revolutions_per_minute
2025-06-11 17:25:58,550 [ERROR] Error convirtiendo valor de PID RPM: Cannot convert from 'revolutions_per_minute' to 'dimensionless'
2025-06-11 17:25:58,650 [DEBUG] PID ENGINE_LOAD valor recibido: 25.49019607843137 percent
2025-06-11 17:25:58,651 [INFO] PID ENGINE_LOAD actualizado en stream multipid: 0.2549019607843137
2025-06-11 17:25:58,750 [DEBUG] PID COOLANT_TEMP valor recibido: 67 degree_Celsius
2025-06-11 17:25:58,751 [ERROR] Error convirtiendo valor de PID COOLANT_TEMP: Cannot convert from 'degree_Celsius' to 'dimensionless'
2025-06-11 17:25:58,830 [DEBUG] PID INTAKE_TEMP valor recibido: 30 degree_Celsius
2025-06-11 17:25:58,832 [ERROR] Error convirtiendo valor de PID INTAKE_TEMP: Cannot convert from 'degree_Celsius' to 'dimensionless'
2025-06-11 17:25:59,186 [DEBUG] PID RPM valor recibido: 729.0 revolutions_per_minute
2025-06-11 17:25:59,187 [ERROR] Error convirtiendo valor de PID RPM: Cannot convert from 'revolutions_per_minute' to 'dimensionless'
2025-06-11 17:25:59,267 [DEBUG] PID ENGINE_LOAD valor recibido: 26.274509803921568 percent
2025-06-11 17:25:59,268 [INFO] PID ENGINE_LOAD actualizado en stream multipid: 0.2627450980392157
2025-06-11 17:25:59,344 [DEBUG] PID COOLANT_TEMP valor recibido: 67 degree_Celsius
2025-06-11 17:25:59,346 [ERROR] Error convirtiendo valor de PID COOLANT_TEMP: Cannot convert from 'degree_Celsius' to 'dimensionless'
2025-06-11 17:25:59,416 [DEBUG] PID INTAKE_TEMP valor recibido: 30 degree_Celsius
2025-06-11 17:25:59,418 [ERROR] Error convirtiendo valor de PID INTAKE_TEMP: Cannot convert from 'degree_Celsius' to 'dimensionless'
2025-06-11 17:25:59,762 [DEBUG] PID RPM valor recibido: 734.0 revolutions_per_minute
2025-06-11 17:25:59,763 [ERROR] Error convirtiendo valor de PID RPM: Cannot convert from 'revolutions_per_minute' to 'dimensionless'
2025-06-11 17:25:59,845 [DEBUG] PID ENGINE_LOAD valor recibido: 26.274509803921568 percent
2025-06-11 17:25:59,846 [INFO] PID ENGINE_LOAD actualizado en stream multipid: 0.2627450980392157
2025-06-11 17:25:59,925 [DEBUG] PID COOLANT_TEMP valor recibido: 67 degree_Celsius
2025-06-11 17:25:59,926 [ERROR] Error convirtiendo valor de PID COOLANT_TEMP: Cannot convert from 'degree_Celsius' to 'dimensionless'
2025-06-11 17:25:59,998 [DEBUG] PID INTAKE_TEMP valor recibido: 30 degree_Celsius
2025-06-11 17:25:59,999 [ERROR] Error convirtiendo valor de PID INTAKE_TEMP: Cannot convert from 'degree_Celsius' to 'dimensionless'
2025-06-11 17:26:00,334 [DEBUG] PID RPM valor recibido: 729.0 revolutions_per_minute
2025-06-11 17:26:00,334 [ERROR] Error convirtiendo valor de PID RPM: Cannot convert from 'revolutions_per_minute' to 'dimensionless'
2025-06-11 17:26:00,417 [DEBUG] PID ENGINE_LOAD valor recibido: 25.098039215686274 percent
2025-06-11 17:26:00,418 [INFO] PID ENGINE_LOAD actualizado en stream multipid: 0.25098039215686274
2025-06-11 17:26:00,494 [DEBUG] PID COOLANT_TEMP valor recibido: 67 degree_Celsius
2025-06-11 17:26:00,495 [ERROR] Error convirtiendo valor de PID COOLANT_TEMP: Cannot convert from 'degree_Celsius' to 'dimensionless'
2025-06-11 17:26:00,567 [DEBUG] PID INTAKE_TEMP valor recibido: 30 degree_Celsius
2025-06-11 17:26:00,568 [ERROR] Error convirtiendo valor de PID INTAKE_TEMP: Cannot convert from 'degree_Celsius' to 'dimensionless'
2025-06-11 17:26:00,905 [DEBUG] PID RPM valor recibido: 724.0 revolutions_per_minute
2025-06-11 17:26:00,906 [ERROR] Error convirtiendo valor de PID RPM: Cannot convert from 'revolutions_per_minute' to 'dimensionless'
2025-06-11 17:26:00,985 [DEBUG] PID ENGINE_LOAD valor recibido: 25.49019607843137 percent
2025-06-11 17:26:00,986 [INFO] PID ENGINE_LOAD actualizado en stream multipid: 0.2549019607843137
2025-06-11 17:26:01,063 [DEBUG] PID COOLANT_TEMP valor recibido: 67 degree_Celsius
2025-06-11 17:26:01,064 [ERROR] Error convirtiendo valor de PID COOLANT_TEMP: Cannot convert from 'degree_Celsius' to 'dimensionless'
2025-06-11 17:26:01,128 [DEBUG] PID INTAKE_TEMP valor recibido: 30 degree_Celsius
2025-06-11 17:26:01,130 [ERROR] Error convirtiendo valor de PID INTAKE_TEMP: Cannot convert from 'degree_Celsius' to 'dimensionless'
2025-06-11 17:26:01,468 [DEBUG] PID RPM valor recibido: 747.0 revolutions_per_minute
2025-06-11 17:26:01,469 [ERROR] Error convirtiendo valor de PID RPM: Cannot convert from 'revolutions_per_minute' to 'dimensionless'
2025-06-11 17:26:01,544 [DEBUG] PID ENGINE_LOAD valor recibido: 25.098039215686274 percent
2025-06-11 17:26:01,545 [INFO] PID ENGINE_LOAD actualizado en stream multipid: 0.25098039215686274
2025-06-11 17:26:01,627 [DEBUG] PID COOLANT_TEMP valor recibido: 67 degree_Celsius
2025-06-11 17:26:01,630 [ERROR] Error convirtiendo valor de PID COOLANT_TEMP: Cannot convert from 'degree_Celsius' to 'dimensionless'
2025-06-11 17:26:01,696 [DEBUG] PID INTAKE_TEMP valor recibido: 30 degree_Celsius
2025-06-11 17:26:01,696 [ERROR] Error convirtiendo valor de PID INTAKE_TEMP: Cannot convert from 'degree_Celsius' to 'dimensionless'
2025-06-11 17:26:02,045 [DEBUG] PID RPM valor recibido: 736.0 revolutions_per_minute
2025-06-11 17:26:02,048 [ERROR] Error convirtiendo valor de PID RPM: Cannot convert from 'revolutions_per_minute' to 'dimensionless'
2025-06-11 17:26:02,122 [DEBUG] PID ENGINE_LOAD valor recibido: 25.49019607843137 percent
2025-06-11 17:26:02,122 [INFO] PID ENGINE_LOAD actualizado en stream multipid: 0.2549019607843137
2025-06-11 17:26:02,204 [DEBUG] PID COOLANT_TEMP valor recibido: 67 degree_Celsius
2025-06-11 17:26:02,204 [ERROR] Error convirtiendo valor de PID COOLANT_TEMP: Cannot convert from 'degree_Celsius' to 'dimensionless'
2025-06-11 17:26:02,270 [DEBUG] PID INTAKE_TEMP valor recibido: 30 degree_Celsius
2025-06-11 17:26:02,270 [ERROR] Error convirtiendo valor de PID INTAKE_TEMP: Cannot convert from 'degree_Celsius' to 'dimensionless'
2025-06-11 17:26:02,603 [DEBUG] PID RPM valor recibido: 738.0 revolutions_per_minute
2025-06-11 17:26:02,604 [ERROR] Error convirtiendo valor de PID RPM: Cannot convert from 'revolutions_per_minute' to 'dimensionless'
2025-06-11 17:26:02,685 [DEBUG] PID ENGINE_LOAD valor recibido: 25.88235294117647 percent
2025-06-11 17:26:02,686 [INFO] PID ENGINE_LOAD actualizado en stream multipid: 0.25882352941176473
2025-06-11 17:26:02,764 [DEBUG] PID COOLANT_TEMP valor recibido: 67 degree_Celsius
2025-06-11 17:26:02,764 [ERROR] Error convirtiendo valor de PID COOLANT_TEMP: Cannot convert from 'degree_Celsius' to 'dimensionless'
2025-06-11 17:26:02,830 [DEBUG] PID INTAKE_TEMP valor recibido: 30 degree_Celsius
2025-06-11 17:26:02,830 [ERROR] Error convirtiendo valor de PID INTAKE_TEMP: Cannot convert from 'degree_Celsius' to 'dimensionless'
2025-06-11 17:26:03,166 [DEBUG] PID RPM valor recibido: 727.0 revolutions_per_minute
2025-06-11 17:26:03,167 [ERROR] Error convirtiendo valor de PID RPM: Cannot convert from 'revolutions_per_minute' to 'dimensionless'
2025-06-11 17:26:03,243 [DEBUG] PID ENGINE_LOAD valor recibido: 24.705882352941178 percent
2025-06-11 17:26:03,243 [INFO] PID ENGINE_LOAD actualizado en stream multipid: 0.24705882352941178
2025-06-11 17:26:03,322 [DEBUG] PID COOLANT_TEMP valor recibido: 68 degree_Celsius
2025-06-11 17:26:03,322 [ERROR] Error convirtiendo valor de PID COOLANT_TEMP: Cannot convert from 'degree_Celsius' to 'dimensionless'
2025-06-11 17:26:03,388 [DEBUG] PID INTAKE_TEMP valor recibido: 30 degree_Celsius
2025-06-11 17:26:03,388 [ERROR] Error convirtiendo valor de PID INTAKE_TEMP: Cannot convert from 'degree_Celsius' to 'dimensionless'
2025-06-11 17:26:03,725 [DEBUG] PID RPM valor recibido: 741.0 revolutions_per_minute
2025-06-11 17:26:03,726 [ERROR] Error convirtiendo valor de PID RPM: Cannot convert from 'revolutions_per_minute' to 'dimensionless'
2025-06-11 17:26:03,803 [DEBUG] PID ENGINE_LOAD valor recibido: 24.313725490196077 percent
2025-06-11 17:26:03,804 [INFO] PID ENGINE_LOAD actualizado en stream multipid: 0.24313725490196078
2025-06-11 17:26:03,886 [DEBUG] PID COOLANT_TEMP valor recibido: 68 degree_Celsius
2025-06-11 17:26:03,887 [ERROR] Error convirtiendo valor de PID COOLANT_TEMP: Cannot convert from 'degree_Celsius' to 'dimensionless'
2025-06-11 17:26:03,952 [DEBUG] PID INTAKE_TEMP valor recibido: 30 degree_Celsius
2025-06-11 17:26:03,953 [ERROR] Error convirtiendo valor de PID INTAKE_TEMP: Cannot convert from 'degree_Celsius' to 'dimensionless'
2025-06-11 17:26:04,297 [DEBUG] PID RPM valor recibido: 723.0 revolutions_per_minute
2025-06-11 17:26:04,298 [ERROR] Error convirtiendo valor de PID RPM: Cannot convert from 'revolutions_per_minute' to 'dimensionless'
2025-06-11 17:26:04,375 [DEBUG] PID ENGINE_LOAD valor recibido: 24.313725490196077 percent
2025-06-11 17:26:04,375 [INFO] PID ENGINE_LOAD actualizado en stream multipid: 0.24313725490196078
2025-06-11 17:26:04,453 [DEBUG] PID COOLANT_TEMP valor recibido: 68 degree_Celsius
2025-06-11 17:26:04,454 [ERROR] Error convirtiendo valor de PID COOLANT_TEMP: Cannot convert from 'degree_Celsius' to 'dimensionless'
2025-06-11 17:26:04,519 [DEBUG] PID INTAKE_TEMP valor recibido: 30 degree_Celsius
2025-06-11 17:26:04,519 [ERROR] Error convirtiendo valor de PID INTAKE_TEMP: Cannot convert from 'degree_Celsius' to 'dimensionless'
2025-06-11 17:26:04,854 [DEBUG] PID RPM valor recibido: 735.0 revolutions_per_minute
2025-06-11 17:26:04,854 [ERROR] Error convirtiendo valor de PID RPM: Cannot convert from 'revolutions_per_minute' to 'dimensionless'
2025-06-11 17:26:04,932 [DEBUG] PID ENGINE_LOAD valor recibido: 25.49019607843137 percent
2025-06-11 17:26:04,933 [INFO] PID ENGINE_LOAD actualizado en stream multipid: 0.2549019607843137
2025-06-11 17:26:05,016 [DEBUG] PID COOLANT_TEMP valor recibido: 68 degree_Celsius
2025-06-11 17:26:05,018 [ERROR] Error convirtiendo valor de PID COOLANT_TEMP: Cannot convert from 'degree_Celsius' to 'dimensionless'
2025-06-11 17:26:05,085 [DEBUG] PID INTAKE_TEMP valor recibido: 30 degree_Celsius
2025-06-11 17:26:05,086 [ERROR] Error convirtiendo valor de PID INTAKE_TEMP: Cannot convert from 'degree_Celsius' to 'dimensionless'
2025-06-11 17:26:05,426 [DEBUG] PID RPM valor recibido: 735.0 revolutions_per_minute
2025-06-11 17:26:05,427 [ERROR] Error convirtiendo valor de PID RPM: Cannot convert from 'revolutions_per_minute' to 'dimensionless'
2025-06-11 17:26:05,505 [DEBUG] PID ENGINE_LOAD valor recibido: 24.705882352941178 percent
2025-06-11 17:26:05,506 [INFO] PID ENGINE_LOAD actualizado en stream multipid: 0.24705882352941178
2025-06-11 17:26:05,582 [DEBUG] PID COOLANT_TEMP valor recibido: 68 degree_Celsius
2025-06-11 17:26:05,583 [ERROR] Error convirtiendo valor de PID COOLANT_TEMP: Cannot convert from 'degree_Celsius' to 'dimensionless'
2025-06-11 17:26:05,651 [DEBUG] PID INTAKE_TEMP valor recibido: 30 degree_Celsius
2025-06-11 17:26:05,652 [ERROR] Error convirtiendo valor de PID INTAKE_TEMP: Cannot convert from 'degree_Celsius' to 'dimensionless'
2025-06-11 17:26:05,985 [DEBUG] PID RPM valor recibido: 718.0 revolutions_per_minute
2025-06-11 17:26:05,985 [ERROR] Error convirtiendo valor de PID RPM: Cannot convert from 'revolutions_per_minute' to 'dimensionless'
2025-06-11 17:26:06,065 [DEBUG] PID ENGINE_LOAD valor recibido: 24.705882352941178 percent
2025-06-11 17:26:06,065 [INFO] PID ENGINE_LOAD actualizado en stream multipid: 0.24705882352941178
2025-06-11 17:26:06,143 [DEBUG] PID COOLANT_TEMP valor recibido: 68 degree_Celsius
2025-06-11 17:26:06,143 [ERROR] Error convirtiendo valor de PID COOLANT_TEMP: Cannot convert from 'degree_Celsius' to 'dimensionless'
2025-06-11 17:26:06,213 [DEBUG] PID INTAKE_TEMP valor recibido: 30 degree_Celsius
2025-06-11 17:26:06,213 [ERROR] Error convirtiendo valor de PID INTAKE_TEMP: Cannot convert from 'degree_Celsius' to 'dimensionless'
2025-06-11 17:26:06,544 [DEBUG] PID RPM valor recibido: 720.0 revolutions_per_minute
2025-06-11 17:26:06,544 [ERROR] Error convirtiendo valor de PID RPM: Cannot convert from 'revolutions_per_minute' to 'dimensionless'
2025-06-11 17:26:06,622 [DEBUG] PID ENGINE_LOAD valor recibido: 24.705882352941178 percent
2025-06-11 17:26:06,623 [INFO] PID ENGINE_LOAD actualizado en stream multipid: 0.24705882352941178
2025-06-11 17:26:06,707 [DEBUG] PID COOLANT_TEMP valor recibido: 68 degree_Celsius
2025-06-11 17:26:06,707 [ERROR] Error convirtiendo valor de PID COOLANT_TEMP: Cannot convert from 'degree_Celsius' to 'dimensionless'
2025-06-11 17:26:06,777 [DEBUG] PID INTAKE_TEMP valor recibido: 30 degree_Celsius
2025-06-11 17:26:06,778 [ERROR] Error convirtiendo valor de PID INTAKE_TEMP: Cannot convert from 'degree_Celsius' to 'dimensionless'
2025-06-11 17:26:07,114 [DEBUG] PID RPM valor recibido: 710.0 revolutions_per_minute
2025-06-11 17:26:07,115 [ERROR] Error convirtiendo valor de PID RPM: Cannot convert from 'revolutions_per_minute' to 'dimensionless'
2025-06-11 17:26:07,194 [DEBUG] PID ENGINE_LOAD valor recibido: 24.705882352941178 percent
2025-06-11 17:26:07,194 [INFO] PID ENGINE_LOAD actualizado en stream multipid: 0.24705882352941178
2025-06-11 17:26:07,272 [DEBUG] PID COOLANT_TEMP valor recibido: 68 degree_Celsius
2025-06-11 17:26:07,273 [ERROR] Error convirtiendo valor de PID COOLANT_TEMP: Cannot convert from 'degree_Celsius' to 'dimensionless'
2025-06-11 17:26:07,338 [DEBUG] PID INTAKE_TEMP valor recibido: 30 degree_Celsius
2025-06-11 17:26:07,339 [ERROR] Error convirtiendo valor de PID INTAKE_TEMP: Cannot convert from 'degree_Celsius' to 'dimensionless'
2025-06-11 17:26:07,692 [DEBUG] PID RPM valor recibido: 749.0 revolutions_per_minute
2025-06-11 17:26:07,693 [ERROR] Error convirtiendo valor de PID RPM: Cannot convert from 'revolutions_per_minute' to 'dimensionless'
2025-06-11 17:26:07,774 [DEBUG] PID ENGINE_LOAD valor recibido: 24.705882352941178 percent
2025-06-11 17:26:07,775 [INFO] PID ENGINE_LOAD actualizado en stream multipid: 0.24705882352941178
2025-06-11 17:26:07,854 [DEBUG] PID COOLANT_TEMP valor recibido: 68 degree_Celsius
2025-06-11 17:26:07,854 [ERROR] Error convirtiendo valor de PID COOLANT_TEMP: Cannot convert from 'degree_Celsius' to 'dimensionless'
2025-06-11 17:26:07,922 [DEBUG] PID INTAKE_TEMP valor recibido: 30 degree_Celsius
2025-06-11 17:26:07,922 [ERROR] Error convirtiendo valor de PID INTAKE_TEMP: Cannot convert from 'degree_Celsius' to 'dimensionless'
2025-06-11 17:26:08,254 [DEBUG] PID RPM valor recibido: 718.0 revolutions_per_minute
2025-06-11 17:26:08,254 [ERROR] Error convirtiendo valor de PID RPM: Cannot convert from 'revolutions_per_minute' to 'dimensionless'
2025-06-11 17:26:08,332 [DEBUG] PID ENGINE_LOAD valor recibido: 24.705882352941178 percent
2025-06-11 17:26:08,332 [INFO] PID ENGINE_LOAD actualizado en stream multipid: 0.24705882352941178
2025-06-11 17:26:08,415 [DEBUG] PID COOLANT_TEMP valor recibido: 68 degree_Celsius
2025-06-11 17:26:08,415 [ERROR] Error convirtiendo valor de PID COOLANT_TEMP: Cannot convert from 'degree_Celsius' to 'dimensionless'
2025-06-11 17:26:08,483 [DEBUG] PID INTAKE_TEMP valor recibido: 30 degree_Celsius
2025-06-11 17:26:08,483 [ERROR] Error convirtiendo valor de PID INTAKE_TEMP: Cannot convert from 'degree_Celsius' to 'dimensionless'
2025-06-11 17:26:08,824 [DEBUG] PID RPM valor recibido: 750.0 revolutions_per_minute
2025-06-11 17:26:08,825 [ERROR] Error convirtiendo valor de PID RPM: Cannot convert from 'revolutions_per_minute' to 'dimensionless'
2025-06-11 17:26:08,905 [DEBUG] PID ENGINE_LOAD valor recibido: 23.92156862745098 percent
2025-06-11 17:26:08,906 [INFO] PID ENGINE_LOAD actualizado en stream multipid: 0.23921568627450981
2025-06-11 17:26:08,982 [DEBUG] PID COOLANT_TEMP valor recibido: 68 degree_Celsius
2025-06-11 17:26:08,983 [ERROR] Error convirtiendo valor de PID COOLANT_TEMP: Cannot convert from 'degree_Celsius' to 'dimensionless'
2025-06-11 17:26:09,048 [DEBUG] PID INTAKE_TEMP valor recibido: 30 degree_Celsius
2025-06-11 17:26:09,049 [ERROR] Error convirtiendo valor de PID INTAKE_TEMP: Cannot convert from 'degree_Celsius' to 'dimensionless'
2025-06-11 17:26:09,385 [DEBUG] PID RPM valor recibido: 726.0 revolutions_per_minute
2025-06-11 17:26:09,386 [ERROR] Error convirtiendo valor de PID RPM: Cannot convert from 'revolutions_per_minute' to 'dimensionless'
2025-06-11 17:26:09,463 [DEBUG] PID ENGINE_LOAD valor recibido: 24.313725490196077 percent
2025-06-11 17:26:09,464 [INFO] PID ENGINE_LOAD actualizado en stream multipid: 0.24313725490196078
2025-06-11 17:26:09,549 [DEBUG] PID COOLANT_TEMP valor recibido: 68 degree_Celsius
2025-06-11 17:26:09,550 [ERROR] Error convirtiendo valor de PID COOLANT_TEMP: Cannot convert from 'degree_Celsius' to 'dimensionless'
2025-06-11 17:26:09,621 [DEBUG] PID INTAKE_TEMP valor recibido: 30 degree_Celsius
2025-06-11 17:26:09,621 [ERROR] Error convirtiendo valor de PID INTAKE_TEMP: Cannot convert from 'degree_Celsius' to 'dimensionless'
2025-06-11 17:26:09,966 [DEBUG] PID RPM valor recibido: 740.0 revolutions_per_minute
2025-06-11 17:26:09,967 [ERROR] Error convirtiendo valor de PID RPM: Cannot convert from 'revolutions_per_minute' to 'dimensionless'
2025-06-11 17:26:10,043 [DEBUG] PID ENGINE_LOAD valor recibido: 25.098039215686274 percent
2025-06-11 17:26:10,044 [INFO] PID ENGINE_LOAD actualizado en stream multipid: 0.25098039215686274
2025-06-11 17:26:10,125 [DEBUG] PID COOLANT_TEMP valor recibido: 68 degree_Celsius
2025-06-11 17:26:10,126 [ERROR] Error convirtiendo valor de PID COOLANT_TEMP: Cannot convert from 'degree_Celsius' to 'dimensionless'
2025-06-11 17:26:10,190 [DEBUG] PID INTAKE_TEMP valor recibido: 30 degree_Celsius
2025-06-11 17:26:10,191 [ERROR] Error convirtiendo valor de PID INTAKE_TEMP: Cannot convert from 'degree_Celsius' to 'dimensionless'
2025-06-11 17:26:10,523 [DEBUG] PID RPM valor recibido: 721.0 revolutions_per_minute
2025-06-11 17:26:10,524 [ERROR] Error convirtiendo valor de PID RPM: Cannot convert from 'revolutions_per_minute' to 'dimensionless'
2025-06-11 17:26:10,615 [DEBUG] PID ENGINE_LOAD valor recibido: 25.098039215686274 percent
2025-06-11 17:26:10,617 [INFO] PID ENGINE_LOAD actualizado en stream multipid: 0.25098039215686274
2025-06-11 17:26:10,693 [DEBUG] PID COOLANT_TEMP valor recibido: 68 degree_Celsius
2025-06-11 17:26:10,694 [ERROR] Error convirtiendo valor de PID COOLANT_TEMP: Cannot convert from 'degree_Celsius' to 'dimensionless'
2025-06-11 17:26:10,763 [DEBUG] PID INTAKE_TEMP valor recibido: 30 degree_Celsius
2025-06-11 17:26:10,764 [ERROR] Error convirtiendo valor de PID INTAKE_TEMP: Cannot convert from 'degree_Celsius' to 'dimensionless'
2025-06-11 17:26:11,106 [DEBUG] PID RPM valor recibido: 718.0 revolutions_per_minute
2025-06-11 17:26:11,107 [ERROR] Error convirtiendo valor de PID RPM: Cannot convert from 'revolutions_per_minute' to 'dimensionless'
2025-06-11 17:26:11,185 [DEBUG] PID ENGINE_LOAD valor recibido: 24.705882352941178 percent
2025-06-11 17:26:11,186 [INFO] PID ENGINE_LOAD actualizado en stream multipid: 0.24705882352941178
2025-06-11 17:26:11,234 [INFO] Acción: iniciar stream multipid
2025-06-11 17:26:11,264 [DEBUG] PID COOLANT_TEMP valor recibido: 68 degree_Celsius
2025-06-11 17:26:11,265 [ERROR] Error convirtiendo valor de PID COOLANT_TEMP: Cannot convert from 'degree_Celsius' to 'dimensionless'
2025-06-11 17:26:11,330 [DEBUG] PID INTAKE_TEMP valor recibido: 30 degree_Celsius
2025-06-11 17:26:11,331 [ERROR] Error convirtiendo valor de PID INTAKE_TEMP: Cannot convert from 'degree_Celsius' to 'dimensionless'
2025-06-11 17:26:11,884 [INFO] Stream multipid anterior detenido
2025-06-11 17:26:11,887 [INFO] PIDs seleccionados para stream multipid: ['RPM', 'ENGINE_LOAD', 'COOLANT_TEMP', 'INTAKE_TEMP', 'SPEED', 'FUEL_LEVEL', 'FUEL_STATUS', 'INTAKE_PRESSURE', 'THROTTLE_POS']
2025-06-11 17:26:17,533 [INFO] Stream multipid iniciado con PIDs: ['RPM', 'ENGINE_LOAD', 'COOLANT_TEMP', 'INTAKE_TEMP', 'SPEED', 'FUEL_LEVEL', 'FUEL_STATUS', 'INTAKE_PRESSURE', 'THROTTLE_POS']
2025-06-11 17:26:17,624 [DEBUG] PID RPM valor recibido: 741.0 revolutions_per_minute
2025-06-11 17:26:17,625 [ERROR] Error convirtiendo valor de PID RPM: Cannot convert from 'revolutions_per_minute' to 'dimensionless'
2025-06-11 17:26:17,719 [DEBUG] PID ENGINE_LOAD valor recibido: 22.745098039215687 percent
2025-06-11 17:26:17,719 [INFO] PID ENGINE_LOAD actualizado en stream multipid: 0.2274509803921569
2025-06-11 17:26:17,814 [DEBUG] PID COOLANT_TEMP valor recibido: 69 degree_Celsius
2025-06-11 17:26:17,815 [ERROR] Error convirtiendo valor de PID COOLANT_TEMP: Cannot convert from 'degree_Celsius' to 'dimensionless'
2025-06-11 17:26:17,910 [DEBUG] PID INTAKE_TEMP valor recibido: 30 degree_Celsius
2025-06-11 17:26:17,911 [ERROR] Error convirtiendo valor de PID INTAKE_TEMP: Cannot convert from 'degree_Celsius' to 'dimensionless'
2025-06-11 17:26:18,015 [DEBUG] PID SPEED valor recibido: 0.0 kilometer_per_hour
2025-06-11 17:26:18,019 [ERROR] Error convirtiendo valor de PID SPEED: Cannot convert from 'kilometer_per_hour' to 'dimensionless'
2025-06-11 17:26:18,097 [DEBUG] PID FUEL_LEVEL valor recibido: 88.62745098039215 percent
2025-06-11 17:26:18,098 [INFO] PID FUEL_LEVEL actualizado en stream multipid: 0.8862745098039215
2025-06-11 17:26:18,176 [DEBUG] PID FUEL_STATUS valor recibido: ('Closed loop, using oxygen sensor feedback to determine fuel mix', 'Closed loop, using oxygen sensor feedback to determine fuel mix')
2025-06-11 17:26:18,177 [ERROR] Error convirtiendo valor de PID FUEL_STATUS: float() argument must be a string or a number, not 'tuple'
2025-06-11 17:26:18,256 [DEBUG] PID INTAKE_PRESSURE valor recibido: 30 kilopascal
2025-06-11 17:26:18,259 [ERROR] Error convirtiendo valor de PID INTAKE_PRESSURE: Cannot convert from 'kilopascal' to 'dimensionless'
2025-06-11 17:26:18,337 [DEBUG] PID THROTTLE_POS valor recibido: 14.509803921568627 percent
2025-06-11 17:26:18,338 [INFO] PID THROTTLE_POS actualizado en stream multipid: 0.1450980392156863
2025-06-11 17:26:18,684 [DEBUG] PID RPM valor recibido: 737.0 revolutions_per_minute
2025-06-11 17:26:18,685 [ERROR] Error convirtiendo valor de PID RPM: Cannot convert from 'revolutions_per_minute' to 'dimensionless'
2025-06-11 17:26:18,777 [DEBUG] PID ENGINE_LOAD valor recibido: 22.352941176470587 percent
2025-06-11 17:26:18,778 [INFO] PID ENGINE_LOAD actualizado en stream multipid: 0.22352941176470587
2025-06-11 17:26:18,863 [DEBUG] PID COOLANT_TEMP valor recibido: 69 degree_Celsius
2025-06-11 17:26:18,863 [ERROR] Error convirtiendo valor de PID COOLANT_TEMP: Cannot convert from 'degree_Celsius' to 'dimensionless'
2025-06-11 17:26:18,929 [DEBUG] PID INTAKE_TEMP valor recibido: 30 degree_Celsius
2025-06-11 17:26:18,930 [ERROR] Error convirtiendo valor de PID INTAKE_TEMP: Cannot convert from 'degree_Celsius' to 'dimensionless'
2025-06-11 17:26:19,013 [DEBUG] PID SPEED valor recibido: 0.0 kilometer_per_hour
2025-06-11 17:26:19,014 [ERROR] Error convirtiendo valor de PID SPEED: Cannot convert from 'kilometer_per_hour' to 'dimensionless'
2025-06-11 17:26:19,083 [DEBUG] PID FUEL_LEVEL valor recibido: 88.62745098039215 percent
2025-06-11 17:26:19,084 [INFO] PID FUEL_LEVEL actualizado en stream multipid: 0.8862745098039215
2025-06-11 17:26:19,148 [DEBUG] PID FUEL_STATUS valor recibido: ('Closed loop, using oxygen sensor feedback to determine fuel mix', 'Closed loop, using oxygen sensor feedback to determine fuel mix')
2025-06-11 17:26:19,149 [ERROR] Error convirtiendo valor de PID FUEL_STATUS: float() argument must be a string or a number, not 'tuple'
2025-06-11 17:26:19,215 [DEBUG] PID INTAKE_PRESSURE valor recibido: 30 kilopascal
2025-06-11 17:26:19,216 [ERROR] Error convirtiendo valor de PID INTAKE_PRESSURE: Cannot convert from 'kilopascal' to 'dimensionless'
2025-06-11 17:26:19,281 [DEBUG] PID THROTTLE_POS valor recibido: 14.509803921568627 percent
2025-06-11 17:26:19,282 [INFO] PID THROTTLE_POS actualizado en stream multipid: 0.1450980392156863
2025-06-11 17:26:19,625 [DEBUG] PID RPM valor recibido: 721.0 revolutions_per_minute
2025-06-11 17:26:19,625 [ERROR] Error convirtiendo valor de PID RPM: Cannot convert from 'revolutions_per_minute' to 'dimensionless'
2025-06-11 17:26:19,704 [DEBUG] PID ENGINE_LOAD valor recibido: 23.529411764705884 percent
2025-06-11 17:26:19,705 [INFO] PID ENGINE_LOAD actualizado en stream multipid: 0.23529411764705885
2025-06-11 17:26:19,782 [DEBUG] PID COOLANT_TEMP valor recibido: 69 degree_Celsius
2025-06-11 17:26:19,783 [ERROR] Error convirtiendo valor de PID COOLANT_TEMP: Cannot convert from 'degree_Celsius' to 'dimensionless'
2025-06-11 17:26:19,849 [DEBUG] PID INTAKE_TEMP valor recibido: 30 degree_Celsius
2025-06-11 17:26:19,850 [ERROR] Error convirtiendo valor de PID INTAKE_TEMP: Cannot convert from 'degree_Celsius' to 'dimensionless'
2025-06-11 17:26:19,936 [DEBUG] PID SPEED valor recibido: 0.0 kilometer_per_hour
2025-06-11 17:26:19,937 [ERROR] Error convirtiendo valor de PID SPEED: Cannot convert from 'kilometer_per_hour' to 'dimensionless'
2025-06-11 17:26:20,007 [DEBUG] PID FUEL_LEVEL valor recibido: 88.62745098039215 percent
2025-06-11 17:26:20,008 [INFO] PID FUEL_LEVEL actualizado en stream multipid: 0.8862745098039215
2025-06-11 17:26:20,077 [DEBUG] PID FUEL_STATUS valor recibido: ('Closed loop, using oxygen sensor feedback to determine fuel mix', 'Closed loop, using oxygen sensor feedback to determine fuel mix')
2025-06-11 17:26:20,077 [ERROR] Error convirtiendo valor de PID FUEL_STATUS: float() argument must be a string or a number, not 'tuple'
2025-06-11 17:26:20,143 [DEBUG] PID INTAKE_PRESSURE valor recibido: 30 kilopascal
2025-06-11 17:26:20,145 [ERROR] Error convirtiendo valor de PID INTAKE_PRESSURE: Cannot convert from 'kilopascal' to 'dimensionless'
2025-06-11 17:26:20,214 [DEBUG] PID THROTTLE_POS valor recibido: 14.509803921568627 percent
2025-06-11 17:26:20,215 [INFO] PID THROTTLE_POS actualizado en stream multipid: 0.1450980392156863
2025-06-11 17:26:20,565 [DEBUG] PID RPM valor recibido: 721.0 revolutions_per_minute
2025-06-11 17:26:20,566 [ERROR] Error convirtiendo valor de PID RPM: Cannot convert from 'revolutions_per_minute' to 'dimensionless'
2025-06-11 17:26:20,643 [DEBUG] PID ENGINE_LOAD valor recibido: 23.529411764705884 percent
2025-06-11 17:26:20,644 [INFO] PID ENGINE_LOAD actualizado en stream multipid: 0.23529411764705885
2025-06-11 17:26:20,735 [DEBUG] PID COOLANT_TEMP valor recibido: 69 degree_Celsius
2025-06-11 17:26:20,736 [ERROR] Error convirtiendo valor de PID COOLANT_TEMP: Cannot convert from 'degree_Celsius' to 'dimensionless'
2025-06-11 17:26:20,804 [DEBUG] PID INTAKE_TEMP valor recibido: 30 degree_Celsius
2025-06-11 17:26:20,805 [ERROR] Error convirtiendo valor de PID INTAKE_TEMP: Cannot convert from 'degree_Celsius' to 'dimensionless'
2025-06-11 17:26:20,893 [DEBUG] PID SPEED valor recibido: 0.0 kilometer_per_hour
2025-06-11 17:26:20,894 [ERROR] Error convirtiendo valor de PID SPEED: Cannot convert from 'kilometer_per_hour' to 'dimensionless'
2025-06-11 17:26:20,964 [DEBUG] PID FUEL_LEVEL valor recibido: 88.62745098039215 percent
2025-06-11 17:26:20,964 [INFO] PID FUEL_LEVEL actualizado en stream multipid: 0.8862745098039215
2025-06-11 17:26:21,033 [DEBUG] PID FUEL_STATUS valor recibido: ('Closed loop, using oxygen sensor feedback to determine fuel mix', 'Closed loop, using oxygen sensor feedback to determine fuel mix')
2025-06-11 17:26:21,033 [ERROR] Error convirtiendo valor de PID FUEL_STATUS: float() argument must be a string or a number, not 'tuple'
2025-06-11 17:26:21,107 [DEBUG] PID INTAKE_PRESSURE valor recibido: 30 kilopascal
2025-06-11 17:26:21,108 [ERROR] Error convirtiendo valor de PID INTAKE_PRESSURE: Cannot convert from 'kilopascal' to 'dimensionless'
2025-06-11 17:26:21,178 [DEBUG] PID THROTTLE_POS valor recibido: 14.509803921568627 percent
2025-06-11 17:26:21,179 [INFO] PID THROTTLE_POS actualizado en stream multipid: 0.1450980392156863
2025-06-11 17:26:21,525 [DEBUG] PID RPM valor recibido: 732.0 revolutions_per_minute
2025-06-11 17:26:21,526 [ERROR] Error convirtiendo valor de PID RPM: Cannot convert from 'revolutions_per_minute' to 'dimensionless'
2025-06-11 17:26:21,606 [DEBUG] PID ENGINE_LOAD valor recibido: 23.137254901960784 percent
2025-06-11 17:26:21,607 [INFO] PID ENGINE_LOAD actualizado en stream multipid: 0.23137254901960785
2025-06-11 17:26:21,682 [DEBUG] PID COOLANT_TEMP valor recibido: 69 degree_Celsius
2025-06-11 17:26:21,683 [ERROR] Error convirtiendo valor de PID COOLANT_TEMP: Cannot convert from 'degree_Celsius' to 'dimensionless'
2025-06-11 17:26:21,749 [DEBUG] PID INTAKE_TEMP valor recibido: 30 degree_Celsius
2025-06-11 17:26:21,750 [ERROR] Error convirtiendo valor de PID INTAKE_TEMP: Cannot convert from 'degree_Celsius' to 'dimensionless'
2025-06-11 17:26:21,845 [DEBUG] PID SPEED valor recibido: 0.0 kilometer_per_hour
2025-06-11 17:26:21,846 [ERROR] Error convirtiendo valor de PID SPEED: Cannot convert from 'kilometer_per_hour' to 'dimensionless'
2025-06-11 17:26:21,915 [DEBUG] PID FUEL_LEVEL valor recibido: 88.62745098039215 percent
2025-06-11 17:26:21,916 [INFO] PID FUEL_LEVEL actualizado en stream multipid: 0.8862745098039215
2025-06-11 17:26:21,985 [DEBUG] PID FUEL_STATUS valor recibido: ('Closed loop, using oxygen sensor feedback to determine fuel mix', 'Closed loop, using oxygen sensor feedback to determine fuel mix')
2025-06-11 17:26:21,985 [ERROR] Error convirtiendo valor de PID FUEL_STATUS: float() argument must be a string or a number, not 'tuple'
2025-06-11 17:26:22,051 [DEBUG] PID INTAKE_PRESSURE valor recibido: 30 kilopascal
2025-06-11 17:26:22,052 [ERROR] Error convirtiendo valor de PID INTAKE_PRESSURE: Cannot convert from 'kilopascal' to 'dimensionless'
2025-06-11 17:26:22,121 [DEBUG] PID THROTTLE_POS valor recibido: 14.509803921568627 percent
2025-06-11 17:26:22,122 [INFO] PID THROTTLE_POS actualizado en stream multipid: 0.1450980392156863
2025-06-11 17:26:22,465 [DEBUG] PID RPM valor recibido: 737.0 revolutions_per_minute
2025-06-11 17:26:22,466 [ERROR] Error convirtiendo valor de PID RPM: Cannot convert from 'revolutions_per_minute' to 'dimensionless'
2025-06-11 17:26:22,543 [DEBUG] PID ENGINE_LOAD valor recibido: 23.529411764705884 percent
2025-06-11 17:26:22,544 [INFO] PID ENGINE_LOAD actualizado en stream multipid: 0.23529411764705885
2025-06-11 17:26:22,622 [DEBUG] PID COOLANT_TEMP valor recibido: 69 degree_Celsius
2025-06-11 17:26:22,623 [ERROR] Error convirtiendo valor de PID COOLANT_TEMP: Cannot convert from 'degree_Celsius' to 'dimensionless'
2025-06-11 17:26:22,689 [DEBUG] PID INTAKE_TEMP valor recibido: 30 degree_Celsius
2025-06-11 17:26:22,689 [ERROR] Error convirtiendo valor de PID INTAKE_TEMP: Cannot convert from 'degree_Celsius' to 'dimensionless'
2025-06-11 17:26:22,772 [DEBUG] PID SPEED valor recibido: 0.0 kilometer_per_hour
2025-06-11 17:26:22,773 [ERROR] Error convirtiendo valor de PID SPEED: Cannot convert from 'kilometer_per_hour' to 'dimensionless'
2025-06-11 17:26:22,843 [DEBUG] PID FUEL_LEVEL valor recibido: 88.62745098039215 percent
2025-06-11 17:26:22,844 [INFO] PID FUEL_LEVEL actualizado en stream multipid: 0.8862745098039215
2025-06-11 17:26:22,913 [DEBUG] PID FUEL_STATUS valor recibido: ('Closed loop, using oxygen sensor feedback to determine fuel mix', 'Closed loop, using oxygen sensor feedback to determine fuel mix')
2025-06-11 17:26:22,913 [ERROR] Error convirtiendo valor de PID FUEL_STATUS: float() argument must be a string or a number, not 'tuple'
2025-06-11 17:26:22,980 [DEBUG] PID INTAKE_PRESSURE valor recibido: 30 kilopascal
2025-06-11 17:26:22,981 [ERROR] Error convirtiendo valor de PID INTAKE_PRESSURE: Cannot convert from 'kilopascal' to 'dimensionless'
2025-06-11 17:26:23,048 [DEBUG] PID THROTTLE_POS valor recibido: 14.509803921568627 percent
2025-06-11 17:26:23,049 [INFO] PID THROTTLE_POS actualizado en stream multipid: 0.1450980392156863
2025-06-11 17:26:23,393 [DEBUG] PID RPM valor recibido: 724.0 revolutions_per_minute
2025-06-11 17:26:23,394 [ERROR] Error convirtiendo valor de PID RPM: Cannot convert from 'revolutions_per_minute' to 'dimensionless'
2025-06-11 17:26:23,484 [DEBUG] PID ENGINE_LOAD valor recibido: 23.137254901960784 percent
2025-06-11 17:26:23,485 [INFO] PID ENGINE_LOAD actualizado en stream multipid: 0.23137254901960785
2025-06-11 17:26:23,562 [DEBUG] PID COOLANT_TEMP valor recibido: 69 degree_Celsius
2025-06-11 17:26:23,563 [ERROR] Error convirtiendo valor de PID COOLANT_TEMP: Cannot convert from 'degree_Celsius' to 'dimensionless'
2025-06-11 17:26:23,628 [DEBUG] PID INTAKE_TEMP valor recibido: 31 degree_Celsius
2025-06-11 17:26:23,628 [ERROR] Error convirtiendo valor de PID INTAKE_TEMP: Cannot convert from 'degree_Celsius' to 'dimensionless'
2025-06-11 17:26:23,714 [DEBUG] PID SPEED valor recibido: 0.0 kilometer_per_hour
2025-06-11 17:26:23,715 [ERROR] Error convirtiendo valor de PID SPEED: Cannot convert from 'kilometer_per_hour' to 'dimensionless'
2025-06-11 17:26:23,782 [DEBUG] PID FUEL_LEVEL valor recibido: 88.62745098039215 percent
2025-06-11 17:26:23,783 [INFO] PID FUEL_LEVEL actualizado en stream multipid: 0.8862745098039215
2025-06-11 17:26:23,852 [DEBUG] PID FUEL_STATUS valor recibido: ('Closed loop, using oxygen sensor feedback to determine fuel mix', 'Closed loop, using oxygen sensor feedback to determine fuel mix')
2025-06-11 17:26:23,853 [ERROR] Error convirtiendo valor de PID FUEL_STATUS: float() argument must be a string or a number, not 'tuple'
2025-06-11 17:26:23,919 [DEBUG] PID INTAKE_PRESSURE valor recibido: 30 kilopascal
2025-06-11 17:26:23,920 [ERROR] Error convirtiendo valor de PID INTAKE_PRESSURE: Cannot convert from 'kilopascal' to 'dimensionless'
2025-06-11 17:26:23,989 [DEBUG] PID THROTTLE_POS valor recibido: 14.509803921568627 percent
2025-06-11 17:26:23,990 [INFO] PID THROTTLE_POS actualizado en stream multipid: 0.1450980392156863
2025-06-11 17:27:22,396 [INFO] Acción: iniciar stream multipid
2025-06-11 17:27:22,403 [INFO] PIDs seleccionados para stream multipid: ['RPM', 'ENGINE_LOAD', 'COOLANT_TEMP', 'INTAKE_TEMP', 'SPEED', 'FUEL_LEVEL', 'FUEL_STATUS', 'INTAKE_PRESSURE', 'THROTTLE_POS']
2025-06-11 17:27:28,102 [INFO] Stream multipid iniciado con PIDs: ['RPM', 'ENGINE_LOAD', 'COOLANT_TEMP', 'INTAKE_TEMP', 'SPEED', 'FUEL_LEVEL', 'FUEL_STATUS', 'INTAKE_PRESSURE', 'THROTTLE_POS']
2025-06-11 17:27:28,194 [DEBUG] PID RPM valor recibido: 709.0 revolutions_per_minute
2025-06-11 17:27:28,194 [ERROR] Error convirtiendo valor de PID RPM: Cannot convert from 'revolutions_per_minute' to 'dimensionless'
2025-06-11 17:27:28,317 [DEBUG] PID ENGINE_LOAD valor recibido: 22.745098039215687 percent
2025-06-11 17:27:28,318 [INFO] PID ENGINE_LOAD actualizado en stream multipid: 0.2274509803921569
2025-06-11 17:27:28,454 [DEBUG] PID COOLANT_TEMP valor recibido: 75 degree_Celsius
2025-06-11 17:27:28,454 [ERROR] Error convirtiendo valor de PID COOLANT_TEMP: Cannot convert from 'degree_Celsius' to 'dimensionless'
2025-06-11 17:27:28,556 [DEBUG] PID INTAKE_TEMP valor recibido: 31 degree_Celsius
2025-06-11 17:27:28,556 [ERROR] Error convirtiendo valor de PID INTAKE_TEMP: Cannot convert from 'degree_Celsius' to 'dimensionless'
2025-06-11 17:27:28,659 [DEBUG] PID SPEED valor recibido: 0.0 kilometer_per_hour
2025-06-11 17:27:28,660 [ERROR] Error convirtiendo valor de PID SPEED: Cannot convert from 'kilometer_per_hour' to 'dimensionless'
2025-06-11 17:27:28,749 [DEBUG] PID FUEL_LEVEL valor recibido: 88.62745098039215 percent
2025-06-11 17:27:28,749 [INFO] PID FUEL_LEVEL actualizado en stream multipid: 0.8862745098039215
2025-06-11 17:27:28,860 [DEBUG] PID FUEL_STATUS valor recibido: ('Closed loop, using oxygen sensor feedback to determine fuel mix', 'Closed loop, using oxygen sensor feedback to determine fuel mix')
2025-06-11 17:27:28,860 [ERROR] Error convirtiendo valor de PID FUEL_STATUS: float() argument must be a string or a number, not 'tuple'
2025-06-11 17:27:28,951 [DEBUG] PID INTAKE_PRESSURE valor recibido: 30 kilopascal
2025-06-11 17:27:28,951 [ERROR] Error convirtiendo valor de PID INTAKE_PRESSURE: Cannot convert from 'kilopascal' to 'dimensionless'
2025-06-11 17:27:29,042 [DEBUG] PID THROTTLE_POS valor recibido: 14.509803921568627 percent
2025-06-11 17:27:29,042 [INFO] PID THROTTLE_POS actualizado en stream multipid: 0.1450980392156863
2025-06-11 17:27:29,422 [DEBUG] PID RPM valor recibido: 720.0 revolutions_per_minute
2025-06-11 17:27:29,423 [ERROR] Error convirtiendo valor de PID RPM: Cannot convert from 'revolutions_per_minute' to 'dimensionless'
2025-06-11 17:27:29,551 [DEBUG] PID ENGINE_LOAD valor recibido: 22.745098039215687 percent
2025-06-11 17:27:29,552 [INFO] PID ENGINE_LOAD actualizado en stream multipid: 0.2274509803921569
2025-06-11 17:27:29,638 [DEBUG] PID COOLANT_TEMP valor recibido: 75 degree_Celsius
2025-06-11 17:27:29,640 [ERROR] Error convirtiendo valor de PID COOLANT_TEMP: Cannot convert from 'degree_Celsius' to 'dimensionless'
2025-06-11 17:27:29,717 [DEBUG] PID INTAKE_TEMP valor recibido: 32 degree_Celsius
2025-06-11 17:27:29,718 [ERROR] Error convirtiendo valor de PID INTAKE_TEMP: Cannot convert from 'degree_Celsius' to 'dimensionless'
2025-06-11 17:27:29,808 [DEBUG] PID SPEED valor recibido: 0.0 kilometer_per_hour
2025-06-11 17:27:29,809 [ERROR] Error convirtiendo valor de PID SPEED: Cannot convert from 'kilometer_per_hour' to 'dimensionless'
2025-06-11 17:27:29,886 [DEBUG] PID FUEL_LEVEL valor recibido: 88.62745098039215 percent
2025-06-11 17:27:29,888 [INFO] PID FUEL_LEVEL actualizado en stream multipid: 0.8862745098039215
2025-06-11 17:27:29,964 [DEBUG] PID FUEL_STATUS valor recibido: ('Closed loop, using oxygen sensor feedback to determine fuel mix', 'Closed loop, using oxygen sensor feedback to determine fuel mix')
2025-06-11 17:27:29,965 [ERROR] Error convirtiendo valor de PID FUEL_STATUS: float() argument must be a string or a number, not 'tuple'
2025-06-11 17:27:30,056 [DEBUG] PID INTAKE_PRESSURE valor recibido: 30 kilopascal
2025-06-11 17:27:30,058 [ERROR] Error convirtiendo valor de PID INTAKE_PRESSURE: Cannot convert from 'kilopascal' to 'dimensionless'
2025-06-11 17:27:30,135 [DEBUG] PID THROTTLE_POS valor recibido: 14.509803921568627 percent
2025-06-11 17:27:30,136 [INFO] PID THROTTLE_POS actualizado en stream multipid: 0.1450980392156863
2025-06-11 17:27:30,520 [DEBUG] PID RPM valor recibido: 690.0 revolutions_per_minute
2025-06-11 17:27:30,522 [ERROR] Error convirtiendo valor de PID RPM: Cannot convert from 'revolutions_per_minute' to 'dimensionless'
2025-06-11 17:27:30,631 [DEBUG] PID ENGINE_LOAD valor recibido: 22.352941176470587 percent
2025-06-11 17:27:30,632 [INFO] PID ENGINE_LOAD actualizado en stream multipid: 0.22352941176470587
2025-06-11 17:27:30,718 [DEBUG] PID COOLANT_TEMP valor recibido: 75 degree_Celsius
2025-06-11 17:27:30,718 [ERROR] Error convirtiendo valor de PID COOLANT_TEMP: Cannot convert from 'degree_Celsius' to 'dimensionless'
2025-06-11 17:27:30,792 [DEBUG] PID INTAKE_TEMP valor recibido: 32 degree_Celsius
2025-06-11 17:27:30,793 [ERROR] Error convirtiendo valor de PID INTAKE_TEMP: Cannot convert from 'degree_Celsius' to 'dimensionless'
2025-06-11 17:27:30,902 [DEBUG] PID SPEED valor recibido: 0.0 kilometer_per_hour
2025-06-11 17:27:30,903 [ERROR] Error convirtiendo valor de PID SPEED: Cannot convert from 'kilometer_per_hour' to 'dimensionless'
2025-06-11 17:27:30,978 [DEBUG] PID FUEL_LEVEL valor recibido: 88.62745098039215 percent
2025-06-11 17:27:30,979 [INFO] PID FUEL_LEVEL actualizado en stream multipid: 0.8862745098039215
2025-06-11 17:27:31,054 [DEBUG] PID FUEL_STATUS valor recibido: ('Closed loop, using oxygen sensor feedback to determine fuel mix', 'Closed loop, using oxygen sensor feedback to determine fuel mix')
2025-06-11 17:27:31,054 [ERROR] Error convirtiendo valor de PID FUEL_STATUS: float() argument must be a string or a number, not 'tuple'
2025-06-11 17:27:31,142 [DEBUG] PID INTAKE_PRESSURE valor recibido: 30 kilopascal
2025-06-11 17:27:31,142 [ERROR] Error convirtiendo valor de PID INTAKE_PRESSURE: Cannot convert from 'kilopascal' to 'dimensionless'
2025-06-11 17:27:31,218 [DEBUG] PID THROTTLE_POS valor recibido: 14.509803921568627 percent
2025-06-11 17:27:31,218 [INFO] PID THROTTLE_POS actualizado en stream multipid: 0.1450980392156863
2025-06-11 17:27:31,576 [DEBUG] PID RPM valor recibido: 717.0 revolutions_per_minute
2025-06-11 17:27:31,577 [ERROR] Error convirtiendo valor de PID RPM: Cannot convert from 'revolutions_per_minute' to 'dimensionless'
2025-06-11 17:27:31,671 [DEBUG] PID ENGINE_LOAD valor recibido: 22.352941176470587 percent
2025-06-11 17:27:31,672 [INFO] PID ENGINE_LOAD actualizado en stream multipid: 0.22352941176470587
2025-06-11 17:27:31,770 [DEBUG] PID COOLANT_TEMP valor recibido: 75 degree_Celsius
2025-06-11 17:27:31,770 [ERROR] Error convirtiendo valor de PID COOLANT_TEMP: Cannot convert from 'degree_Celsius' to 'dimensionless'
2025-06-11 17:27:31,848 [DEBUG] PID INTAKE_TEMP valor recibido: 32 degree_Celsius
2025-06-11 17:27:31,849 [ERROR] Error convirtiendo valor de PID INTAKE_TEMP: Cannot convert from 'degree_Celsius' to 'dimensionless'
2025-06-11 17:27:31,950 [DEBUG] PID SPEED valor recibido: 0.0 kilometer_per_hour
2025-06-11 17:27:31,951 [ERROR] Error convirtiendo valor de PID SPEED: Cannot convert from 'kilometer_per_hour' to 'dimensionless'
2025-06-11 17:27:32,030 [DEBUG] PID FUEL_LEVEL valor recibido: 88.62745098039215 percent
2025-06-11 17:27:32,031 [INFO] PID FUEL_LEVEL actualizado en stream multipid: 0.8862745098039215
2025-06-11 17:27:32,104 [DEBUG] PID FUEL_STATUS valor recibido: ('Closed loop, using oxygen sensor feedback to determine fuel mix', 'Closed loop, using oxygen sensor feedback to determine fuel mix')
2025-06-11 17:27:32,104 [ERROR] Error convirtiendo valor de PID FUEL_STATUS: float() argument must be a string or a number, not 'tuple'
2025-06-11 17:27:32,184 [DEBUG] PID INTAKE_PRESSURE valor recibido: 30 kilopascal
2025-06-11 17:27:32,185 [ERROR] Error convirtiendo valor de PID INTAKE_PRESSURE: Cannot convert from 'kilopascal' to 'dimensionless'
2025-06-11 17:27:32,259 [DEBUG] PID THROTTLE_POS valor recibido: 14.509803921568627 percent
2025-06-11 17:27:32,260 [INFO] PID THROTTLE_POS actualizado en stream multipid: 0.1450980392156863
2025-06-11 17:27:32,610 [DEBUG] PID RPM valor recibido: 711.0 revolutions_per_minute
2025-06-11 17:27:32,611 [ERROR] Error convirtiendo valor de PID RPM: Cannot convert from 'revolutions_per_minute' to 'dimensionless'
2025-06-11 17:27:32,699 [DEBUG] PID ENGINE_LOAD valor recibido: 23.529411764705884 percent
2025-06-11 17:27:32,700 [INFO] PID ENGINE_LOAD actualizado en stream multipid: 0.23529411764705885
2025-06-11 17:27:32,788 [DEBUG] PID COOLANT_TEMP valor recibido: 75 degree_Celsius
2025-06-11 17:27:32,788 [ERROR] Error convirtiendo valor de PID COOLANT_TEMP: Cannot convert from 'degree_Celsius' to 'dimensionless'
2025-06-11 17:27:32,866 [DEBUG] PID INTAKE_TEMP valor recibido: 32 degree_Celsius
2025-06-11 17:27:32,867 [ERROR] Error convirtiendo valor de PID INTAKE_TEMP: Cannot convert from 'degree_Celsius' to 'dimensionless'
2025-06-11 17:27:32,958 [DEBUG] PID SPEED valor recibido: 0.0 kilometer_per_hour
2025-06-11 17:27:32,959 [ERROR] Error convirtiendo valor de PID SPEED: Cannot convert from 'kilometer_per_hour' to 'dimensionless'
2025-06-11 17:27:33,037 [DEBUG] PID FUEL_LEVEL valor recibido: 88.62745098039215 percent
2025-06-11 17:27:33,038 [INFO] PID FUEL_LEVEL actualizado en stream multipid: 0.8862745098039215
2025-06-11 17:27:33,116 [DEBUG] PID FUEL_STATUS valor recibido: ('Closed loop, using oxygen sensor feedback to determine fuel mix', 'Closed loop, using oxygen sensor feedback to determine fuel mix')
2025-06-11 17:27:33,116 [ERROR] Error convirtiendo valor de PID FUEL_STATUS: float() argument must be a string or a number, not 'tuple'
2025-06-11 17:27:33,194 [DEBUG] PID INTAKE_PRESSURE valor recibido: 30 kilopascal
2025-06-11 17:27:33,195 [ERROR] Error convirtiendo valor de PID INTAKE_PRESSURE: Cannot convert from 'kilopascal' to 'dimensionless'
2025-06-11 17:27:33,272 [DEBUG] PID THROTTLE_POS valor recibido: 14.509803921568627 percent
2025-06-11 17:27:33,273 [INFO] PID THROTTLE_POS actualizado en stream multipid: 0.1450980392156863
2025-06-11 17:27:33,629 [DEBUG] PID RPM valor recibido: 725.0 revolutions_per_minute
2025-06-11 17:27:33,629 [ERROR] Error convirtiendo valor de PID RPM: Cannot convert from 'revolutions_per_minute' to 'dimensionless'
2025-06-11 17:27:33,721 [DEBUG] PID ENGINE_LOAD valor recibido: 23.137254901960784 percent
2025-06-11 17:27:33,722 [INFO] PID ENGINE_LOAD actualizado en stream multipid: 0.23137254901960785
2025-06-11 17:27:33,810 [DEBUG] PID COOLANT_TEMP valor recibido: 75 degree_Celsius
2025-06-11 17:27:33,810 [ERROR] Error convirtiendo valor de PID COOLANT_TEMP: Cannot convert from 'degree_Celsius' to 'dimensionless'
2025-06-11 17:27:33,886 [DEBUG] PID INTAKE_TEMP valor recibido: 32 degree_Celsius
2025-06-11 17:27:33,887 [ERROR] Error convirtiendo valor de PID INTAKE_TEMP: Cannot convert from 'degree_Celsius' to 'dimensionless'
2025-06-11 17:27:33,980 [DEBUG] PID SPEED valor recibido: 0.0 kilometer_per_hour
2025-06-11 17:27:33,981 [ERROR] Error convirtiendo valor de PID SPEED: Cannot convert from 'kilometer_per_hour' to 'dimensionless'
2025-06-11 17:27:34,054 [DEBUG] PID FUEL_LEVEL valor recibido: 88.62745098039215 percent
2025-06-11 17:27:34,055 [INFO] PID FUEL_LEVEL actualizado en stream multipid: 0.8862745098039215
2025-06-11 17:27:34,130 [DEBUG] PID FUEL_STATUS valor recibido: ('Closed loop, using oxygen sensor feedback to determine fuel mix', 'Closed loop, using oxygen sensor feedback to determine fuel mix')
2025-06-11 17:27:34,130 [ERROR] Error convirtiendo valor de PID FUEL_STATUS: float() argument must be a string or a number, not 'tuple'
2025-06-11 17:27:34,209 [DEBUG] PID INTAKE_PRESSURE valor recibido: 30 kilopascal
2025-06-11 17:27:34,209 [ERROR] Error convirtiendo valor de PID INTAKE_PRESSURE: Cannot convert from 'kilopascal' to 'dimensionless'
2025-06-11 17:27:34,283 [DEBUG] PID THROTTLE_POS valor recibido: 14.509803921568627 percent
2025-06-11 17:27:34,284 [INFO] PID THROTTLE_POS actualizado en stream multipid: 0.1450980392156863
2025-06-11 17:27:34,630 [DEBUG] PID RPM valor recibido: 725.0 revolutions_per_minute
2025-06-11 17:27:34,631 [ERROR] Error convirtiendo valor de PID RPM: Cannot convert from 'revolutions_per_minute' to 'dimensionless'
2025-06-11 17:27:34,723 [DEBUG] PID ENGINE_LOAD valor recibido: 22.745098039215687 percent
2025-06-11 17:27:34,724 [INFO] PID ENGINE_LOAD actualizado en stream multipid: 0.2274509803921569
2025-06-11 17:27:34,808 [DEBUG] PID COOLANT_TEMP valor recibido: 75 degree_Celsius
2025-06-11 17:27:34,808 [ERROR] Error convirtiendo valor de PID COOLANT_TEMP: Cannot convert from 'degree_Celsius' to 'dimensionless'
2025-06-11 17:27:34,882 [DEBUG] PID INTAKE_TEMP valor recibido: 32 degree_Celsius
2025-06-11 17:27:34,883 [ERROR] Error convirtiendo valor de PID INTAKE_TEMP: Cannot convert from 'degree_Celsius' to 'dimensionless'
2025-06-11 17:27:34,970 [DEBUG] PID SPEED valor recibido: 0.0 kilometer_per_hour
2025-06-11 17:27:34,971 [ERROR] Error convirtiendo valor de PID SPEED: Cannot convert from 'kilometer_per_hour' to 'dimensionless'
2025-06-11 17:27:35,048 [DEBUG] PID FUEL_LEVEL valor recibido: 88.62745098039215 percent
2025-06-11 17:27:35,049 [INFO] PID FUEL_LEVEL actualizado en stream multipid: 0.8862745098039215
2025-06-11 17:27:35,123 [DEBUG] PID FUEL_STATUS valor recibido: ('Closed loop, using oxygen sensor feedback to determine fuel mix', 'Closed loop, using oxygen sensor feedback to determine fuel mix')
2025-06-11 17:27:35,124 [ERROR] Error convirtiendo valor de PID FUEL_STATUS: float() argument must be a string or a number, not 'tuple'
2025-06-11 17:27:35,203 [DEBUG] PID INTAKE_PRESSURE valor recibido: 30 kilopascal
2025-06-11 17:27:35,204 [ERROR] Error convirtiendo valor de PID INTAKE_PRESSURE: Cannot convert from 'kilopascal' to 'dimensionless'
2025-06-11 17:27:35,280 [DEBUG] PID THROTTLE_POS valor recibido: 14.509803921568627 percent
2025-06-11 17:27:35,281 [INFO] PID THROTTLE_POS actualizado en stream multipid: 0.1450980392156863
2025-06-11 17:27:35,640 [DEBUG] PID RPM valor recibido: 732.0 revolutions_per_minute
2025-06-11 17:27:35,640 [ERROR] Error convirtiendo valor de PID RPM: Cannot convert from 'revolutions_per_minute' to 'dimensionless'
2025-06-11 17:27:35,729 [DEBUG] PID ENGINE_LOAD valor recibido: 23.137254901960784 percent
2025-06-11 17:27:35,730 [INFO] PID ENGINE_LOAD actualizado en stream multipid: 0.23137254901960785
2025-06-11 17:27:35,818 [DEBUG] PID COOLANT_TEMP valor recibido: 75 degree_Celsius
2025-06-11 17:27:35,819 [ERROR] Error convirtiendo valor de PID COOLANT_TEMP: Cannot convert from 'degree_Celsius' to 'dimensionless'
2025-06-11 17:27:35,894 [DEBUG] PID INTAKE_TEMP valor recibido: 32 degree_Celsius
2025-06-11 17:27:35,895 [ERROR] Error convirtiendo valor de PID INTAKE_TEMP: Cannot convert from 'degree_Celsius' to 'dimensionless'
2025-06-11 17:27:35,998 [DEBUG] PID SPEED valor recibido: 0.0 kilometer_per_hour
2025-06-11 17:27:35,999 [ERROR] Error convirtiendo valor de PID SPEED: Cannot convert from 'kilometer_per_hour' to 'dimensionless'
2025-06-11 17:27:36,077 [DEBUG] PID FUEL_LEVEL valor recibido: 88.62745098039215 percent
2025-06-11 17:27:36,077 [INFO] PID FUEL_LEVEL actualizado en stream multipid: 0.8862745098039215
2025-06-11 17:27:36,154 [DEBUG] PID FUEL_STATUS valor recibido: ('Closed loop, using oxygen sensor feedback to determine fuel mix', 'Closed loop, using oxygen sensor feedback to determine fuel mix')
2025-06-11 17:27:36,154 [ERROR] Error convirtiendo valor de PID FUEL_STATUS: float() argument must be a string or a number, not 'tuple'
2025-06-11 17:27:36,229 [DEBUG] PID INTAKE_PRESSURE valor recibido: 30 kilopascal
2025-06-11 17:27:36,230 [ERROR] Error convirtiendo valor de PID INTAKE_PRESSURE: Cannot convert from 'kilopascal' to 'dimensionless'
2025-06-11 17:27:36,303 [DEBUG] PID THROTTLE_POS valor recibido: 14.509803921568627 percent
2025-06-11 17:27:36,304 [INFO] PID THROTTLE_POS actualizado en stream multipid: 0.1450980392156863
2025-06-11 17:27:36,650 [DEBUG] PID RPM valor recibido: 714.0 revolutions_per_minute
2025-06-11 17:27:36,651 [ERROR] Error convirtiendo valor de PID RPM: Cannot convert from 'revolutions_per_minute' to 'dimensionless'
2025-06-11 17:27:36,739 [DEBUG] PID ENGINE_LOAD valor recibido: 22.745098039215687 percent
2025-06-11 17:27:36,740 [INFO] PID ENGINE_LOAD actualizado en stream multipid: 0.2274509803921569
2025-06-11 17:27:36,828 [DEBUG] PID COOLANT_TEMP valor recibido: 75 degree_Celsius
2025-06-11 17:27:36,828 [ERROR] Error convirtiendo valor de PID COOLANT_TEMP: Cannot convert from 'degree_Celsius' to 'dimensionless'
2025-06-11 17:27:36,904 [DEBUG] PID INTAKE_TEMP valor recibido: 32 degree_Celsius
2025-06-11 17:27:36,905 [ERROR] Error convirtiendo valor de PID INTAKE_TEMP: Cannot convert from 'degree_Celsius' to 'dimensionless'
2025-06-11 17:27:36,998 [DEBUG] PID SPEED valor recibido: 0.0 kilometer_per_hour
2025-06-11 17:27:36,999 [ERROR] Error convirtiendo valor de PID SPEED: Cannot convert from 'kilometer_per_hour' to 'dimensionless'
2025-06-11 17:27:37,074 [DEBUG] PID FUEL_LEVEL valor recibido: 88.62745098039215 percent
2025-06-11 17:27:37,074 [INFO] PID FUEL_LEVEL actualizado en stream multipid: 0.8862745098039215
2025-06-11 17:27:37,152 [DEBUG] PID FUEL_STATUS valor recibido: ('Closed loop, using oxygen sensor feedback to determine fuel mix', 'Closed loop, using oxygen sensor feedback to determine fuel mix')
2025-06-11 17:27:37,153 [ERROR] Error convirtiendo valor de PID FUEL_STATUS: float() argument must be a string or a number, not 'tuple'
2025-06-11 17:27:37,226 [DEBUG] PID INTAKE_PRESSURE valor recibido: 30 kilopascal
2025-06-11 17:27:37,228 [ERROR] Error convirtiendo valor de PID INTAKE_PRESSURE: Cannot convert from 'kilopascal' to 'dimensionless'
2025-06-11 17:27:37,301 [DEBUG] PID THROTTLE_POS valor recibido: 14.509803921568627 percent
2025-06-11 17:27:37,301 [INFO] PID THROTTLE_POS actualizado en stream multipid: 0.1450980392156863
2025-06-11 17:27:37,656 [DEBUG] PID RPM valor recibido: 718.0 revolutions_per_minute
2025-06-11 17:27:37,657 [ERROR] Error convirtiendo valor de PID RPM: Cannot convert from 'revolutions_per_minute' to 'dimensionless'
2025-06-11 17:27:37,748 [DEBUG] PID ENGINE_LOAD valor recibido: 22.352941176470587 percent
2025-06-11 17:27:37,749 [INFO] PID ENGINE_LOAD actualizado en stream multipid: 0.22352941176470587
2025-06-11 17:27:37,838 [DEBUG] PID COOLANT_TEMP valor recibido: 75 degree_Celsius
2025-06-11 17:27:37,838 [ERROR] Error convirtiendo valor de PID COOLANT_TEMP: Cannot convert from 'degree_Celsius' to 'dimensionless'
2025-06-11 17:27:37,914 [DEBUG] PID INTAKE_TEMP valor recibido: 32 degree_Celsius
2025-06-11 17:27:37,915 [ERROR] Error convirtiendo valor de PID INTAKE_TEMP: Cannot convert from 'degree_Celsius' to 'dimensionless'
2025-06-11 17:27:38,008 [DEBUG] PID SPEED valor recibido: 0.0 kilometer_per_hour
2025-06-11 17:27:38,009 [ERROR] Error convirtiendo valor de PID SPEED: Cannot convert from 'kilometer_per_hour' to 'dimensionless'
2025-06-11 17:27:38,084 [DEBUG] PID FUEL_LEVEL valor recibido: 88.62745098039215 percent
2025-06-11 17:27:38,085 [INFO] PID FUEL_LEVEL actualizado en stream multipid: 0.8862745098039215
2025-06-11 17:27:38,162 [DEBUG] PID FUEL_STATUS valor recibido: ('Closed loop, using oxygen sensor feedback to determine fuel mix', 'Closed loop, using oxygen sensor feedback to determine fuel mix')
2025-06-11 17:27:38,162 [ERROR] Error convirtiendo valor de PID FUEL_STATUS: float() argument must be a string or a number, not 'tuple'
2025-06-11 17:27:38,241 [DEBUG] PID INTAKE_PRESSURE valor recibido: 30 kilopascal
2025-06-11 17:27:38,244 [ERROR] Error convirtiendo valor de PID INTAKE_PRESSURE: Cannot convert from 'kilopascal' to 'dimensionless'
2025-06-11 17:27:38,320 [DEBUG] PID THROTTLE_POS valor recibido: 14.509803921568627 percent
2025-06-11 17:27:38,321 [INFO] PID THROTTLE_POS actualizado en stream multipid: 0.1450980392156863
2025-06-11 17:27:38,672 [DEBUG] PID RPM valor recibido: 718.0 revolutions_per_minute
2025-06-11 17:27:38,674 [ERROR] Error convirtiendo valor de PID RPM: Cannot convert from 'revolutions_per_minute' to 'dimensionless'
2025-06-11 17:27:38,760 [DEBUG] PID ENGINE_LOAD valor recibido: 23.529411764705884 percent
2025-06-11 17:27:38,761 [INFO] PID ENGINE_LOAD actualizado en stream multipid: 0.23529411764705885
2025-06-11 17:27:38,850 [DEBUG] PID COOLANT_TEMP valor recibido: 75 degree_Celsius
2025-06-11 17:27:38,850 [ERROR] Error convirtiendo valor de PID COOLANT_TEMP: Cannot convert from 'degree_Celsius' to 'dimensionless'
2025-06-11 17:27:38,924 [DEBUG] PID INTAKE_TEMP valor recibido: 32 degree_Celsius
2025-06-11 17:27:38,925 [ERROR] Error convirtiendo valor de PID INTAKE_TEMP: Cannot convert from 'degree_Celsius' to 'dimensionless'
2025-06-11 17:27:39,018 [DEBUG] PID SPEED valor recibido: 0.0 kilometer_per_hour
2025-06-11 17:27:39,019 [ERROR] Error convirtiendo valor de PID SPEED: Cannot convert from 'kilometer_per_hour' to 'dimensionless'
2025-06-11 17:27:39,094 [DEBUG] PID FUEL_LEVEL valor recibido: 88.62745098039215 percent
2025-06-11 17:27:39,095 [INFO] PID FUEL_LEVEL actualizado en stream multipid: 0.8862745098039215
2025-06-11 17:27:39,172 [DEBUG] PID FUEL_STATUS valor recibido: ('Closed loop, using oxygen sensor feedback to determine fuel mix', 'Closed loop, using oxygen sensor feedback to determine fuel mix')
2025-06-11 17:27:39,172 [ERROR] Error convirtiendo valor de PID FUEL_STATUS: float() argument must be a string or a number, not 'tuple'
2025-06-11 17:27:39,250 [DEBUG] PID INTAKE_PRESSURE valor recibido: 30 kilopascal
2025-06-11 17:27:39,250 [ERROR] Error convirtiendo valor de PID INTAKE_PRESSURE: Cannot convert from 'kilopascal' to 'dimensionless'
2025-06-11 17:27:39,327 [DEBUG] PID THROTTLE_POS valor recibido: 14.509803921568627 percent
2025-06-11 17:27:39,328 [INFO] PID THROTTLE_POS actualizado en stream multipid: 0.1450980392156863
2025-06-11 17:27:39,679 [DEBUG] PID RPM valor recibido: 708.0 revolutions_per_minute
2025-06-11 17:27:39,680 [ERROR] Error convirtiendo valor de PID RPM: Cannot convert from 'revolutions_per_minute' to 'dimensionless'
2025-06-11 17:27:39,769 [DEBUG] PID ENGINE_LOAD valor recibido: 23.137254901960784 percent
2025-06-11 17:27:39,770 [INFO] PID ENGINE_LOAD actualizado en stream multipid: 0.23137254901960785
2025-06-11 17:27:39,860 [DEBUG] PID COOLANT_TEMP valor recibido: 75 degree_Celsius
2025-06-11 17:27:39,860 [ERROR] Error convirtiendo valor de PID COOLANT_TEMP: Cannot convert from 'degree_Celsius' to 'dimensionless'
2025-06-11 17:27:39,934 [DEBUG] PID INTAKE_TEMP valor recibido: 32 degree_Celsius
2025-06-11 17:27:39,935 [ERROR] Error convirtiendo valor de PID INTAKE_TEMP: Cannot convert from 'degree_Celsius' to 'dimensionless'
2025-06-11 17:27:40,030 [DEBUG] PID SPEED valor recibido: 0.0 kilometer_per_hour
2025-06-11 17:27:40,031 [ERROR] Error convirtiendo valor de PID SPEED: Cannot convert from 'kilometer_per_hour' to 'dimensionless'
2025-06-11 17:27:40,108 [DEBUG] PID FUEL_LEVEL valor recibido: 88.62745098039215 percent
2025-06-11 17:27:40,108 [INFO] PID FUEL_LEVEL actualizado en stream multipid: 0.8862745098039215
2025-06-11 17:27:40,182 [DEBUG] PID FUEL_STATUS valor recibido: ('Closed loop, using oxygen sensor feedback to determine fuel mix', 'Closed loop, using oxygen sensor feedback to determine fuel mix')
2025-06-11 17:27:40,182 [ERROR] Error convirtiendo valor de PID FUEL_STATUS: float() argument must be a string or a number, not 'tuple'
2025-06-11 17:27:40,257 [DEBUG] PID INTAKE_PRESSURE valor recibido: 30 kilopascal
2025-06-11 17:27:40,259 [ERROR] Error convirtiendo valor de PID INTAKE_PRESSURE: Cannot convert from 'kilopascal' to 'dimensionless'
2025-06-11 17:27:40,331 [DEBUG] PID THROTTLE_POS valor recibido: 14.509803921568627 percent
2025-06-11 17:27:40,331 [INFO] PID THROTTLE_POS actualizado en stream multipid: 0.1450980392156863
2025-06-11 17:27:40,667 [DEBUG] PID RPM valor recibido: 703.0 revolutions_per_minute
2025-06-11 17:27:40,668 [ERROR] Error convirtiendo valor de PID RPM: Cannot convert from 'revolutions_per_minute' to 'dimensionless'
2025-06-11 17:27:40,758 [DEBUG] PID ENGINE_LOAD valor recibido: 22.745098039215687 percent
2025-06-11 17:27:40,759 [INFO] PID ENGINE_LOAD actualizado en stream multipid: 0.2274509803921569
2025-06-11 17:27:40,848 [DEBUG] PID COOLANT_TEMP valor recibido: 75 degree_Celsius
2025-06-11 17:27:40,848 [ERROR] Error convirtiendo valor de PID COOLANT_TEMP: Cannot convert from 'degree_Celsius' to 'dimensionless'
2025-06-11 17:27:40,924 [DEBUG] PID INTAKE_TEMP valor recibido: 32 degree_Celsius
2025-06-11 17:27:40,924 [ERROR] Error convirtiendo valor de PID INTAKE_TEMP: Cannot convert from 'degree_Celsius' to 'dimensionless'
2025-06-11 17:27:41,011 [DEBUG] PID SPEED valor recibido: 0.0 kilometer_per_hour
2025-06-11 17:27:41,011 [ERROR] Error convirtiendo valor de PID SPEED: Cannot convert from 'kilometer_per_hour' to 'dimensionless'
2025-06-11 17:27:41,089 [DEBUG] PID FUEL_LEVEL valor recibido: 88.62745098039215 percent
2025-06-11 17:27:41,090 [INFO] PID FUEL_LEVEL actualizado en stream multipid: 0.8862745098039215
2025-06-11 17:27:41,164 [DEBUG] PID FUEL_STATUS valor recibido: ('Closed loop, using oxygen sensor feedback to determine fuel mix', 'Closed loop, using oxygen sensor feedback to determine fuel mix')
2025-06-11 17:27:41,164 [ERROR] Error convirtiendo valor de PID FUEL_STATUS: float() argument must be a string or a number, not 'tuple'
2025-06-11 17:27:41,242 [DEBUG] PID INTAKE_PRESSURE valor recibido: 30 kilopascal
2025-06-11 17:27:41,243 [ERROR] Error convirtiendo valor de PID INTAKE_PRESSURE: Cannot convert from 'kilopascal' to 'dimensionless'
2025-06-11 17:27:41,317 [DEBUG] PID THROTTLE_POS valor recibido: 14.509803921568627 percent
2025-06-11 17:27:41,318 [INFO] PID THROTTLE_POS actualizado en stream multipid: 0.1450980392156863
2025-06-11 17:27:50,062 [INFO] Cerrando aplicación OBD2 Scanner...
