2025-06-14 19:11:24,452 [INFO] Iniciando aplicación OBD2 Scanner...
2025-06-14 19:11:24,760 [DEBUG] Using selector: _Selector
2025-06-14 19:11:25,117 [INFO] Ventana principal mostrada. Esperando eventos Qt+asyncio...
2025-06-14 19:15:08,183 [CRITICAL] Excepción no capturada:
Traceback (most recent call last):
  File "/Users/ignacioeltit/git/proyecto01junio/ob2_nuevo7junio/scanner-obd2/src/ui/data_visualizer.py", line 465, in decodificar_vin
    decoder = VinDecoder()
  File "/Users/ignacioeltit/git/proyecto01junio/ob2_nuevo7junio/scanner-obd2/src/vin_decoder.py", line 12, in __init__
    with open(os.path.join(base, 'wmi_codes.json'), encoding='utf-8') as f:
FileNotFoundError: [Errno 2] No such file or directory: '/Users/ignacioeltit/git/proyecto01junio/ob2_nuevo7junio/scanner-obd2/src/vin_data/wmi_codes.json'
2025-06-14 19:15:10,325 [CRITICAL] Excepción no capturada:
Traceback (most recent call last):
  File "/Users/ignacioeltit/git/proyecto01junio/ob2_nuevo7junio/scanner-obd2/src/ui/data_visualizer.py", line 465, in decodificar_vin
    decoder = VinDecoder()
  File "/Users/ignacioeltit/git/proyecto01junio/ob2_nuevo7junio/scanner-obd2/src/vin_decoder.py", line 12, in __init__
    with open(os.path.join(base, 'wmi_codes.json'), encoding='utf-8') as f:
FileNotFoundError: [Errno 2] No such file or directory: '/Users/ignacioeltit/git/proyecto01junio/ob2_nuevo7junio/scanner-obd2/src/vin_data/wmi_codes.json'
2025-06-14 19:15:11,451 [CRITICAL] Excepción no capturada:
Traceback (most recent call last):
  File "/Users/ignacioeltit/git/proyecto01junio/ob2_nuevo7junio/scanner-obd2/src/ui/data_visualizer.py", line 465, in decodificar_vin
    decoder = VinDecoder()
  File "/Users/ignacioeltit/git/proyecto01junio/ob2_nuevo7junio/scanner-obd2/src/vin_decoder.py", line 12, in __init__
    with open(os.path.join(base, 'wmi_codes.json'), encoding='utf-8') as f:
FileNotFoundError: [Errno 2] No such file or directory: '/Users/ignacioeltit/git/proyecto01junio/ob2_nuevo7junio/scanner-obd2/src/vin_data/wmi_codes.json'
2025-06-14 19:15:21,612 [INFO] Cerrando aplicación OBD2 Scanner...
2025-06-14 19:15:21,625 [DEBUG] Closing
